[0.013s] Invoking command in '/home/wbforney/proj4_ws/build/dynamixel_sdk_examples': AMENT_PREFIX_PATH=/home/wbforney/proj4_ws/install/dynamixel_sdk_custom_interfaces:/home/wbforney/proj4_ws/install/dynamixel_sdk:${AMENT_PREFIX_PATH} CMAKE_PREFIX_PATH=/home/wbforney/proj4_ws/install/dynamixel_sdk_custom_interfaces:/home/wbforney/proj4_ws/install/dynamixel_sdk:/opt/ros/jazzy/opt/gz_sim_vendor:/opt/ros/jazzy/opt/gz_sensors_vendor:/opt/ros/jazzy/opt/gz_physics_vendor:/opt/ros/jazzy/opt/gz_gui_vendor:/opt/ros/jazzy/opt/gz_transport_vendor:/opt/ros/jazzy/opt/gz_rendering_vendor:/opt/ros/jazzy/opt/gz_plugin_vendor:/opt/ros/jazzy/opt/gz_fuel_tools_vendor:/opt/ros/jazzy/opt/gz_msgs_vendor:/opt/ros/jazzy/opt/gz_common_vendor:/opt/ros/jazzy/opt/gz_ogre_next_vendor:/opt/ros/jazzy/opt/gz_dartsim_vendor:/opt/ros/jazzy/opt/sdformat_vendor:/opt/ros/jazzy/opt/gz_math_vendor:/opt/ros/jazzy/opt/gz_utils_vendor:/opt/ros/jazzy/opt/gz_tools_vendor:/opt/ros/jazzy/opt/gz_cmake_vendor:/home/wbforney/proj4_ws/install/kalmanFilters:/opt/ros/jazzy DEBUGINFOD_URLS=https://debuginfod.ubuntu.com LD_LIBRARY_PATH=/home/wbforney/proj4_ws/install/dynamixel_sdk_custom_interfaces/lib:/home/wbforney/proj4_ws/install/dynamixel_sdk/lib:${LD_LIBRARY_PATH} PYTHONPATH=/home/wbforney/proj4_ws/install/dynamixel_sdk_custom_interfaces/lib/python3.12/site-packages:/home/wbforney/proj4_ws/install/dynamixel_sdk/lib/python3.12/site-packages:${PYTHONPATH} /usr/bin/cmake /home/wbforney/proj4_ws/src/DynamixelSDK/ros/dynamixel_sdk_examples -DCMAKE_INSTALL_PREFIX=/home/wbforney/proj4_ws/install/dynamixel_sdk_examples
[0.060s] -- The C compiler identification is GNU 13.3.0
[0.105s] -- The CXX compiler identification is GNU 13.3.0
[0.123s] -- Detecting C compiler ABI info
[0.206s] -- Detecting C compiler ABI info - done
[0.214s] -- Check for working C compiler: /usr/bin/cc - skipped
[0.214s] -- Detecting C compile features
[0.215s] -- Detecting C compile features - done
[0.223s] -- Detecting CXX compiler ABI info
[0.313s] -- Detecting CXX compiler ABI info - done
[0.319s] -- Check for working CXX compiler: /usr/bin/c++ - skipped
[0.319s] -- Detecting CXX compile features
[0.319s] -- Detecting CXX compile features - done
[0.323s] -- Found ament_cmake: 2.5.5 (/opt/ros/jazzy/share/ament_cmake/cmake)
[0.459s] -- Found Python3: /usr/bin/python3 (found version "3.12.3") found components: Interpreter 
[0.567s] -- Found dynamixel_sdk: 4.0.3 (/home/wbforney/proj4_ws/install/dynamixel_sdk/share/dynamixel_sdk/cmake)
[0.568s] -- Found dynamixel_sdk_custom_interfaces: 4.0.3 (/home/wbforney/proj4_ws/install/dynamixel_sdk_custom_interfaces/share/dynamixel_sdk_custom_interfaces/cmake)
[0.618s] -- Found rosidl_generator_c: 4.6.7 (/opt/ros/jazzy/share/rosidl_generator_c/cmake)
[0.634s] -- Found rosidl_generator_cpp: 4.6.7 (/opt/ros/jazzy/share/rosidl_generator_cpp/cmake)
[0.652s] -- Using all available rosidl_typesupport_c: rosidl_typesupport_fastrtps_c;rosidl_typesupport_introspection_c
[0.672s] -- Using all available rosidl_typesupport_cpp: rosidl_typesupport_fastrtps_cpp;rosidl_typesupport_introspection_cpp
[0.722s] -- Found rclcpp: 28.1.16 (/opt/ros/jazzy/share/rclcpp/cmake)
[0.772s] -- Found rmw_implementation_cmake: 7.3.3 (/opt/ros/jazzy/share/rmw_implementation_cmake/cmake)
[0.776s] -- Found rmw_fastrtps_cpp: 8.4.3 (/opt/ros/jazzy/share/rmw_fastrtps_cpp/cmake)
[0.881s] -- Found OpenSSL: /usr/lib/x86_64-linux-gnu/libcrypto.so (found version "3.0.13")  
[0.902s] -- Found FastRTPS: /opt/ros/jazzy/include (Required is at least version "2.13") 
[0.928s] -- Using RMW implementation 'rmw_fastrtps_cpp' as default
[1.002s] -- Found rclpy: 7.1.9 (/opt/ros/jazzy/share/rclpy/cmake)
[1.007s] -- Found ament_lint_auto: 0.17.4 (/opt/ros/jazzy/share/ament_lint_auto/cmake)
[1.134s] -- Added test 'copyright' to check source files copyright and LICENSE
[1.136s] -- Added test 'cppcheck' to perform static code analysis on C / C++ code
[1.136s] -- Configured cppcheck include dirs: /home/wbforney/proj4_ws/src/DynamixelSDK/ros/dynamixel_sdk_examples/include
[1.136s] -- Configured cppcheck exclude dirs and/or files: 
[1.137s] -- Added test 'cpplint' to check C / C++ code against the Google style
[1.138s] -- Configured cpplint exclude dirs and/or files: 
[1.139s] -- Added test 'flake8' to check Python code syntax and style conventions
[1.139s] -- Configured 'flake8' exclude dirs and/or files: 
[1.140s] -- Added test 'lint_cmake' to check CMake code style
[1.142s] -- Added test 'pep257' to check Python code against some of the docstring style conventions in PEP 257
[1.143s] -- Added test 'uncrustify' to check C / C++ code style
[1.143s] -- Configured uncrustify additional arguments: 
[1.144s] -- Added test 'xmllint' to check XML markup files
[1.146s] -- Configuring done (1.1s)
[1.156s] -- Generating done (0.0s)
[1.159s] -- Build files have been written to: /home/wbforney/proj4_ws/build/dynamixel_sdk_examples
[1.172s] Invoked command in '/home/wbforney/proj4_ws/build/dynamixel_sdk_examples' returned '0': AMENT_PREFIX_PATH=/home/wbforney/proj4_ws/install/dynamixel_sdk_custom_interfaces:/home/wbforney/proj4_ws/install/dynamixel_sdk:${AMENT_PREFIX_PATH} CMAKE_PREFIX_PATH=/home/wbforney/proj4_ws/install/dynamixel_sdk_custom_interfaces:/home/wbforney/proj4_ws/install/dynamixel_sdk:/opt/ros/jazzy/opt/gz_sim_vendor:/opt/ros/jazzy/opt/gz_sensors_vendor:/opt/ros/jazzy/opt/gz_physics_vendor:/opt/ros/jazzy/opt/gz_gui_vendor:/opt/ros/jazzy/opt/gz_transport_vendor:/opt/ros/jazzy/opt/gz_rendering_vendor:/opt/ros/jazzy/opt/gz_plugin_vendor:/opt/ros/jazzy/opt/gz_fuel_tools_vendor:/opt/ros/jazzy/opt/gz_msgs_vendor:/opt/ros/jazzy/opt/gz_common_vendor:/opt/ros/jazzy/opt/gz_ogre_next_vendor:/opt/ros/jazzy/opt/gz_dartsim_vendor:/opt/ros/jazzy/opt/sdformat_vendor:/opt/ros/jazzy/opt/gz_math_vendor:/opt/ros/jazzy/opt/gz_utils_vendor:/opt/ros/jazzy/opt/gz_tools_vendor:/opt/ros/jazzy/opt/gz_cmake_vendor:/home/wbforney/proj4_ws/install/kalmanFilters:/opt/ros/jazzy DEBUGINFOD_URLS=https://debuginfod.ubuntu.com LD_LIBRARY_PATH=/home/wbforney/proj4_ws/install/dynamixel_sdk_custom_interfaces/lib:/home/wbforney/proj4_ws/install/dynamixel_sdk/lib:${LD_LIBRARY_PATH} PYTHONPATH=/home/wbforney/proj4_ws/install/dynamixel_sdk_custom_interfaces/lib/python3.12/site-packages:/home/wbforney/proj4_ws/install/dynamixel_sdk/lib/python3.12/site-packages:${PYTHONPATH} /usr/bin/cmake /home/wbforney/proj4_ws/src/DynamixelSDK/ros/dynamixel_sdk_examples -DCMAKE_INSTALL_PREFIX=/home/wbforney/proj4_ws/install/dynamixel_sdk_examples
[1.174s] Invoking command in '/home/wbforney/proj4_ws/build/dynamixel_sdk_examples': AMENT_PREFIX_PATH=/home/wbforney/proj4_ws/install/dynamixel_sdk_custom_interfaces:/home/wbforney/proj4_ws/install/dynamixel_sdk:${AMENT_PREFIX_PATH} CMAKE_PREFIX_PATH=/home/wbforney/proj4_ws/install/dynamixel_sdk_custom_interfaces:/home/wbforney/proj4_ws/install/dynamixel_sdk:/opt/ros/jazzy/opt/gz_sim_vendor:/opt/ros/jazzy/opt/gz_sensors_vendor:/opt/ros/jazzy/opt/gz_physics_vendor:/opt/ros/jazzy/opt/gz_gui_vendor:/opt/ros/jazzy/opt/gz_transport_vendor:/opt/ros/jazzy/opt/gz_rendering_vendor:/opt/ros/jazzy/opt/gz_plugin_vendor:/opt/ros/jazzy/opt/gz_fuel_tools_vendor:/opt/ros/jazzy/opt/gz_msgs_vendor:/opt/ros/jazzy/opt/gz_common_vendor:/opt/ros/jazzy/opt/gz_ogre_next_vendor:/opt/ros/jazzy/opt/gz_dartsim_vendor:/opt/ros/jazzy/opt/sdformat_vendor:/opt/ros/jazzy/opt/gz_math_vendor:/opt/ros/jazzy/opt/gz_utils_vendor:/opt/ros/jazzy/opt/gz_tools_vendor:/opt/ros/jazzy/opt/gz_cmake_vendor:/home/wbforney/proj4_ws/install/kalmanFilters:/opt/ros/jazzy DEBUGINFOD_URLS=https://debuginfod.ubuntu.com LD_LIBRARY_PATH=/home/wbforney/proj4_ws/install/dynamixel_sdk_custom_interfaces/lib:/home/wbforney/proj4_ws/install/dynamixel_sdk/lib:${LD_LIBRARY_PATH} PYTHONPATH=/home/wbforney/proj4_ws/install/dynamixel_sdk_custom_interfaces/lib/python3.12/site-packages:/home/wbforney/proj4_ws/install/dynamixel_sdk/lib/python3.12/site-packages:${PYTHONPATH} /usr/bin/cmake --build /home/wbforney/proj4_ws/build/dynamixel_sdk_examples -- -j16 -l16
[1.233s] [ 50%] [32mBuilding CXX object CMakeFiles/read_write_node.dir/src/read_write_node.cpp.o[0m
[9.200s] [100%] [32m[1mLinking CXX executable read_write_node[0m
[9.466s] [100%] Built target read_write_node
[9.479s] Invoked command in '/home/wbforney/proj4_ws/build/dynamixel_sdk_examples' returned '0': AMENT_PREFIX_PATH=/home/wbforney/proj4_ws/install/dynamixel_sdk_custom_interfaces:/home/wbforney/proj4_ws/install/dynamixel_sdk:${AMENT_PREFIX_PATH} CMAKE_PREFIX_PATH=/home/wbforney/proj4_ws/install/dynamixel_sdk_custom_interfaces:/home/wbforney/proj4_ws/install/dynamixel_sdk:/opt/ros/jazzy/opt/gz_sim_vendor:/opt/ros/jazzy/opt/gz_sensors_vendor:/opt/ros/jazzy/opt/gz_physics_vendor:/opt/ros/jazzy/opt/gz_gui_vendor:/opt/ros/jazzy/opt/gz_transport_vendor:/opt/ros/jazzy/opt/gz_rendering_vendor:/opt/ros/jazzy/opt/gz_plugin_vendor:/opt/ros/jazzy/opt/gz_fuel_tools_vendor:/opt/ros/jazzy/opt/gz_msgs_vendor:/opt/ros/jazzy/opt/gz_common_vendor:/opt/ros/jazzy/opt/gz_ogre_next_vendor:/opt/ros/jazzy/opt/gz_dartsim_vendor:/opt/ros/jazzy/opt/sdformat_vendor:/opt/ros/jazzy/opt/gz_math_vendor:/opt/ros/jazzy/opt/gz_utils_vendor:/opt/ros/jazzy/opt/gz_tools_vendor:/opt/ros/jazzy/opt/gz_cmake_vendor:/home/wbforney/proj4_ws/install/kalmanFilters:/opt/ros/jazzy DEBUGINFOD_URLS=https://debuginfod.ubuntu.com LD_LIBRARY_PATH=/home/wbforney/proj4_ws/install/dynamixel_sdk_custom_interfaces/lib:/home/wbforney/proj4_ws/install/dynamixel_sdk/lib:${LD_LIBRARY_PATH} PYTHONPATH=/home/wbforney/proj4_ws/install/dynamixel_sdk_custom_interfaces/lib/python3.12/site-packages:/home/wbforney/proj4_ws/install/dynamixel_sdk/lib/python3.12/site-packages:${PYTHONPATH} /usr/bin/cmake --build /home/wbforney/proj4_ws/build/dynamixel_sdk_examples -- -j16 -l16
[9.480s] Invoking command in '/home/wbforney/proj4_ws/build/dynamixel_sdk_examples': AMENT_PREFIX_PATH=/home/wbforney/proj4_ws/install/dynamixel_sdk_custom_interfaces:/home/wbforney/proj4_ws/install/dynamixel_sdk:${AMENT_PREFIX_PATH} CMAKE_PREFIX_PATH=/home/wbforney/proj4_ws/install/dynamixel_sdk_custom_interfaces:/home/wbforney/proj4_ws/install/dynamixel_sdk:/opt/ros/jazzy/opt/gz_sim_vendor:/opt/ros/jazzy/opt/gz_sensors_vendor:/opt/ros/jazzy/opt/gz_physics_vendor:/opt/ros/jazzy/opt/gz_gui_vendor:/opt/ros/jazzy/opt/gz_transport_vendor:/opt/ros/jazzy/opt/gz_rendering_vendor:/opt/ros/jazzy/opt/gz_plugin_vendor:/opt/ros/jazzy/opt/gz_fuel_tools_vendor:/opt/ros/jazzy/opt/gz_msgs_vendor:/opt/ros/jazzy/opt/gz_common_vendor:/opt/ros/jazzy/opt/gz_ogre_next_vendor:/opt/ros/jazzy/opt/gz_dartsim_vendor:/opt/ros/jazzy/opt/sdformat_vendor:/opt/ros/jazzy/opt/gz_math_vendor:/opt/ros/jazzy/opt/gz_utils_vendor:/opt/ros/jazzy/opt/gz_tools_vendor:/opt/ros/jazzy/opt/gz_cmake_vendor:/home/wbforney/proj4_ws/install/kalmanFilters:/opt/ros/jazzy DEBUGINFOD_URLS=https://debuginfod.ubuntu.com LD_LIBRARY_PATH=/home/wbforney/proj4_ws/install/dynamixel_sdk_custom_interfaces/lib:/home/wbforney/proj4_ws/install/dynamixel_sdk/lib:${LD_LIBRARY_PATH} PYTHONPATH=/home/wbforney/proj4_ws/install/dynamixel_sdk_custom_interfaces/lib/python3.12/site-packages:/home/wbforney/proj4_ws/install/dynamixel_sdk/lib/python3.12/site-packages:${PYTHONPATH} /usr/bin/cmake --install /home/wbforney/proj4_ws/build/dynamixel_sdk_examples
[9.488s] -- Install configuration: ""
[9.489s] -- Installing: /home/wbforney/proj4_ws/install/dynamixel_sdk_examples/lib/dynamixel_sdk_examples/read_write_node
[9.493s] -- Set non-toolchain portion of runtime path of "/home/wbforney/proj4_ws/install/dynamixel_sdk_examples/lib/dynamixel_sdk_examples/read_write_node" to ""
[9.493s] -- Installing: /home/wbforney/proj4_ws/install/dynamixel_sdk_examples/lib/dynamixel_sdk_examples/read_write_node.py
[9.493s] -- Installing: /home/wbforney/proj4_ws/install/dynamixel_sdk_examples/share/ament_index/resource_index/package_run_dependencies/dynamixel_sdk_examples
[9.494s] -- Installing: /home/wbforney/proj4_ws/install/dynamixel_sdk_examples/share/ament_index/resource_index/parent_prefix_path/dynamixel_sdk_examples
[9.494s] -- Installing: /home/wbforney/proj4_ws/install/dynamixel_sdk_examples/share/dynamixel_sdk_examples/environment/ament_prefix_path.sh
[9.494s] -- Installing: /home/wbforney/proj4_ws/install/dynamixel_sdk_examples/share/dynamixel_sdk_examples/environment/ament_prefix_path.dsv
[9.494s] -- Installing: /home/wbforney/proj4_ws/install/dynamixel_sdk_examples/share/dynamixel_sdk_examples/environment/path.sh
[9.494s] -- Installing: /home/wbforney/proj4_ws/install/dynamixel_sdk_examples/share/dynamixel_sdk_examples/environment/path.dsv
[9.494s] -- Installing: /home/wbforney/proj4_ws/install/dynamixel_sdk_examples/share/dynamixel_sdk_examples/local_setup.bash
[9.494s] -- Installing: /home/wbforney/proj4_ws/install/dynamixel_sdk_examples/share/dynamixel_sdk_examples/local_setup.sh
[9.495s] -- Installing: /home/wbforney/proj4_ws/install/dynamixel_sdk_examples/share/dynamixel_sdk_examples/local_setup.zsh
[9.495s] -- Installing: /home/wbforney/proj4_ws/install/dynamixel_sdk_examples/share/dynamixel_sdk_examples/local_setup.dsv
[9.495s] -- Installing: /home/wbforney/proj4_ws/install/dynamixel_sdk_examples/share/dynamixel_sdk_examples/package.dsv
[9.495s] -- Installing: /home/wbforney/proj4_ws/install/dynamixel_sdk_examples/share/ament_index/resource_index/packages/dynamixel_sdk_examples
[9.495s] -- Installing: /home/wbforney/proj4_ws/install/dynamixel_sdk_examples/share/dynamixel_sdk_examples/cmake/dynamixel_sdk_examplesConfig.cmake
[9.495s] -- Installing: /home/wbforney/proj4_ws/install/dynamixel_sdk_examples/share/dynamixel_sdk_examples/cmake/dynamixel_sdk_examplesConfig-version.cmake
[9.495s] -- Installing: /home/wbforney/proj4_ws/install/dynamixel_sdk_examples/share/dynamixel_sdk_examples/package.xml
[9.498s] Invoked command in '/home/wbforney/proj4_ws/build/dynamixel_sdk_examples' returned '0': AMENT_PREFIX_PATH=/home/wbforney/proj4_ws/install/dynamixel_sdk_custom_interfaces:/home/wbforney/proj4_ws/install/dynamixel_sdk:${AMENT_PREFIX_PATH} CMAKE_PREFIX_PATH=/home/wbforney/proj4_ws/install/dynamixel_sdk_custom_interfaces:/home/wbforney/proj4_ws/install/dynamixel_sdk:/opt/ros/jazzy/opt/gz_sim_vendor:/opt/ros/jazzy/opt/gz_sensors_vendor:/opt/ros/jazzy/opt/gz_physics_vendor:/opt/ros/jazzy/opt/gz_gui_vendor:/opt/ros/jazzy/opt/gz_transport_vendor:/opt/ros/jazzy/opt/gz_rendering_vendor:/opt/ros/jazzy/opt/gz_plugin_vendor:/opt/ros/jazzy/opt/gz_fuel_tools_vendor:/opt/ros/jazzy/opt/gz_msgs_vendor:/opt/ros/jazzy/opt/gz_common_vendor:/opt/ros/jazzy/opt/gz_ogre_next_vendor:/opt/ros/jazzy/opt/gz_dartsim_vendor:/opt/ros/jazzy/opt/sdformat_vendor:/opt/ros/jazzy/opt/gz_math_vendor:/opt/ros/jazzy/opt/gz_utils_vendor:/opt/ros/jazzy/opt/gz_tools_vendor:/opt/ros/jazzy/opt/gz_cmake_vendor:/home/wbforney/proj4_ws/install/kalmanFilters:/opt/ros/jazzy DEBUGINFOD_URLS=https://debuginfod.ubuntu.com LD_LIBRARY_PATH=/home/wbforney/proj4_ws/install/dynamixel_sdk_custom_interfaces/lib:/home/wbforney/proj4_ws/install/dynamixel_sdk/lib:${LD_LIBRARY_PATH} PYTHONPATH=/home/wbforney/proj4_ws/install/dynamixel_sdk_custom_interfaces/lib/python3.12/site-packages:/home/wbforney/proj4_ws/install/dynamixel_sdk/lib/python3.12/site-packages:${PYTHONPATH} /usr/bin/cmake --install /home/wbforney/proj4_ws/build/dynamixel_sdk_examples
