[0.025s] Invoking command in '/home/wbforney/proj4_ws/build/turtlebot3_cartographer': CMAKE_PREFIX_PATH=${CMAKE_PREFIX_PATH}:/home/wbforney/proj4_ws/install/kalmanFilters:/opt/ros/jazzy DEBUGINFOD_URLS=https://debuginfod.ubuntu.com /usr/bin/cmake /home/wbforney/proj4_ws/src/turtlebot3/turtlebot3_cartographer -DCMAKE_INSTALL_PREFIX=/home/wbforney/proj4_ws/install/turtlebot3_cartographer
[0.210s] -- Found ament_cmake: 2.5.5 (/opt/ros/jazzy/share/ament_cmake/cmake)
[0.210s] -- Override CMake install command with custom implementation using symlinks instead of copying resources
[0.289s] -- Configuring done (0.3s)
[0.292s] -- Generating done (0.0s)
[0.294s] -- Build files have been written to: /home/wbforney/proj4_ws/build/turtlebot3_cartographer
[0.378s] Invoked command in '/home/wbforney/proj4_ws/build/turtlebot3_cartographer' returned '0': CMAKE_PREFIX_PATH=${CMAKE_PREFIX_PATH}:/home/wbforney/proj4_ws/install/kalmanFilters:/opt/ros/jazzy DEBUGINFOD_URLS=https://debuginfod.ubuntu.com /usr/bin/cmake /home/wbforney/proj4_ws/src/turtlebot3/turtlebot3_cartographer -DCMAKE_INSTALL_PREFIX=/home/wbforney/proj4_ws/install/turtlebot3_cartographer
[0.379s] Invoking command in '/home/wbforney/proj4_ws/build/turtlebot3_cartographer': CMAKE_PREFIX_PATH=${CMAKE_PREFIX_PATH}:/home/wbforney/proj4_ws/install/kalmanFilters:/opt/ros/jazzy DEBUGINFOD_URLS=https://debuginfod.ubuntu.com /usr/bin/cmake --build /home/wbforney/proj4_ws/build/turtlebot3_cartographer -- -j16 -l16
[0.433s] Invoked command in '/home/wbforney/proj4_ws/build/turtlebot3_cartographer' returned '0': CMAKE_PREFIX_PATH=${CMAKE_PREFIX_PATH}:/home/wbforney/proj4_ws/install/kalmanFilters:/opt/ros/jazzy DEBUGINFOD_URLS=https://debuginfod.ubuntu.com /usr/bin/cmake --build /home/wbforney/proj4_ws/build/turtlebot3_cartographer -- -j16 -l16
[0.433s] Invoking command in '/home/wbforney/proj4_ws/build/turtlebot3_cartographer': CMAKE_PREFIX_PATH=${CMAKE_PREFIX_PATH}:/home/wbforney/proj4_ws/install/kalmanFilters:/opt/ros/jazzy DEBUGINFOD_URLS=https://debuginfod.ubuntu.com /usr/bin/cmake --install /home/wbforney/proj4_ws/build/turtlebot3_cartographer
[0.443s] -- Install configuration: ""
[0.443s] -- Execute custom install script
[0.444s] -- Up-to-date symlink: /home/wbforney/proj4_ws/install/turtlebot3_cartographer/share/turtlebot3_cartographer/config/turtlebot3_lds_2d.lua
[0.444s] -- Up-to-date symlink: /home/wbforney/proj4_ws/install/turtlebot3_cartographer/share/turtlebot3_cartographer/launch/cartographer.launch.py
[0.444s] -- Up-to-date symlink: /home/wbforney/proj4_ws/install/turtlebot3_cartographer/share/turtlebot3_cartographer/launch/occupancy_grid.launch.py
[0.444s] -- Up-to-date symlink: /home/wbforney/proj4_ws/install/turtlebot3_cartographer/share/turtlebot3_cartographer/rviz/tb3_cartographer.rviz
[0.444s] -- Up-to-date symlink: /home/wbforney/proj4_ws/install/turtlebot3_cartographer/share/ament_index/resource_index/package_run_dependencies/turtlebot3_cartographer
[0.446s] -- Up-to-date symlink: /home/wbforney/proj4_ws/install/turtlebot3_cartographer/share/ament_index/resource_index/parent_prefix_path/turtlebot3_cartographer
[0.446s] -- Up-to-date symlink: /home/wbforney/proj4_ws/install/turtlebot3_cartographer/share/turtlebot3_cartographer/environment/ament_prefix_path.sh
[0.446s] -- Up-to-date symlink: /home/wbforney/proj4_ws/install/turtlebot3_cartographer/share/turtlebot3_cartographer/environment/ament_prefix_path.dsv
[0.446s] -- Up-to-date symlink: /home/wbforney/proj4_ws/install/turtlebot3_cartographer/share/turtlebot3_cartographer/environment/path.sh
[0.446s] -- Up-to-date symlink: /home/wbforney/proj4_ws/install/turtlebot3_cartographer/share/turtlebot3_cartographer/environment/path.dsv
[0.446s] -- Up-to-date symlink: /home/wbforney/proj4_ws/install/turtlebot3_cartographer/share/turtlebot3_cartographer/local_setup.bash
[0.446s] -- Up-to-date symlink: /home/wbforney/proj4_ws/install/turtlebot3_cartographer/share/turtlebot3_cartographer/local_setup.sh
[0.446s] -- Up-to-date symlink: /home/wbforney/proj4_ws/install/turtlebot3_cartographer/share/turtlebot3_cartographer/local_setup.zsh
[0.447s] -- Up-to-date symlink: /home/wbforney/proj4_ws/install/turtlebot3_cartographer/share/turtlebot3_cartographer/local_setup.dsv
[0.447s] -- Symlinking: /home/wbforney/proj4_ws/install/turtlebot3_cartographer/share/turtlebot3_cartographer/package.dsv
[0.454s] -- Up-to-date symlink: /home/wbforney/proj4_ws/install/turtlebot3_cartographer/share/ament_index/resource_index/packages/turtlebot3_cartographer
[0.454s] -- Up-to-date symlink: /home/wbforney/proj4_ws/install/turtlebot3_cartographer/share/turtlebot3_cartographer/cmake/turtlebot3_cartographerConfig.cmake
[0.455s] -- Up-to-date symlink: /home/wbforney/proj4_ws/install/turtlebot3_cartographer/share/turtlebot3_cartographer/cmake/turtlebot3_cartographerConfig-version.cmake
[0.455s] -- Up-to-date symlink: /home/wbforney/proj4_ws/install/turtlebot3_cartographer/share/turtlebot3_cartographer/package.xml
[0.461s] Invoked command in '/home/wbforney/proj4_ws/build/turtlebot3_cartographer' returned '0': CMAKE_PREFIX_PATH=${CMAKE_PREFIX_PATH}:/home/wbforney/proj4_ws/install/kalmanFilters:/opt/ros/jazzy DEBUGINFOD_URLS=https://debuginfod.ubuntu.com /usr/bin/cmake --install /home/wbforney/proj4_ws/build/turtlebot3_cartographer
