[0.113s] Invoking command in '/home/wbforney/proj4_ws/build/turtlebot3_msgs': CMAKE_PREFIX_PATH=${CMAKE_PREFIX_PATH}:/home/wbforney/proj4_ws/install/turtlebot3_teleop:/home/wbforney/proj4_ws/install/turtlebot3_example:/home/wbforney/proj4_ws/install/kalmanFilters:/opt/ros/jazzy DEBUGINFOD_URLS=https://debuginfod.ubuntu.com /usr/bin/cmake --build /home/wbforney/proj4_ws/build/turtlebot3_msgs -- -j16 -l16
[0.475s] [  1%] Built target turtlebot3_msgs__rosidl_generator_type_description
[0.475s] [  1%] Built target ament_cmake_python_symlink_turtlebot3_msgs
[0.475s] [  2%] Built target turtlebot3_msgs__cpp
[0.475s] [ 26%] Built target turtlebot3_msgs__rosidl_generator_c
[0.475s] [ 36%] Built target turtlebot3_msgs__rosidl_typesupport_c
[0.475s] [ 45%] Built target turtlebot3_msgs__rosidl_typesupport_introspection_c
[0.475s] [ 58%] Built target turtlebot3_msgs__rosidl_typesupport_fastrtps_c
[0.475s] [ 64%] Built target turtlebot3_msgs__rosidl_typesupport_fastrtps_cpp
[0.475s] [ 81%] Built target turtlebot3_msgs__rosidl_typesupport_cpp
[0.476s] [ 84%] Built target turtlebot3_msgs__rosidl_typesupport_introspection_cpp
[0.476s] [ 84%] Built target turtlebot3_msgs
[0.476s] [ 85%] Built target turtlebot3_msgs__py
[0.476s] [ 93%] Built target turtlebot3_msgs__rosidl_generator_py
[0.500s] [100%] Built target turtlebot3_msgs_s__rosidl_typesupport_c
[0.500s] [100%] Built target turtlebot3_msgs_s__rosidl_typesupport_introspection_c
[0.500s] [100%] Built target turtlebot3_msgs_s__rosidl_typesupport_fastrtps_c
[0.514s] running egg_info
[0.533s] writing turtlebot3_msgs.egg-info/PKG-INFO
[0.533s] writing dependency_links to turtlebot3_msgs.egg-info/dependency_links.txt
[0.533s] writing top-level names to turtlebot3_msgs.egg-info/top_level.txt
[0.568s] reading manifest file 'turtlebot3_msgs.egg-info/SOURCES.txt'
[0.569s] writing manifest file 'turtlebot3_msgs.egg-info/SOURCES.txt'
[0.599s] [100%] Built target ament_cmake_python_build_turtlebot3_msgs_egg
[0.727s] Invoked command in '/home/wbforney/proj4_ws/build/turtlebot3_msgs' returned '0': CMAKE_PREFIX_PATH=${CMAKE_PREFIX_PATH}:/home/wbforney/proj4_ws/install/turtlebot3_teleop:/home/wbforney/proj4_ws/install/turtlebot3_example:/home/wbforney/proj4_ws/install/kalmanFilters:/opt/ros/jazzy DEBUGINFOD_URLS=https://debuginfod.ubuntu.com /usr/bin/cmake --build /home/wbforney/proj4_ws/build/turtlebot3_msgs -- -j16 -l16
[0.728s] Invoking command in '/home/wbforney/proj4_ws/build/turtlebot3_msgs': CMAKE_PREFIX_PATH=${CMAKE_PREFIX_PATH}:/home/wbforney/proj4_ws/install/turtlebot3_teleop:/home/wbforney/proj4_ws/install/turtlebot3_example:/home/wbforney/proj4_ws/install/kalmanFilters:/opt/ros/jazzy DEBUGINFOD_URLS=https://debuginfod.ubuntu.com /usr/bin/cmake --install /home/wbforney/proj4_ws/build/turtlebot3_msgs
[0.740s] -- Install configuration: ""
[0.741s] -- Execute custom install script
[0.741s] -- Up-to-date symlink: /home/wbforney/proj4_ws/install/turtlebot3_msgs/share/ament_index/resource_index/rosidl_interfaces/turtlebot3_msgs
[0.742s] -- Up-to-date symlink: /home/wbforney/proj4_ws/install/turtlebot3_msgs/share/turtlebot3_msgs/msg/SensorState.json
[0.742s] -- Up-to-date symlink: /home/wbforney/proj4_ws/install/turtlebot3_msgs/share/turtlebot3_msgs/msg/Sound.json
[0.742s] -- Up-to-date symlink: /home/wbforney/proj4_ws/install/turtlebot3_msgs/share/turtlebot3_msgs/msg/VersionInfo.json
[0.742s] -- Up-to-date symlink: /home/wbforney/proj4_ws/install/turtlebot3_msgs/share/turtlebot3_msgs/srv/Sound.json
[0.742s] -- Up-to-date symlink: /home/wbforney/proj4_ws/install/turtlebot3_msgs/share/turtlebot3_msgs/srv/Dqn.json
[0.742s] -- Up-to-date symlink: /home/wbforney/proj4_ws/install/turtlebot3_msgs/share/turtlebot3_msgs/srv/Goal.json
[0.744s] -- Up-to-date symlink: /home/wbforney/proj4_ws/install/turtlebot3_msgs/share/turtlebot3_msgs/action/Patrol.json
[0.744s] -- Up-to-date symlink: /home/wbforney/proj4_ws/install/turtlebot3_msgs/include/turtlebot3_msgs/turtlebot3_msgs/action/detail/patrol__functions.h
[0.744s] -- Up-to-date symlink: /home/wbforney/proj4_ws/install/turtlebot3_msgs/include/turtlebot3_msgs/turtlebot3_msgs/action/detail/patrol__struct.h
[0.744s] -- Up-to-date symlink: /home/wbforney/proj4_ws/install/turtlebot3_msgs/include/turtlebot3_msgs/turtlebot3_msgs/action/detail/patrol__type_support.h
[0.744s] -- Up-to-date symlink: /home/wbforney/proj4_ws/install/turtlebot3_msgs/include/turtlebot3_msgs/turtlebot3_msgs/action/patrol.h
[0.744s] -- Up-to-date symlink: /home/wbforney/proj4_ws/install/turtlebot3_msgs/include/turtlebot3_msgs/turtlebot3_msgs/msg/detail/sensor_state__functions.h
[0.744s] -- Up-to-date symlink: /home/wbforney/proj4_ws/install/turtlebot3_msgs/include/turtlebot3_msgs/turtlebot3_msgs/msg/detail/sensor_state__struct.h
[0.744s] -- Up-to-date symlink: /home/wbforney/proj4_ws/install/turtlebot3_msgs/include/turtlebot3_msgs/turtlebot3_msgs/msg/detail/sensor_state__type_support.h
[0.744s] -- Up-to-date symlink: /home/wbforney/proj4_ws/install/turtlebot3_msgs/include/turtlebot3_msgs/turtlebot3_msgs/msg/detail/sound__functions.h
[0.744s] -- Up-to-date symlink: /home/wbforney/proj4_ws/install/turtlebot3_msgs/include/turtlebot3_msgs/turtlebot3_msgs/msg/detail/sound__struct.h
[0.744s] -- Up-to-date symlink: /home/wbforney/proj4_ws/install/turtlebot3_msgs/include/turtlebot3_msgs/turtlebot3_msgs/msg/detail/sound__type_support.h
[0.745s] -- Up-to-date symlink: /home/wbforney/proj4_ws/install/turtlebot3_msgs/include/turtlebot3_msgs/turtlebot3_msgs/msg/detail/version_info__functions.h
[0.745s] -- Up-to-date symlink: /home/wbforney/proj4_ws/install/turtlebot3_msgs/include/turtlebot3_msgs/turtlebot3_msgs/msg/detail/version_info__struct.h
[0.746s] -- Up-to-date symlink: /home/wbforney/proj4_ws/install/turtlebot3_msgs/include/turtlebot3_msgs/turtlebot3_msgs/msg/detail/version_info__type_support.h
[0.746s] -- Up-to-date symlink: /home/wbforney/proj4_ws/install/turtlebot3_msgs/include/turtlebot3_msgs/turtlebot3_msgs/msg/rosidl_generator_c__visibility_control.h
[0.746s] -- Up-to-date symlink: /home/wbforney/proj4_ws/install/turtlebot3_msgs/include/turtlebot3_msgs/turtlebot3_msgs/msg/sensor_state.h
[0.746s] -- Up-to-date symlink: /home/wbforney/proj4_ws/install/turtlebot3_msgs/include/turtlebot3_msgs/turtlebot3_msgs/msg/sound.h
[0.746s] -- Up-to-date symlink: /home/wbforney/proj4_ws/install/turtlebot3_msgs/include/turtlebot3_msgs/turtlebot3_msgs/msg/version_info.h
[0.746s] -- Up-to-date symlink: /home/wbforney/proj4_ws/install/turtlebot3_msgs/include/turtlebot3_msgs/turtlebot3_msgs/srv/detail/dqn__functions.h
[0.746s] -- Up-to-date symlink: /home/wbforney/proj4_ws/install/turtlebot3_msgs/include/turtlebot3_msgs/turtlebot3_msgs/srv/detail/dqn__struct.h
[0.746s] -- Up-to-date symlink: /home/wbforney/proj4_ws/install/turtlebot3_msgs/include/turtlebot3_msgs/turtlebot3_msgs/srv/detail/dqn__type_support.h
[0.746s] -- Up-to-date symlink: /home/wbforney/proj4_ws/install/turtlebot3_msgs/include/turtlebot3_msgs/turtlebot3_msgs/srv/detail/goal__functions.h
[0.746s] -- Up-to-date symlink: /home/wbforney/proj4_ws/install/turtlebot3_msgs/include/turtlebot3_msgs/turtlebot3_msgs/srv/detail/goal__struct.h
[0.746s] -- Up-to-date symlink: /home/wbforney/proj4_ws/install/turtlebot3_msgs/include/turtlebot3_msgs/turtlebot3_msgs/srv/detail/goal__type_support.h
[0.747s] -- Up-to-date symlink: /home/wbforney/proj4_ws/install/turtlebot3_msgs/include/turtlebot3_msgs/turtlebot3_msgs/srv/detail/sound__functions.h
[0.747s] -- Up-to-date symlink: /home/wbforney/proj4_ws/install/turtlebot3_msgs/include/turtlebot3_msgs/turtlebot3_msgs/srv/detail/sound__struct.h
[0.747s] -- Up-to-date symlink: /home/wbforney/proj4_ws/install/turtlebot3_msgs/include/turtlebot3_msgs/turtlebot3_msgs/srv/detail/sound__type_support.h
[0.747s] -- Up-to-date symlink: /home/wbforney/proj4_ws/install/turtlebot3_msgs/include/turtlebot3_msgs/turtlebot3_msgs/srv/dqn.h
[0.747s] -- Up-to-date symlink: /home/wbforney/proj4_ws/install/turtlebot3_msgs/include/turtlebot3_msgs/turtlebot3_msgs/srv/goal.h
[0.747s] -- Up-to-date symlink: /home/wbforney/proj4_ws/install/turtlebot3_msgs/include/turtlebot3_msgs/turtlebot3_msgs/srv/sound.h
[0.747s] -- Up-to-date symlink: /home/wbforney/proj4_ws/install/turtlebot3_msgs/share/turtlebot3_msgs/environment/library_path.sh
[0.747s] -- Up-to-date symlink: /home/wbforney/proj4_ws/install/turtlebot3_msgs/share/turtlebot3_msgs/environment/library_path.dsv
[0.748s] -- Up-to-date symlink: /home/wbforney/proj4_ws/install/turtlebot3_msgs/include/turtlebot3_msgs/turtlebot3_msgs/action/detail/patrol__rosidl_typesupport_fastrtps_c.h
[0.748s] -- Up-to-date symlink: /home/wbforney/proj4_ws/install/turtlebot3_msgs/include/turtlebot3_msgs/turtlebot3_msgs/msg/detail/sensor_state__rosidl_typesupport_fastrtps_c.h
[0.748s] -- Up-to-date symlink: /home/wbforney/proj4_ws/install/turtlebot3_msgs/include/turtlebot3_msgs/turtlebot3_msgs/msg/detail/sound__rosidl_typesupport_fastrtps_c.h
[0.748s] -- Up-to-date symlink: /home/wbforney/proj4_ws/install/turtlebot3_msgs/include/turtlebot3_msgs/turtlebot3_msgs/msg/detail/version_info__rosidl_typesupport_fastrtps_c.h
[0.748s] -- Up-to-date symlink: /home/wbforney/proj4_ws/install/turtlebot3_msgs/include/turtlebot3_msgs/turtlebot3_msgs/msg/rosidl_typesupport_fastrtps_c__visibility_control.h
[0.748s] -- Up-to-date symlink: /home/wbforney/proj4_ws/install/turtlebot3_msgs/include/turtlebot3_msgs/turtlebot3_msgs/srv/detail/dqn__rosidl_typesupport_fastrtps_c.h
[0.748s] -- Up-to-date symlink: /home/wbforney/proj4_ws/install/turtlebot3_msgs/include/turtlebot3_msgs/turtlebot3_msgs/srv/detail/goal__rosidl_typesupport_fastrtps_c.h
[0.748s] -- Up-to-date symlink: /home/wbforney/proj4_ws/install/turtlebot3_msgs/include/turtlebot3_msgs/turtlebot3_msgs/srv/detail/sound__rosidl_typesupport_fastrtps_c.h
[0.748s] -- Up-to-date symlink: /home/wbforney/proj4_ws/install/turtlebot3_msgs/include/turtlebot3_msgs/turtlebot3_msgs/action/detail/patrol__builder.hpp
[0.748s] -- Up-to-date symlink: /home/wbforney/proj4_ws/install/turtlebot3_msgs/include/turtlebot3_msgs/turtlebot3_msgs/action/detail/patrol__struct.hpp
[0.748s] -- Up-to-date symlink: /home/wbforney/proj4_ws/install/turtlebot3_msgs/include/turtlebot3_msgs/turtlebot3_msgs/action/detail/patrol__traits.hpp
[0.749s] -- Up-to-date symlink: /home/wbforney/proj4_ws/install/turtlebot3_msgs/include/turtlebot3_msgs/turtlebot3_msgs/action/detail/patrol__type_support.hpp
[0.749s] -- Up-to-date symlink: /home/wbforney/proj4_ws/install/turtlebot3_msgs/include/turtlebot3_msgs/turtlebot3_msgs/action/patrol.hpp
[0.749s] -- Up-to-date symlink: /home/wbforney/proj4_ws/install/turtlebot3_msgs/include/turtlebot3_msgs/turtlebot3_msgs/msg/detail/sensor_state__builder.hpp
[0.749s] -- Up-to-date symlink: /home/wbforney/proj4_ws/install/turtlebot3_msgs/include/turtlebot3_msgs/turtlebot3_msgs/msg/detail/sensor_state__struct.hpp
[0.749s] -- Up-to-date symlink: /home/wbforney/proj4_ws/install/turtlebot3_msgs/include/turtlebot3_msgs/turtlebot3_msgs/msg/detail/sensor_state__traits.hpp
[0.749s] -- Up-to-date symlink: /home/wbforney/proj4_ws/install/turtlebot3_msgs/include/turtlebot3_msgs/turtlebot3_msgs/msg/detail/sensor_state__type_support.hpp
[0.749s] -- Up-to-date symlink: /home/wbforney/proj4_ws/install/turtlebot3_msgs/include/turtlebot3_msgs/turtlebot3_msgs/msg/detail/sound__builder.hpp
[0.749s] -- Up-to-date symlink: /home/wbforney/proj4_ws/install/turtlebot3_msgs/include/turtlebot3_msgs/turtlebot3_msgs/msg/detail/sound__struct.hpp
[0.749s] -- Up-to-date symlink: /home/wbforney/proj4_ws/install/turtlebot3_msgs/include/turtlebot3_msgs/turtlebot3_msgs/msg/detail/sound__traits.hpp
[0.750s] -- Up-to-date symlink: /home/wbforney/proj4_ws/install/turtlebot3_msgs/include/turtlebot3_msgs/turtlebot3_msgs/msg/detail/sound__type_support.hpp
[0.750s] -- Up-to-date symlink: /home/wbforney/proj4_ws/install/turtlebot3_msgs/include/turtlebot3_msgs/turtlebot3_msgs/msg/detail/version_info__builder.hpp
[0.750s] -- Up-to-date symlink: /home/wbforney/proj4_ws/install/turtlebot3_msgs/include/turtlebot3_msgs/turtlebot3_msgs/msg/detail/version_info__struct.hpp
[0.750s] -- Up-to-date symlink: /home/wbforney/proj4_ws/install/turtlebot3_msgs/include/turtlebot3_msgs/turtlebot3_msgs/msg/detail/version_info__traits.hpp
[0.751s] -- Up-to-date symlink: /home/wbforney/proj4_ws/install/turtlebot3_msgs/include/turtlebot3_msgs/turtlebot3_msgs/msg/detail/version_info__type_support.hpp
[0.751s] -- Up-to-date symlink: /home/wbforney/proj4_ws/install/turtlebot3_msgs/include/turtlebot3_msgs/turtlebot3_msgs/msg/rosidl_generator_cpp__visibility_control.hpp
[0.751s] -- Up-to-date symlink: /home/wbforney/proj4_ws/install/turtlebot3_msgs/include/turtlebot3_msgs/turtlebot3_msgs/msg/sensor_state.hpp
[0.752s] -- Up-to-date symlink: /home/wbforney/proj4_ws/install/turtlebot3_msgs/include/turtlebot3_msgs/turtlebot3_msgs/msg/sound.hpp
[0.752s] -- Up-to-date symlink: /home/wbforney/proj4_ws/install/turtlebot3_msgs/include/turtlebot3_msgs/turtlebot3_msgs/msg/version_info.hpp
[0.752s] -- Up-to-date symlink: /home/wbforney/proj4_ws/install/turtlebot3_msgs/include/turtlebot3_msgs/turtlebot3_msgs/srv/detail/dqn__builder.hpp
[0.752s] -- Up-to-date symlink: /home/wbforney/proj4_ws/install/turtlebot3_msgs/include/turtlebot3_msgs/turtlebot3_msgs/srv/detail/dqn__struct.hpp
[0.752s] -- Up-to-date symlink: /home/wbforney/proj4_ws/install/turtlebot3_msgs/include/turtlebot3_msgs/turtlebot3_msgs/srv/detail/dqn__traits.hpp
[0.752s] -- Up-to-date symlink: /home/wbforney/proj4_ws/install/turtlebot3_msgs/include/turtlebot3_msgs/turtlebot3_msgs/srv/detail/dqn__type_support.hpp
[0.752s] -- Up-to-date symlink: /home/wbforney/proj4_ws/install/turtlebot3_msgs/include/turtlebot3_msgs/turtlebot3_msgs/srv/detail/goal__builder.hpp
[0.752s] -- Up-to-date symlink: /home/wbforney/proj4_ws/install/turtlebot3_msgs/include/turtlebot3_msgs/turtlebot3_msgs/srv/detail/goal__struct.hpp
[0.752s] -- Up-to-date symlink: /home/wbforney/proj4_ws/install/turtlebot3_msgs/include/turtlebot3_msgs/turtlebot3_msgs/srv/detail/goal__traits.hpp
[0.753s] -- Up-to-date symlink: /home/wbforney/proj4_ws/install/turtlebot3_msgs/include/turtlebot3_msgs/turtlebot3_msgs/srv/detail/goal__type_support.hpp
[0.754s] -- Up-to-date symlink: /home/wbforney/proj4_ws/install/turtlebot3_msgs/include/turtlebot3_msgs/turtlebot3_msgs/srv/detail/sound__builder.hpp
[0.754s] -- Up-to-date symlink: /home/wbforney/proj4_ws/install/turtlebot3_msgs/include/turtlebot3_msgs/turtlebot3_msgs/srv/detail/sound__struct.hpp
[0.754s] -- Up-to-date symlink: /home/wbforney/proj4_ws/install/turtlebot3_msgs/include/turtlebot3_msgs/turtlebot3_msgs/srv/detail/sound__traits.hpp
[0.754s] -- Up-to-date symlink: /home/wbforney/proj4_ws/install/turtlebot3_msgs/include/turtlebot3_msgs/turtlebot3_msgs/srv/detail/sound__type_support.hpp
[0.754s] -- Up-to-date symlink: /home/wbforney/proj4_ws/install/turtlebot3_msgs/include/turtlebot3_msgs/turtlebot3_msgs/srv/dqn.hpp
[0.754s] -- Up-to-date symlink: /home/wbforney/proj4_ws/install/turtlebot3_msgs/include/turtlebot3_msgs/turtlebot3_msgs/srv/goal.hpp
[0.754s] -- Up-to-date symlink: /home/wbforney/proj4_ws/install/turtlebot3_msgs/include/turtlebot3_msgs/turtlebot3_msgs/srv/sound.hpp
[0.754s] -- Up-to-date symlink: /home/wbforney/proj4_ws/install/turtlebot3_msgs/include/turtlebot3_msgs/turtlebot3_msgs/action/detail/patrol__rosidl_typesupport_fastrtps_cpp.hpp
[0.754s] -- Up-to-date symlink: /home/wbforney/proj4_ws/install/turtlebot3_msgs/include/turtlebot3_msgs/turtlebot3_msgs/msg/detail/sensor_state__rosidl_typesupport_fastrtps_cpp.hpp
[0.754s] -- Up-to-date symlink: /home/wbforney/proj4_ws/install/turtlebot3_msgs/include/turtlebot3_msgs/turtlebot3_msgs/msg/detail/sound__rosidl_typesupport_fastrtps_cpp.hpp
[0.755s] -- Up-to-date symlink: /home/wbforney/proj4_ws/install/turtlebot3_msgs/include/turtlebot3_msgs/turtlebot3_msgs/msg/detail/version_info__rosidl_typesupport_fastrtps_cpp.hpp
[0.755s] -- Up-to-date symlink: /home/wbforney/proj4_ws/install/turtlebot3_msgs/include/turtlebot3_msgs/turtlebot3_msgs/msg/rosidl_typesupport_fastrtps_cpp__visibility_control.h
[0.755s] -- Up-to-date symlink: /home/wbforney/proj4_ws/install/turtlebot3_msgs/include/turtlebot3_msgs/turtlebot3_msgs/srv/detail/dqn__rosidl_typesupport_fastrtps_cpp.hpp
[0.755s] -- Up-to-date symlink: /home/wbforney/proj4_ws/install/turtlebot3_msgs/include/turtlebot3_msgs/turtlebot3_msgs/srv/detail/goal__rosidl_typesupport_fastrtps_cpp.hpp
[0.755s] -- Up-to-date symlink: /home/wbforney/proj4_ws/install/turtlebot3_msgs/include/turtlebot3_msgs/turtlebot3_msgs/srv/detail/sound__rosidl_typesupport_fastrtps_cpp.hpp
[0.755s] -- Up-to-date symlink: /home/wbforney/proj4_ws/install/turtlebot3_msgs/include/turtlebot3_msgs/turtlebot3_msgs/action/detail/patrol__rosidl_typesupport_introspection_c.h
[0.755s] -- Up-to-date symlink: /home/wbforney/proj4_ws/install/turtlebot3_msgs/include/turtlebot3_msgs/turtlebot3_msgs/msg/detail/sensor_state__rosidl_typesupport_introspection_c.h
[0.755s] -- Up-to-date symlink: /home/wbforney/proj4_ws/install/turtlebot3_msgs/include/turtlebot3_msgs/turtlebot3_msgs/msg/detail/sound__rosidl_typesupport_introspection_c.h
[0.755s] -- Up-to-date symlink: /home/wbforney/proj4_ws/install/turtlebot3_msgs/include/turtlebot3_msgs/turtlebot3_msgs/msg/detail/version_info__rosidl_typesupport_introspection_c.h
[0.755s] -- Up-to-date symlink: /home/wbforney/proj4_ws/install/turtlebot3_msgs/include/turtlebot3_msgs/turtlebot3_msgs/msg/rosidl_typesupport_introspection_c__visibility_control.h
[0.755s] -- Up-to-date symlink: /home/wbforney/proj4_ws/install/turtlebot3_msgs/include/turtlebot3_msgs/turtlebot3_msgs/srv/detail/dqn__rosidl_typesupport_introspection_c.h
[0.755s] -- Up-to-date symlink: /home/wbforney/proj4_ws/install/turtlebot3_msgs/include/turtlebot3_msgs/turtlebot3_msgs/srv/detail/goal__rosidl_typesupport_introspection_c.h
[0.755s] -- Up-to-date symlink: /home/wbforney/proj4_ws/install/turtlebot3_msgs/include/turtlebot3_msgs/turtlebot3_msgs/srv/detail/sound__rosidl_typesupport_introspection_c.h
[0.755s] -- Up-to-date symlink: /home/wbforney/proj4_ws/install/turtlebot3_msgs/include/turtlebot3_msgs/turtlebot3_msgs/action/detail/patrol__rosidl_typesupport_introspection_cpp.hpp
[0.756s] -- Up-to-date symlink: /home/wbforney/proj4_ws/install/turtlebot3_msgs/include/turtlebot3_msgs/turtlebot3_msgs/msg/detail/sensor_state__rosidl_typesupport_introspection_cpp.hpp
[0.756s] -- Up-to-date symlink: /home/wbforney/proj4_ws/install/turtlebot3_msgs/include/turtlebot3_msgs/turtlebot3_msgs/msg/detail/sound__rosidl_typesupport_introspection_cpp.hpp
[0.756s] -- Up-to-date symlink: /home/wbforney/proj4_ws/install/turtlebot3_msgs/include/turtlebot3_msgs/turtlebot3_msgs/msg/detail/version_info__rosidl_typesupport_introspection_cpp.hpp
[0.756s] -- Up-to-date symlink: /home/wbforney/proj4_ws/install/turtlebot3_msgs/include/turtlebot3_msgs/turtlebot3_msgs/srv/detail/dqn__rosidl_typesupport_introspection_cpp.hpp
[0.756s] -- Up-to-date symlink: /home/wbforney/proj4_ws/install/turtlebot3_msgs/include/turtlebot3_msgs/turtlebot3_msgs/srv/detail/goal__rosidl_typesupport_introspection_cpp.hpp
[0.756s] -- Up-to-date symlink: /home/wbforney/proj4_ws/install/turtlebot3_msgs/include/turtlebot3_msgs/turtlebot3_msgs/srv/detail/sound__rosidl_typesupport_introspection_cpp.hpp
[0.756s] -- Up-to-date symlink: /home/wbforney/proj4_ws/install/turtlebot3_msgs/share/turtlebot3_msgs/environment/pythonpath.sh
[0.756s] -- Up-to-date symlink: /home/wbforney/proj4_ws/install/turtlebot3_msgs/share/turtlebot3_msgs/environment/pythonpath.dsv
[0.757s] -- Up-to-date symlink: /home/wbforney/proj4_ws/install/turtlebot3_msgs/lib/python3.12/site-packages/turtlebot3_msgs-2.4.0-py3.12.egg-info/PKG-INFO
[0.757s] -- Up-to-date symlink: /home/wbforney/proj4_ws/install/turtlebot3_msgs/lib/python3.12/site-packages/turtlebot3_msgs-2.4.0-py3.12.egg-info/SOURCES.txt
[0.757s] -- Up-to-date symlink: /home/wbforney/proj4_ws/install/turtlebot3_msgs/lib/python3.12/site-packages/turtlebot3_msgs-2.4.0-py3.12.egg-info/dependency_links.txt
[0.757s] -- Up-to-date symlink: /home/wbforney/proj4_ws/install/turtlebot3_msgs/lib/python3.12/site-packages/turtlebot3_msgs-2.4.0-py3.12.egg-info/top_level.txt
[0.758s] -- Up-to-date symlink: /home/wbforney/proj4_ws/install/turtlebot3_msgs/lib/python3.12/site-packages/turtlebot3_msgs/__init__.py
[0.758s] -- Up-to-date symlink: /home/wbforney/proj4_ws/install/turtlebot3_msgs/lib/python3.12/site-packages/turtlebot3_msgs/_turtlebot3_msgs_s.ep.rosidl_typesupport_c.c
[0.758s] -- Up-to-date symlink: /home/wbforney/proj4_ws/install/turtlebot3_msgs/lib/python3.12/site-packages/turtlebot3_msgs/_turtlebot3_msgs_s.ep.rosidl_typesupport_fastrtps_c.c
[0.758s] -- Up-to-date symlink: /home/wbforney/proj4_ws/install/turtlebot3_msgs/lib/python3.12/site-packages/turtlebot3_msgs/_turtlebot3_msgs_s.ep.rosidl_typesupport_introspection_c.c
[0.758s] -- Up-to-date symlink: /home/wbforney/proj4_ws/install/turtlebot3_msgs/lib/python3.12/site-packages/turtlebot3_msgs/action/__init__.py
[0.759s] -- Up-to-date symlink: /home/wbforney/proj4_ws/install/turtlebot3_msgs/lib/python3.12/site-packages/turtlebot3_msgs/action/_patrol.py
[0.759s] -- Up-to-date symlink: /home/wbforney/proj4_ws/install/turtlebot3_msgs/lib/python3.12/site-packages/turtlebot3_msgs/action/_patrol_s.c
[0.759s] -- Up-to-date symlink: /home/wbforney/proj4_ws/install/turtlebot3_msgs/lib/python3.12/site-packages/turtlebot3_msgs/msg/__init__.py
[0.759s] -- Up-to-date symlink: /home/wbforney/proj4_ws/install/turtlebot3_msgs/lib/python3.12/site-packages/turtlebot3_msgs/msg/_sensor_state.py
[0.759s] -- Up-to-date symlink: /home/wbforney/proj4_ws/install/turtlebot3_msgs/lib/python3.12/site-packages/turtlebot3_msgs/msg/_sensor_state_s.c
[0.759s] -- Up-to-date symlink: /home/wbforney/proj4_ws/install/turtlebot3_msgs/lib/python3.12/site-packages/turtlebot3_msgs/msg/_sound.py
[0.759s] -- Up-to-date symlink: /home/wbforney/proj4_ws/install/turtlebot3_msgs/lib/python3.12/site-packages/turtlebot3_msgs/msg/_sound_s.c
[0.759s] -- Up-to-date symlink: /home/wbforney/proj4_ws/install/turtlebot3_msgs/lib/python3.12/site-packages/turtlebot3_msgs/msg/_version_info.py
[0.759s] -- Up-to-date symlink: /home/wbforney/proj4_ws/install/turtlebot3_msgs/lib/python3.12/site-packages/turtlebot3_msgs/msg/_version_info_s.c
[0.759s] -- Up-to-date symlink: /home/wbforney/proj4_ws/install/turtlebot3_msgs/lib/python3.12/site-packages/turtlebot3_msgs/srv/__init__.py
[0.759s] -- Up-to-date symlink: /home/wbforney/proj4_ws/install/turtlebot3_msgs/lib/python3.12/site-packages/turtlebot3_msgs/srv/_dqn.py
[0.759s] -- Up-to-date symlink: /home/wbforney/proj4_ws/install/turtlebot3_msgs/lib/python3.12/site-packages/turtlebot3_msgs/srv/_dqn_s.c
[0.760s] -- Up-to-date symlink: /home/wbforney/proj4_ws/install/turtlebot3_msgs/lib/python3.12/site-packages/turtlebot3_msgs/srv/_goal.py
[0.760s] -- Up-to-date symlink: /home/wbforney/proj4_ws/install/turtlebot3_msgs/lib/python3.12/site-packages/turtlebot3_msgs/srv/_goal_s.c
[0.760s] -- Up-to-date symlink: /home/wbforney/proj4_ws/install/turtlebot3_msgs/lib/python3.12/site-packages/turtlebot3_msgs/srv/_sound.py
[0.760s] -- Up-to-date symlink: /home/wbforney/proj4_ws/install/turtlebot3_msgs/lib/python3.12/site-packages/turtlebot3_msgs/srv/_sound_s.c
[0.760s] -- Up-to-date symlink: /home/wbforney/proj4_ws/install/turtlebot3_msgs/lib/python3.12/site-packages/turtlebot3_msgs/turtlebot3_msgs_s__rosidl_typesupport_c.so
[0.760s] -- Up-to-date symlink: /home/wbforney/proj4_ws/install/turtlebot3_msgs/lib/python3.12/site-packages/turtlebot3_msgs/turtlebot3_msgs_s__rosidl_typesupport_fastrtps_c.so
[0.760s] -- Up-to-date symlink: /home/wbforney/proj4_ws/install/turtlebot3_msgs/lib/python3.12/site-packages/turtlebot3_msgs/turtlebot3_msgs_s__rosidl_typesupport_introspection_c.so
[0.761s] -- Up-to-date symlink: /home/wbforney/proj4_ws/install/turtlebot3_msgs/lib/python3.12/site-packages/turtlebot3_msgs/turtlebot3_msgs_s__rosidl_typesupport_fastrtps_c.so
[0.761s] -- Up-to-date symlink: /home/wbforney/proj4_ws/install/turtlebot3_msgs/lib/python3.12/site-packages/turtlebot3_msgs/turtlebot3_msgs_s__rosidl_typesupport_introspection_c.so
[0.761s] -- Up-to-date symlink: /home/wbforney/proj4_ws/install/turtlebot3_msgs/lib/python3.12/site-packages/turtlebot3_msgs/turtlebot3_msgs_s__rosidl_typesupport_c.so
[0.761s] -- Up-to-date symlink: /home/wbforney/proj4_ws/install/turtlebot3_msgs/share/turtlebot3_msgs/msg/SensorState.idl
[0.761s] -- Up-to-date symlink: /home/wbforney/proj4_ws/install/turtlebot3_msgs/share/turtlebot3_msgs/msg/Sound.idl
[0.761s] -- Up-to-date symlink: /home/wbforney/proj4_ws/install/turtlebot3_msgs/share/turtlebot3_msgs/msg/VersionInfo.idl
[0.761s] -- Up-to-date symlink: /home/wbforney/proj4_ws/install/turtlebot3_msgs/share/turtlebot3_msgs/srv/Sound.idl
[0.761s] -- Up-to-date symlink: /home/wbforney/proj4_ws/install/turtlebot3_msgs/share/turtlebot3_msgs/srv/Dqn.idl
[0.763s] -- Up-to-date symlink: /home/wbforney/proj4_ws/install/turtlebot3_msgs/share/turtlebot3_msgs/srv/Goal.idl
[0.763s] -- Up-to-date symlink: /home/wbforney/proj4_ws/install/turtlebot3_msgs/share/turtlebot3_msgs/action/Patrol.idl
[0.764s] -- Up-to-date symlink: /home/wbforney/proj4_ws/install/turtlebot3_msgs/share/turtlebot3_msgs/msg/SensorState.msg
[0.764s] -- Up-to-date symlink: /home/wbforney/proj4_ws/install/turtlebot3_msgs/share/turtlebot3_msgs/msg/Sound.msg
[0.764s] -- Up-to-date symlink: /home/wbforney/proj4_ws/install/turtlebot3_msgs/share/turtlebot3_msgs/msg/VersionInfo.msg
[0.764s] -- Up-to-date symlink: /home/wbforney/proj4_ws/install/turtlebot3_msgs/share/turtlebot3_msgs/srv/Sound.srv
[0.764s] -- Up-to-date symlink: /home/wbforney/proj4_ws/install/turtlebot3_msgs/share/turtlebot3_msgs/srv/Dqn.srv
[0.764s] -- Up-to-date symlink: /home/wbforney/proj4_ws/install/turtlebot3_msgs/share/turtlebot3_msgs/srv/Goal.srv
[0.764s] -- Up-to-date symlink: /home/wbforney/proj4_ws/install/turtlebot3_msgs/share/turtlebot3_msgs/action/Patrol.action
[0.764s] -- Up-to-date symlink: /home/wbforney/proj4_ws/install/turtlebot3_msgs/share/ament_index/resource_index/package_run_dependencies/turtlebot3_msgs
[0.764s] -- Up-to-date symlink: /home/wbforney/proj4_ws/install/turtlebot3_msgs/share/ament_index/resource_index/parent_prefix_path/turtlebot3_msgs
[0.764s] -- Up-to-date symlink: /home/wbforney/proj4_ws/install/turtlebot3_msgs/share/turtlebot3_msgs/environment/ament_prefix_path.sh
[0.764s] -- Up-to-date symlink: /home/wbforney/proj4_ws/install/turtlebot3_msgs/share/turtlebot3_msgs/environment/ament_prefix_path.dsv
[0.764s] -- Up-to-date symlink: /home/wbforney/proj4_ws/install/turtlebot3_msgs/share/turtlebot3_msgs/environment/path.sh
[0.764s] -- Up-to-date symlink: /home/wbforney/proj4_ws/install/turtlebot3_msgs/share/turtlebot3_msgs/environment/path.dsv
[0.764s] -- Up-to-date symlink: /home/wbforney/proj4_ws/install/turtlebot3_msgs/share/turtlebot3_msgs/local_setup.bash
[0.765s] -- Up-to-date symlink: /home/wbforney/proj4_ws/install/turtlebot3_msgs/share/turtlebot3_msgs/local_setup.sh
[0.765s] -- Up-to-date symlink: /home/wbforney/proj4_ws/install/turtlebot3_msgs/share/turtlebot3_msgs/local_setup.zsh
[0.765s] -- Up-to-date symlink: /home/wbforney/proj4_ws/install/turtlebot3_msgs/share/turtlebot3_msgs/local_setup.dsv
[0.765s] -- Symlinking: /home/wbforney/proj4_ws/install/turtlebot3_msgs/share/turtlebot3_msgs/package.dsv
[0.772s] -- Up-to-date symlink: /home/wbforney/proj4_ws/install/turtlebot3_msgs/share/ament_index/resource_index/packages/turtlebot3_msgs
[0.773s] -- Up-to-date symlink: /home/wbforney/proj4_ws/install/turtlebot3_msgs/share/turtlebot3_msgs/cmake/rosidl_cmake-extras.cmake
[0.773s] -- Up-to-date symlink: /home/wbforney/proj4_ws/install/turtlebot3_msgs/share/turtlebot3_msgs/cmake/ament_cmake_export_dependencies-extras.cmake
[0.773s] -- Up-to-date symlink: /home/wbforney/proj4_ws/install/turtlebot3_msgs/share/turtlebot3_msgs/cmake/ament_cmake_export_include_directories-extras.cmake
[0.773s] -- Up-to-date symlink: /home/wbforney/proj4_ws/install/turtlebot3_msgs/share/turtlebot3_msgs/cmake/ament_cmake_export_libraries-extras.cmake
[0.773s] -- Up-to-date symlink: /home/wbforney/proj4_ws/install/turtlebot3_msgs/share/turtlebot3_msgs/cmake/ament_cmake_export_targets-extras.cmake
[0.773s] -- Up-to-date symlink: /home/wbforney/proj4_ws/install/turtlebot3_msgs/share/turtlebot3_msgs/cmake/rosidl_cmake_export_typesupport_targets-extras.cmake
[0.773s] -- Up-to-date symlink: /home/wbforney/proj4_ws/install/turtlebot3_msgs/share/turtlebot3_msgs/cmake/rosidl_cmake_export_typesupport_libraries-extras.cmake
[0.774s] -- Up-to-date symlink: /home/wbforney/proj4_ws/install/turtlebot3_msgs/share/turtlebot3_msgs/cmake/turtlebot3_msgsConfig.cmake
[0.774s] -- Up-to-date symlink: /home/wbforney/proj4_ws/install/turtlebot3_msgs/share/turtlebot3_msgs/cmake/turtlebot3_msgsConfig-version.cmake
[0.774s] -- Up-to-date symlink: /home/wbforney/proj4_ws/install/turtlebot3_msgs/share/turtlebot3_msgs/package.xml
[0.774s] -- Up-to-date: /home/wbforney/proj4_ws/install/turtlebot3_msgs/lib/libturtlebot3_msgs__rosidl_generator_c.so
[0.774s] -- Up-to-date: /home/wbforney/proj4_ws/install/turtlebot3_msgs/lib/libturtlebot3_msgs__rosidl_typesupport_fastrtps_c.so
[0.774s] -- Up-to-date: /home/wbforney/proj4_ws/install/turtlebot3_msgs/lib/libturtlebot3_msgs__rosidl_typesupport_fastrtps_cpp.so
[0.774s] -- Up-to-date: /home/wbforney/proj4_ws/install/turtlebot3_msgs/lib/libturtlebot3_msgs__rosidl_typesupport_introspection_c.so
[0.774s] -- Up-to-date: /home/wbforney/proj4_ws/install/turtlebot3_msgs/lib/libturtlebot3_msgs__rosidl_typesupport_c.so
[0.774s] -- Up-to-date: /home/wbforney/proj4_ws/install/turtlebot3_msgs/lib/libturtlebot3_msgs__rosidl_typesupport_introspection_cpp.so
[0.775s] -- Up-to-date: /home/wbforney/proj4_ws/install/turtlebot3_msgs/lib/libturtlebot3_msgs__rosidl_typesupport_cpp.so
[0.813s] Listing '/home/wbforney/proj4_ws/install/turtlebot3_msgs/lib/python3.12/site-packages/turtlebot3_msgs'...
[0.813s] Listing '/home/wbforney/proj4_ws/install/turtlebot3_msgs/lib/python3.12/site-packages/turtlebot3_msgs/action'...
[0.813s] Listing '/home/wbforney/proj4_ws/install/turtlebot3_msgs/lib/python3.12/site-packages/turtlebot3_msgs/msg'...
[0.813s] Listing '/home/wbforney/proj4_ws/install/turtlebot3_msgs/lib/python3.12/site-packages/turtlebot3_msgs/srv'...
[0.824s] -- Up-to-date: /home/wbforney/proj4_ws/install/turtlebot3_msgs/lib/libturtlebot3_msgs__rosidl_generator_py.so
[0.825s] -- Up-to-date: /home/wbforney/proj4_ws/install/turtlebot3_msgs/share/turtlebot3_msgs/cmake/export_turtlebot3_msgs__rosidl_generator_cExport.cmake
[0.825s] -- Up-to-date: /home/wbforney/proj4_ws/install/turtlebot3_msgs/share/turtlebot3_msgs/cmake/export_turtlebot3_msgs__rosidl_generator_cExport-noconfig.cmake
[0.825s] -- Up-to-date: /home/wbforney/proj4_ws/install/turtlebot3_msgs/share/turtlebot3_msgs/cmake/export_turtlebot3_msgs__rosidl_typesupport_fastrtps_cExport.cmake
[0.825s] -- Up-to-date: /home/wbforney/proj4_ws/install/turtlebot3_msgs/share/turtlebot3_msgs/cmake/export_turtlebot3_msgs__rosidl_typesupport_fastrtps_cExport-noconfig.cmake
[0.825s] -- Up-to-date: /home/wbforney/proj4_ws/install/turtlebot3_msgs/share/turtlebot3_msgs/cmake/export_turtlebot3_msgs__rosidl_generator_cppExport.cmake
[0.825s] -- Up-to-date: /home/wbforney/proj4_ws/install/turtlebot3_msgs/share/turtlebot3_msgs/cmake/export_turtlebot3_msgs__rosidl_typesupport_fastrtps_cppExport.cmake
[0.825s] -- Up-to-date: /home/wbforney/proj4_ws/install/turtlebot3_msgs/share/turtlebot3_msgs/cmake/export_turtlebot3_msgs__rosidl_typesupport_fastrtps_cppExport-noconfig.cmake
[0.825s] -- Up-to-date: /home/wbforney/proj4_ws/install/turtlebot3_msgs/share/turtlebot3_msgs/cmake/turtlebot3_msgs__rosidl_typesupport_introspection_cExport.cmake
[0.825s] -- Up-to-date: /home/wbforney/proj4_ws/install/turtlebot3_msgs/share/turtlebot3_msgs/cmake/turtlebot3_msgs__rosidl_typesupport_introspection_cExport-noconfig.cmake
[0.825s] -- Up-to-date: /home/wbforney/proj4_ws/install/turtlebot3_msgs/share/turtlebot3_msgs/cmake/turtlebot3_msgs__rosidl_typesupport_cExport.cmake
[0.825s] -- Up-to-date: /home/wbforney/proj4_ws/install/turtlebot3_msgs/share/turtlebot3_msgs/cmake/turtlebot3_msgs__rosidl_typesupport_cExport-noconfig.cmake
[0.826s] -- Up-to-date: /home/wbforney/proj4_ws/install/turtlebot3_msgs/share/turtlebot3_msgs/cmake/turtlebot3_msgs__rosidl_typesupport_introspection_cppExport.cmake
[0.826s] -- Up-to-date: /home/wbforney/proj4_ws/install/turtlebot3_msgs/share/turtlebot3_msgs/cmake/turtlebot3_msgs__rosidl_typesupport_introspection_cppExport-noconfig.cmake
[0.826s] -- Up-to-date: /home/wbforney/proj4_ws/install/turtlebot3_msgs/share/turtlebot3_msgs/cmake/turtlebot3_msgs__rosidl_typesupport_cppExport.cmake
[0.826s] -- Up-to-date: /home/wbforney/proj4_ws/install/turtlebot3_msgs/share/turtlebot3_msgs/cmake/turtlebot3_msgs__rosidl_typesupport_cppExport-noconfig.cmake
[0.826s] -- Up-to-date: /home/wbforney/proj4_ws/install/turtlebot3_msgs/share/turtlebot3_msgs/cmake/export_turtlebot3_msgs__rosidl_generator_pyExport.cmake
[0.826s] -- Up-to-date: /home/wbforney/proj4_ws/install/turtlebot3_msgs/share/turtlebot3_msgs/cmake/export_turtlebot3_msgs__rosidl_generator_pyExport-noconfig.cmake
[0.835s] Invoked command in '/home/wbforney/proj4_ws/build/turtlebot3_msgs' returned '0': CMAKE_PREFIX_PATH=${CMAKE_PREFIX_PATH}:/home/wbforney/proj4_ws/install/turtlebot3_teleop:/home/wbforney/proj4_ws/install/turtlebot3_example:/home/wbforney/proj4_ws/install/kalmanFilters:/opt/ros/jazzy DEBUGINFOD_URLS=https://debuginfod.ubuntu.com /usr/bin/cmake --install /home/wbforney/proj4_ws/build/turtlebot3_msgs
