[0.797s] Invoking command in '/home/wbforney/proj4_ws/src/turtlebot3/turtlebot3_teleop': DEBUGINFOD_URLS=https://debuginfod.ubuntu.com PYTHONPATH=/home/wbforney/proj4_ws/build/turtlebot3_teleop/prefix_override:/usr/lib/python3/dist-packages/colcon_core/task/python/colcon_distutils_commands:/home/wbforney/proj4_ws/install/turtlebot3_teleop/lib/python3.12/site-packages:${PYTHONPATH} /usr/bin/python3 -W ignore:setup.py install is deprecated -W ignore:easy_install command is deprecated setup.py egg_info --egg-base ../../../build/turtlebot3_teleop build --build-base /home/wbforney/proj4_ws/build/turtlebot3_teleop/build install --record /home/wbforney/proj4_ws/build/turtlebot3_teleop/install.log --single-version-externally-managed install_data
[0.972s] running egg_info
[0.983s] writing ../../../build/turtlebot3_teleop/turtlebot3_teleop.egg-info/PKG-INFO
[0.983s] writing dependency_links to ../../../build/turtlebot3_teleop/turtlebot3_teleop.egg-info/dependency_links.txt
[0.983s] writing entry points to ../../../build/turtlebot3_teleop/turtlebot3_teleop.egg-info/entry_points.txt
[0.983s] writing requirements to ../../../build/turtlebot3_teleop/turtlebot3_teleop.egg-info/requires.txt
[0.983s] writing top-level names to ../../../build/turtlebot3_teleop/turtlebot3_teleop.egg-info/top_level.txt
[1.006s] reading manifest file '../../../build/turtlebot3_teleop/turtlebot3_teleop.egg-info/SOURCES.txt'
[1.006s] writing manifest file '../../../build/turtlebot3_teleop/turtlebot3_teleop.egg-info/SOURCES.txt'
[1.007s] running build
[1.007s] running build_py
[1.007s] running install
[1.011s] running install_lib
[1.022s] running install_data
[1.023s] running install_egg_info
[1.035s] removing '/home/wbforney/proj4_ws/install/turtlebot3_teleop/lib/python3.12/site-packages/turtlebot3_teleop-2.3.6-py3.12.egg-info' (and everything under it)
[1.035s] Copying ../../../build/turtlebot3_teleop/turtlebot3_teleop.egg-info to /home/wbforney/proj4_ws/install/turtlebot3_teleop/lib/python3.12/site-packages/turtlebot3_teleop-2.3.6-py3.12.egg-info
[1.035s] running install_scripts
[1.120s] Installing teleop_keyboard script to /home/wbforney/proj4_ws/install/turtlebot3_teleop/lib/turtlebot3_teleop
[1.121s] writing list of installed files to '/home/wbforney/proj4_ws/build/turtlebot3_teleop/install.log'
[1.150s] Invoked command in '/home/wbforney/proj4_ws/src/turtlebot3/turtlebot3_teleop' returned '0': DEBUGINFOD_URLS=https://debuginfod.ubuntu.com PYTHONPATH=/home/wbforney/proj4_ws/build/turtlebot3_teleop/prefix_override:/usr/lib/python3/dist-packages/colcon_core/task/python/colcon_distutils_commands:/home/wbforney/proj4_ws/install/turtlebot3_teleop/lib/python3.12/site-packages:${PYTHONPATH} /usr/bin/python3 -W ignore:setup.py install is deprecated -W ignore:easy_install command is deprecated setup.py egg_info --egg-base ../../../build/turtlebot3_teleop build --build-base /home/wbforney/proj4_ws/build/turtlebot3_teleop/build install --record /home/wbforney/proj4_ws/build/turtlebot3_teleop/install.log --single-version-externally-managed install_data
