[0.027s] Invoking command in '/home/wbforney/proj4_ws/build/turtlebot3_description': CMAKE_PREFIX_PATH=${CMAKE_PREFIX_PATH}:/home/wbforney/proj4_ws/install/kalmanFilters:/opt/ros/jazzy DEBUGINFOD_URLS=https://debuginfod.ubuntu.com /usr/bin/cmake /home/wbforney/proj4_ws/src/turtlebot3/turtlebot3_description -DCMAKE_INSTALL_PREFIX=/home/wbforney/proj4_ws/install/turtlebot3_description
[0.367s] -- The C compiler identification is GNU 13.3.0
[0.367s] -- The CXX compiler identification is GNU 13.3.0
[0.367s] -- Detecting C compiler ABI info
[0.367s] -- Detecting C compiler ABI info - done
[0.367s] -- Check for working C compiler: /usr/bin/cc - skipped
[0.367s] -- Detecting C compile features
[0.368s] -- Detecting C compile features - done
[0.368s] -- Detecting CXX compiler ABI info
[0.368s] -- Detecting CXX compiler ABI info - done
[0.368s] -- Check for working CXX compiler: /usr/bin/c++ - skipped
[0.368s] -- Detecting CXX compile features
[0.368s] -- Detecting CXX compile features - done
[0.368s] -- Found ament_cmake: 2.5.5 (/opt/ros/jazzy/share/ament_cmake/cmake)
[0.446s] -- Found Python3: /usr/bin/python3 (found version "3.12.3") found components: Interpreter 
[0.542s] -- Found urdf: 2.10.0 (/opt/ros/jazzy/share/urdf/cmake)
[0.595s] -- Found TinyXML2 via Config file: /usr/lib/x86_64-linux-gnu/cmake/tinyxml2
[0.675s] -- Configuring done (0.6s)
[0.678s] -- Generating done (0.0s)
[0.679s] -- Build files have been written to: /home/wbforney/proj4_ws/build/turtlebot3_description
