[0.034s] Invoking command in '/home/wbforney/proj4_ws/build/turtlebot3_msgs': CMAKE_PREFIX_PATH=${CMAKE_PREFIX_PATH}:/home/wbforney/proj4_ws/install/kalmanFilters:/opt/ros/jazzy DEBUGINFOD_URLS=https://debuginfod.ubuntu.com /usr/bin/cmake /home/wbforney/proj4_ws/src/turtlebot3_msgs -DAMENT_CMAKE_SYMLINK_INSTALL=1 -DCMAKE_INSTALL_PREFIX=/home/wbforney/proj4_ws/install/turtlebot3_msgs
[0.200s] -- Found action_msgs: 2.0.3 (/opt/ros/jazzy/share/action_msgs/cmake)
[0.200s] -- Found Python3: /usr/bin/python3 (found version "3.12.3") found components: Interpreter 
[0.200s] -- Override CMake install command with custom implementation using symlinks instead of copying resources
[0.200s] -- Found rosidl_generator_c: 4.6.7 (/opt/ros/jazzy/share/rosidl_generator_c/cmake)
[0.200s] -- Found rosidl_generator_cpp: 4.6.7 (/opt/ros/jazzy/share/rosidl_generator_cpp/cmake)
[0.201s] -- Using all available rosidl_typesupport_c: rosidl_typesupport_fastrtps_c;rosidl_typesupport_introspection_c
[0.202s] -- Using all available rosidl_typesupport_cpp: rosidl_typesupport_fastrtps_cpp;rosidl_typesupport_introspection_cpp
[0.218s] -- Found rosidl_default_generators: 1.6.0 (/opt/ros/jazzy/share/rosidl_default_generators/cmake)
[0.224s] -- Found rosidl_adapter: 4.6.7 (/opt/ros/jazzy/share/rosidl_adapter/cmake)
[0.225s] -- Found std_msgs: 5.3.6 (/opt/ros/jazzy/share/std_msgs/cmake)
[0.237s] -- Found geometry_msgs: 5.3.6 (/opt/ros/jazzy/share/geometry_msgs/cmake)
[0.504s] -- Found ament_cmake_cppcheck: 0.17.4 (/opt/ros/jazzy/share/ament_cmake_cppcheck/cmake)
[0.504s] -- Found ament_cmake_cpplint: 0.17.4 (/opt/ros/jazzy/share/ament_cmake_cpplint/cmake)
[0.505s] -- Found ament_cmake_uncrustify: 0.17.4 (/opt/ros/jazzy/share/ament_cmake_uncrustify/cmake)
[0.505s] -- Found ament_cmake_ros: 0.12.0 (/opt/ros/jazzy/share/ament_cmake_ros/cmake)
[0.724s] -- Using all available rosidl_typesupport_c: rosidl_typesupport_fastrtps_c;rosidl_typesupport_introspection_c
[0.813s] -- Using all available rosidl_typesupport_cpp: rosidl_typesupport_fastrtps_cpp;rosidl_typesupport_introspection_cpp
[0.815s] -- Found python_cmake_module: 0.11.1 (/opt/ros/jazzy/share/python_cmake_module/cmake)
[0.995s] -- Found Python3: /usr/bin/python3 (found version "3.12.3") found components: Interpreter Development NumPy Development.Module Development.Embed 
[1.022s] -- Found ament_cmake_flake8: 0.17.4 (/opt/ros/jazzy/share/ament_cmake_flake8/cmake)
[1.023s] -- Found ament_cmake_pep257: 0.17.4 (/opt/ros/jazzy/share/ament_cmake_pep257/cmake)
[1.028s] -- Configuring done (1.0s)
[1.062s] -- Generating done (0.0s)
[1.071s] -- Build files have been written to: /home/wbforney/proj4_ws/build/turtlebot3_msgs
