[0.019s] Invoking command in '/home/wbforney/proj4_ws/build/turtlebot3_bringup': AMENT_PREFIX_PATH=/home/wbforney/proj4_ws/install/turtlebot3_node:/home/wbforney/proj4_ws/install/turtlebot3_msgs:/home/wbforney/proj4_ws/install/turtlebot3_description:/home/wbforney/proj4_ws/install/dynamixel_sdk:${AMENT_PREFIX_PATH} CMAKE_PREFIX_PATH=/home/wbforney/proj4_ws/install/turtlebot3_node:/home/wbforney/proj4_ws/install/turtlebot3_msgs:/home/wbforney/proj4_ws/install/turtlebot3_description:/home/wbforney/proj4_ws/install/dynamixel_sdk:/opt/ros/jazzy/opt/gz_sim_vendor:/opt/ros/jazzy/opt/gz_sensors_vendor:/opt/ros/jazzy/opt/gz_physics_vendor:/opt/ros/jazzy/opt/gz_gui_vendor:/opt/ros/jazzy/opt/gz_transport_vendor:/opt/ros/jazzy/opt/gz_rendering_vendor:/opt/ros/jazzy/opt/gz_plugin_vendor:/opt/ros/jazzy/opt/gz_fuel_tools_vendor:/opt/ros/jazzy/opt/gz_msgs_vendor:/opt/ros/jazzy/opt/gz_common_vendor:/opt/ros/jazzy/opt/gz_ogre_next_vendor:/opt/ros/jazzy/opt/gz_dartsim_vendor:/opt/ros/jazzy/opt/sdformat_vendor:/opt/ros/jazzy/opt/gz_math_vendor:/opt/ros/jazzy/opt/gz_utils_vendor:/opt/ros/jazzy/opt/gz_tools_vendor:/opt/ros/jazzy/opt/gz_cmake_vendor:/home/wbforney/proj4_ws/install/kalmanFilters:/opt/ros/jazzy DEBUGINFOD_URLS=https://debuginfod.ubuntu.com LD_LIBRARY_PATH=/home/wbforney/proj4_ws/install/turtlebot3_msgs/lib:/home/wbforney/proj4_ws/install/dynamixel_sdk/lib:${LD_LIBRARY_PATH} PYTHONPATH=/home/wbforney/proj4_ws/install/turtlebot3_msgs/lib/python3.12/site-packages:/home/wbforney/proj4_ws/install/dynamixel_sdk/lib/python3.12/site-packages:${PYTHONPATH} /usr/bin/cmake /home/wbforney/proj4_ws/src/turtlebot3/turtlebot3_bringup -DCMAKE_INSTALL_PREFIX=/home/wbforney/proj4_ws/install/turtlebot3_bringup
[0.067s] -- The C compiler identification is GNU 13.3.0
[0.115s] -- The CXX compiler identification is GNU 13.3.0
[0.132s] -- Detecting C compiler ABI info
[0.223s] -- Detecting C compiler ABI info - done
[0.230s] -- Check for working C compiler: /usr/bin/cc - skipped
[0.230s] -- Detecting C compile features
[0.230s] -- Detecting C compile features - done
[0.240s] -- Detecting CXX compiler ABI info
[0.339s] -- Detecting CXX compiler ABI info - done
[0.344s] -- Check for working CXX compiler: /usr/bin/c++ - skipped
[0.345s] -- Detecting CXX compile features
[0.345s] -- Detecting CXX compile features - done
[0.349s] -- Found ament_cmake: 2.5.5 (/opt/ros/jazzy/share/ament_cmake/cmake)
[0.469s] -- Found Python3: /usr/bin/python3 (found version "3.12.3") found components: Interpreter 
[0.617s] -- Configuring done (0.6s)
[0.619s] -- Generating done (0.0s)
[0.620s] -- Build files have been written to: /home/wbforney/proj4_ws/build/turtlebot3_bringup
[0.625s] Invoked command in '/home/wbforney/proj4_ws/build/turtlebot3_bringup' returned '0': AMENT_PREFIX_PATH=/home/wbforney/proj4_ws/install/turtlebot3_node:/home/wbforney/proj4_ws/install/turtlebot3_msgs:/home/wbforney/proj4_ws/install/turtlebot3_description:/home/wbforney/proj4_ws/install/dynamixel_sdk:${AMENT_PREFIX_PATH} CMAKE_PREFIX_PATH=/home/wbforney/proj4_ws/install/turtlebot3_node:/home/wbforney/proj4_ws/install/turtlebot3_msgs:/home/wbforney/proj4_ws/install/turtlebot3_description:/home/wbforney/proj4_ws/install/dynamixel_sdk:/opt/ros/jazzy/opt/gz_sim_vendor:/opt/ros/jazzy/opt/gz_sensors_vendor:/opt/ros/jazzy/opt/gz_physics_vendor:/opt/ros/jazzy/opt/gz_gui_vendor:/opt/ros/jazzy/opt/gz_transport_vendor:/opt/ros/jazzy/opt/gz_rendering_vendor:/opt/ros/jazzy/opt/gz_plugin_vendor:/opt/ros/jazzy/opt/gz_fuel_tools_vendor:/opt/ros/jazzy/opt/gz_msgs_vendor:/opt/ros/jazzy/opt/gz_common_vendor:/opt/ros/jazzy/opt/gz_ogre_next_vendor:/opt/ros/jazzy/opt/gz_dartsim_vendor:/opt/ros/jazzy/opt/sdformat_vendor:/opt/ros/jazzy/opt/gz_math_vendor:/opt/ros/jazzy/opt/gz_utils_vendor:/opt/ros/jazzy/opt/gz_tools_vendor:/opt/ros/jazzy/opt/gz_cmake_vendor:/home/wbforney/proj4_ws/install/kalmanFilters:/opt/ros/jazzy DEBUGINFOD_URLS=https://debuginfod.ubuntu.com LD_LIBRARY_PATH=/home/wbforney/proj4_ws/install/turtlebot3_msgs/lib:/home/wbforney/proj4_ws/install/dynamixel_sdk/lib:${LD_LIBRARY_PATH} PYTHONPATH=/home/wbforney/proj4_ws/install/turtlebot3_msgs/lib/python3.12/site-packages:/home/wbforney/proj4_ws/install/dynamixel_sdk/lib/python3.12/site-packages:${PYTHONPATH} /usr/bin/cmake /home/wbforney/proj4_ws/src/turtlebot3/turtlebot3_bringup -DCMAKE_INSTALL_PREFIX=/home/wbforney/proj4_ws/install/turtlebot3_bringup
[0.626s] Invoking command in '/home/wbforney/proj4_ws/build/turtlebot3_bringup': AMENT_PREFIX_PATH=/home/wbforney/proj4_ws/install/turtlebot3_node:/home/wbforney/proj4_ws/install/turtlebot3_msgs:/home/wbforney/proj4_ws/install/turtlebot3_description:/home/wbforney/proj4_ws/install/dynamixel_sdk:${AMENT_PREFIX_PATH} CMAKE_PREFIX_PATH=/home/wbforney/proj4_ws/install/turtlebot3_node:/home/wbforney/proj4_ws/install/turtlebot3_msgs:/home/wbforney/proj4_ws/install/turtlebot3_description:/home/wbforney/proj4_ws/install/dynamixel_sdk:/opt/ros/jazzy/opt/gz_sim_vendor:/opt/ros/jazzy/opt/gz_sensors_vendor:/opt/ros/jazzy/opt/gz_physics_vendor:/opt/ros/jazzy/opt/gz_gui_vendor:/opt/ros/jazzy/opt/gz_transport_vendor:/opt/ros/jazzy/opt/gz_rendering_vendor:/opt/ros/jazzy/opt/gz_plugin_vendor:/opt/ros/jazzy/opt/gz_fuel_tools_vendor:/opt/ros/jazzy/opt/gz_msgs_vendor:/opt/ros/jazzy/opt/gz_common_vendor:/opt/ros/jazzy/opt/gz_ogre_next_vendor:/opt/ros/jazzy/opt/gz_dartsim_vendor:/opt/ros/jazzy/opt/sdformat_vendor:/opt/ros/jazzy/opt/gz_math_vendor:/opt/ros/jazzy/opt/gz_utils_vendor:/opt/ros/jazzy/opt/gz_tools_vendor:/opt/ros/jazzy/opt/gz_cmake_vendor:/home/wbforney/proj4_ws/install/kalmanFilters:/opt/ros/jazzy DEBUGINFOD_URLS=https://debuginfod.ubuntu.com LD_LIBRARY_PATH=/home/wbforney/proj4_ws/install/turtlebot3_msgs/lib:/home/wbforney/proj4_ws/install/dynamixel_sdk/lib:${LD_LIBRARY_PATH} PYTHONPATH=/home/wbforney/proj4_ws/install/turtlebot3_msgs/lib/python3.12/site-packages:/home/wbforney/proj4_ws/install/dynamixel_sdk/lib/python3.12/site-packages:${PYTHONPATH} /usr/bin/cmake --build /home/wbforney/proj4_ws/build/turtlebot3_bringup -- -j16 -l16
[0.665s] Invoked command in '/home/wbforney/proj4_ws/build/turtlebot3_bringup' returned '0': AMENT_PREFIX_PATH=/home/wbforney/proj4_ws/install/turtlebot3_node:/home/wbforney/proj4_ws/install/turtlebot3_msgs:/home/wbforney/proj4_ws/install/turtlebot3_description:/home/wbforney/proj4_ws/install/dynamixel_sdk:${AMENT_PREFIX_PATH} CMAKE_PREFIX_PATH=/home/wbforney/proj4_ws/install/turtlebot3_node:/home/wbforney/proj4_ws/install/turtlebot3_msgs:/home/wbforney/proj4_ws/install/turtlebot3_description:/home/wbforney/proj4_ws/install/dynamixel_sdk:/opt/ros/jazzy/opt/gz_sim_vendor:/opt/ros/jazzy/opt/gz_sensors_vendor:/opt/ros/jazzy/opt/gz_physics_vendor:/opt/ros/jazzy/opt/gz_gui_vendor:/opt/ros/jazzy/opt/gz_transport_vendor:/opt/ros/jazzy/opt/gz_rendering_vendor:/opt/ros/jazzy/opt/gz_plugin_vendor:/opt/ros/jazzy/opt/gz_fuel_tools_vendor:/opt/ros/jazzy/opt/gz_msgs_vendor:/opt/ros/jazzy/opt/gz_common_vendor:/opt/ros/jazzy/opt/gz_ogre_next_vendor:/opt/ros/jazzy/opt/gz_dartsim_vendor:/opt/ros/jazzy/opt/sdformat_vendor:/opt/ros/jazzy/opt/gz_math_vendor:/opt/ros/jazzy/opt/gz_utils_vendor:/opt/ros/jazzy/opt/gz_tools_vendor:/opt/ros/jazzy/opt/gz_cmake_vendor:/home/wbforney/proj4_ws/install/kalmanFilters:/opt/ros/jazzy DEBUGINFOD_URLS=https://debuginfod.ubuntu.com LD_LIBRARY_PATH=/home/wbforney/proj4_ws/install/turtlebot3_msgs/lib:/home/wbforney/proj4_ws/install/dynamixel_sdk/lib:${LD_LIBRARY_PATH} PYTHONPATH=/home/wbforney/proj4_ws/install/turtlebot3_msgs/lib/python3.12/site-packages:/home/wbforney/proj4_ws/install/dynamixel_sdk/lib/python3.12/site-packages:${PYTHONPATH} /usr/bin/cmake --build /home/wbforney/proj4_ws/build/turtlebot3_bringup -- -j16 -l16
[0.666s] Invoking command in '/home/wbforney/proj4_ws/build/turtlebot3_bringup': AMENT_PREFIX_PATH=/home/wbforney/proj4_ws/install/turtlebot3_node:/home/wbforney/proj4_ws/install/turtlebot3_msgs:/home/wbforney/proj4_ws/install/turtlebot3_description:/home/wbforney/proj4_ws/install/dynamixel_sdk:${AMENT_PREFIX_PATH} CMAKE_PREFIX_PATH=/home/wbforney/proj4_ws/install/turtlebot3_node:/home/wbforney/proj4_ws/install/turtlebot3_msgs:/home/wbforney/proj4_ws/install/turtlebot3_description:/home/wbforney/proj4_ws/install/dynamixel_sdk:/opt/ros/jazzy/opt/gz_sim_vendor:/opt/ros/jazzy/opt/gz_sensors_vendor:/opt/ros/jazzy/opt/gz_physics_vendor:/opt/ros/jazzy/opt/gz_gui_vendor:/opt/ros/jazzy/opt/gz_transport_vendor:/opt/ros/jazzy/opt/gz_rendering_vendor:/opt/ros/jazzy/opt/gz_plugin_vendor:/opt/ros/jazzy/opt/gz_fuel_tools_vendor:/opt/ros/jazzy/opt/gz_msgs_vendor:/opt/ros/jazzy/opt/gz_common_vendor:/opt/ros/jazzy/opt/gz_ogre_next_vendor:/opt/ros/jazzy/opt/gz_dartsim_vendor:/opt/ros/jazzy/opt/sdformat_vendor:/opt/ros/jazzy/opt/gz_math_vendor:/opt/ros/jazzy/opt/gz_utils_vendor:/opt/ros/jazzy/opt/gz_tools_vendor:/opt/ros/jazzy/opt/gz_cmake_vendor:/home/wbforney/proj4_ws/install/kalmanFilters:/opt/ros/jazzy DEBUGINFOD_URLS=https://debuginfod.ubuntu.com LD_LIBRARY_PATH=/home/wbforney/proj4_ws/install/turtlebot3_msgs/lib:/home/wbforney/proj4_ws/install/dynamixel_sdk/lib:${LD_LIBRARY_PATH} PYTHONPATH=/home/wbforney/proj4_ws/install/turtlebot3_msgs/lib/python3.12/site-packages:/home/wbforney/proj4_ws/install/dynamixel_sdk/lib/python3.12/site-packages:${PYTHONPATH} /usr/bin/cmake --install /home/wbforney/proj4_ws/build/turtlebot3_bringup
[0.674s] -- Install configuration: ""
[0.674s] -- Installing: /home/wbforney/proj4_ws/install/turtlebot3_bringup/share/turtlebot3_bringup/launch
[0.674s] -- Installing: /home/wbforney/proj4_ws/install/turtlebot3_bringup/share/turtlebot3_bringup/launch/robot.launch.py
[0.674s] -- Installing: /home/wbforney/proj4_ws/install/turtlebot3_bringup/share/turtlebot3_bringup/launch/turtlebot3_state_publisher.launch.py
[0.675s] -- Installing: /home/wbforney/proj4_ws/install/turtlebot3_bringup/share/turtlebot3_bringup/launch/rviz2.launch.py
[0.675s] -- Installing: /home/wbforney/proj4_ws/install/turtlebot3_bringup/share/turtlebot3_bringup/launch/camera.launch.py
[0.675s] -- Installing: /home/wbforney/proj4_ws/install/turtlebot3_bringup/share/turtlebot3_bringup/param
[0.675s] -- Installing: /home/wbforney/proj4_ws/install/turtlebot3_bringup/share/turtlebot3_bringup/param/waffle_pi.yaml
[0.675s] -- Installing: /home/wbforney/proj4_ws/install/turtlebot3_bringup/share/turtlebot3_bringup/param/waffle.yaml
[0.675s] -- Installing: /home/wbforney/proj4_ws/install/turtlebot3_bringup/share/turtlebot3_bringup/param/burger.yaml
[0.675s] -- Installing: /home/wbforney/proj4_ws/install/turtlebot3_bringup/share/turtlebot3_bringup/param/humble
[0.675s] -- Installing: /home/wbforney/proj4_ws/install/turtlebot3_bringup/share/turtlebot3_bringup/param/humble/waffle_pi.yaml
[0.675s] -- Installing: /home/wbforney/proj4_ws/install/turtlebot3_bringup/share/turtlebot3_bringup/param/humble/waffle.yaml
[0.676s] -- Installing: /home/wbforney/proj4_ws/install/turtlebot3_bringup/share/turtlebot3_bringup/param/humble/burger.yaml
[0.676s] -- Installing: /home/wbforney/proj4_ws/install/turtlebot3_bringup/share/turtlebot3_bringup/script
[0.676s] -- Installing: /home/wbforney/proj4_ws/install/turtlebot3_bringup/share/turtlebot3_bringup/script/create_udev_rules
[0.676s] -- Installing: /home/wbforney/proj4_ws/install/turtlebot3_bringup/share/turtlebot3_bringup/script/99-turtlebot3-cdc.rules
[0.676s] -- Installing: /home/wbforney/proj4_ws/install/turtlebot3_bringup/share/ament_index/resource_index/package_run_dependencies/turtlebot3_bringup
[0.676s] -- Installing: /home/wbforney/proj4_ws/install/turtlebot3_bringup/share/ament_index/resource_index/parent_prefix_path/turtlebot3_bringup
[0.676s] -- Installing: /home/wbforney/proj4_ws/install/turtlebot3_bringup/share/turtlebot3_bringup/environment/ament_prefix_path.sh
[0.677s] -- Installing: /home/wbforney/proj4_ws/install/turtlebot3_bringup/share/turtlebot3_bringup/environment/ament_prefix_path.dsv
[0.677s] -- Installing: /home/wbforney/proj4_ws/install/turtlebot3_bringup/share/turtlebot3_bringup/environment/path.sh
[0.677s] -- Installing: /home/wbforney/proj4_ws/install/turtlebot3_bringup/share/turtlebot3_bringup/environment/path.dsv
[0.677s] -- Installing: /home/wbforney/proj4_ws/install/turtlebot3_bringup/share/turtlebot3_bringup/local_setup.bash
[0.677s] -- Installing: /home/wbforney/proj4_ws/install/turtlebot3_bringup/share/turtlebot3_bringup/local_setup.sh
[0.677s] -- Installing: /home/wbforney/proj4_ws/install/turtlebot3_bringup/share/turtlebot3_bringup/local_setup.zsh
[0.677s] -- Installing: /home/wbforney/proj4_ws/install/turtlebot3_bringup/share/turtlebot3_bringup/local_setup.dsv
[0.677s] -- Installing: /home/wbforney/proj4_ws/install/turtlebot3_bringup/share/turtlebot3_bringup/package.dsv
[0.677s] -- Installing: /home/wbforney/proj4_ws/install/turtlebot3_bringup/share/ament_index/resource_index/packages/turtlebot3_bringup
[0.677s] -- Installing: /home/wbforney/proj4_ws/install/turtlebot3_bringup/share/turtlebot3_bringup/cmake/turtlebot3_bringupConfig.cmake
[0.678s] -- Installing: /home/wbforney/proj4_ws/install/turtlebot3_bringup/share/turtlebot3_bringup/cmake/turtlebot3_bringupConfig-version.cmake
[0.678s] -- Installing: /home/wbforney/proj4_ws/install/turtlebot3_bringup/share/turtlebot3_bringup/package.xml
[0.679s] Invoked command in '/home/wbforney/proj4_ws/build/turtlebot3_bringup' returned '0': AMENT_PREFIX_PATH=/home/wbforney/proj4_ws/install/turtlebot3_node:/home/wbforney/proj4_ws/install/turtlebot3_msgs:/home/wbforney/proj4_ws/install/turtlebot3_description:/home/wbforney/proj4_ws/install/dynamixel_sdk:${AMENT_PREFIX_PATH} CMAKE_PREFIX_PATH=/home/wbforney/proj4_ws/install/turtlebot3_node:/home/wbforney/proj4_ws/install/turtlebot3_msgs:/home/wbforney/proj4_ws/install/turtlebot3_description:/home/wbforney/proj4_ws/install/dynamixel_sdk:/opt/ros/jazzy/opt/gz_sim_vendor:/opt/ros/jazzy/opt/gz_sensors_vendor:/opt/ros/jazzy/opt/gz_physics_vendor:/opt/ros/jazzy/opt/gz_gui_vendor:/opt/ros/jazzy/opt/gz_transport_vendor:/opt/ros/jazzy/opt/gz_rendering_vendor:/opt/ros/jazzy/opt/gz_plugin_vendor:/opt/ros/jazzy/opt/gz_fuel_tools_vendor:/opt/ros/jazzy/opt/gz_msgs_vendor:/opt/ros/jazzy/opt/gz_common_vendor:/opt/ros/jazzy/opt/gz_ogre_next_vendor:/opt/ros/jazzy/opt/gz_dartsim_vendor:/opt/ros/jazzy/opt/sdformat_vendor:/opt/ros/jazzy/opt/gz_math_vendor:/opt/ros/jazzy/opt/gz_utils_vendor:/opt/ros/jazzy/opt/gz_tools_vendor:/opt/ros/jazzy/opt/gz_cmake_vendor:/home/wbforney/proj4_ws/install/kalmanFilters:/opt/ros/jazzy DEBUGINFOD_URLS=https://debuginfod.ubuntu.com LD_LIBRARY_PATH=/home/wbforney/proj4_ws/install/turtlebot3_msgs/lib:/home/wbforney/proj4_ws/install/dynamixel_sdk/lib:${LD_LIBRARY_PATH} PYTHONPATH=/home/wbforney/proj4_ws/install/turtlebot3_msgs/lib/python3.12/site-packages:/home/wbforney/proj4_ws/install/dynamixel_sdk/lib/python3.12/site-packages:${PYTHONPATH} /usr/bin/cmake --install /home/wbforney/proj4_ws/build/turtlebot3_bringup
