[0.834s] Invoking command in '/home/wbforney/proj4_ws/src/turtlebot3/turtlebot3_teleop': DEBUGINFOD_URLS=https://debuginfod.ubuntu.com PYTHONPATH=/home/wbforney/proj4_ws/build/turtlebot3_teleop/prefix_override:/usr/lib/python3/dist-packages/colcon_core/task/python/colcon_distutils_commands:/home/wbforney/proj4_ws/install/turtlebot3_teleop/lib/python3.12/site-packages:${PYTHONPATH} /usr/bin/python3 -W ignore:setup.py install is deprecated -W ignore:easy_install command is deprecated setup.py egg_info --egg-base ../../../build/turtlebot3_teleop build --build-base /home/wbforney/proj4_ws/build/turtlebot3_teleop/build install --record /home/wbforney/proj4_ws/build/turtlebot3_teleop/install.log --single-version-externally-managed install_data
[1.036s] running egg_info
[1.036s] creating ../../../build/turtlebot3_teleop/turtlebot3_teleop.egg-info
[1.049s] writing ../../../build/turtlebot3_teleop/turtlebot3_teleop.egg-info/PKG-INFO
[1.050s] writing dependency_links to ../../../build/turtlebot3_teleop/turtlebot3_teleop.egg-info/dependency_links.txt
[1.050s] writing entry points to ../../../build/turtlebot3_teleop/turtlebot3_teleop.egg-info/entry_points.txt
[1.050s] writing requirements to ../../../build/turtlebot3_teleop/turtlebot3_teleop.egg-info/requires.txt
[1.050s] writing top-level names to ../../../build/turtlebot3_teleop/turtlebot3_teleop.egg-info/top_level.txt
[1.050s] writing manifest file '../../../build/turtlebot3_teleop/turtlebot3_teleop.egg-info/SOURCES.txt'
[1.079s] reading manifest file '../../../build/turtlebot3_teleop/turtlebot3_teleop.egg-info/SOURCES.txt'
[1.079s] writing manifest file '../../../build/turtlebot3_teleop/turtlebot3_teleop.egg-info/SOURCES.txt'
[1.080s] running build
[1.080s] running build_py
[1.080s] creating /home/wbforney/proj4_ws/build/turtlebot3_teleop/build
[1.080s] creating /home/wbforney/proj4_ws/build/turtlebot3_teleop/build/lib
[1.080s] creating /home/wbforney/proj4_ws/build/turtlebot3_teleop/build/lib/turtlebot3_teleop
[1.080s] copying turtlebot3_teleop/__init__.py -> /home/wbforney/proj4_ws/build/turtlebot3_teleop/build/lib/turtlebot3_teleop
[1.080s] creating /home/wbforney/proj4_ws/build/turtlebot3_teleop/build/lib/turtlebot3_teleop/script
[1.080s] copying turtlebot3_teleop/script/teleop_keyboard.py -> /home/wbforney/proj4_ws/build/turtlebot3_teleop/build/lib/turtlebot3_teleop/script
[1.080s] copying turtlebot3_teleop/script/__init__.py -> /home/wbforney/proj4_ws/build/turtlebot3_teleop/build/lib/turtlebot3_teleop/script
[1.081s] running install
[1.085s] running install_lib
[1.101s] creating /home/wbforney/proj4_ws/install/turtlebot3_teleop/lib/python3.12/site-packages/turtlebot3_teleop
[1.101s] creating /home/wbforney/proj4_ws/install/turtlebot3_teleop/lib/python3.12/site-packages/turtlebot3_teleop/script
[1.101s] copying /home/wbforney/proj4_ws/build/turtlebot3_teleop/build/lib/turtlebot3_teleop/script/teleop_keyboard.py -> /home/wbforney/proj4_ws/install/turtlebot3_teleop/lib/python3.12/site-packages/turtlebot3_teleop/script
[1.101s] copying /home/wbforney/proj4_ws/build/turtlebot3_teleop/build/lib/turtlebot3_teleop/script/__init__.py -> /home/wbforney/proj4_ws/install/turtlebot3_teleop/lib/python3.12/site-packages/turtlebot3_teleop/script
[1.101s] copying /home/wbforney/proj4_ws/build/turtlebot3_teleop/build/lib/turtlebot3_teleop/__init__.py -> /home/wbforney/proj4_ws/install/turtlebot3_teleop/lib/python3.12/site-packages/turtlebot3_teleop
[1.102s] byte-compiling /home/wbforney/proj4_ws/install/turtlebot3_teleop/lib/python3.12/site-packages/turtlebot3_teleop/script/teleop_keyboard.py to teleop_keyboard.cpython-312.pyc
[1.103s] byte-compiling /home/wbforney/proj4_ws/install/turtlebot3_teleop/lib/python3.12/site-packages/turtlebot3_teleop/script/__init__.py to __init__.cpython-312.pyc
[1.103s] byte-compiling /home/wbforney/proj4_ws/install/turtlebot3_teleop/lib/python3.12/site-packages/turtlebot3_teleop/__init__.py to __init__.cpython-312.pyc
[1.103s] running install_data
[1.103s] creating /home/wbforney/proj4_ws/install/turtlebot3_teleop/share/ament_index
[1.103s] creating /home/wbforney/proj4_ws/install/turtlebot3_teleop/share/ament_index/resource_index
[1.103s] creating /home/wbforney/proj4_ws/install/turtlebot3_teleop/share/ament_index/resource_index/packages
[1.103s] copying resource/turtlebot3_teleop -> /home/wbforney/proj4_ws/install/turtlebot3_teleop/share/ament_index/resource_index/packages
[1.103s] copying package.xml -> /home/wbforney/proj4_ws/install/turtlebot3_teleop/share/turtlebot3_teleop
[1.103s] running install_egg_info
[1.116s] Copying ../../../build/turtlebot3_teleop/turtlebot3_teleop.egg-info to /home/wbforney/proj4_ws/install/turtlebot3_teleop/lib/python3.12/site-packages/turtlebot3_teleop-2.3.6-py3.12.egg-info
[1.117s] running install_scripts
[1.214s] Installing teleop_keyboard script to /home/wbforney/proj4_ws/install/turtlebot3_teleop/lib/turtlebot3_teleop
[1.214s] writing list of installed files to '/home/wbforney/proj4_ws/build/turtlebot3_teleop/install.log'
[1.245s] Invoked command in '/home/wbforney/proj4_ws/src/turtlebot3/turtlebot3_teleop' returned '0': DEBUGINFOD_URLS=https://debuginfod.ubuntu.com PYTHONPATH=/home/wbforney/proj4_ws/build/turtlebot3_teleop/prefix_override:/usr/lib/python3/dist-packages/colcon_core/task/python/colcon_distutils_commands:/home/wbforney/proj4_ws/install/turtlebot3_teleop/lib/python3.12/site-packages:${PYTHONPATH} /usr/bin/python3 -W ignore:setup.py install is deprecated -W ignore:easy_install command is deprecated setup.py egg_info --egg-base ../../../build/turtlebot3_teleop build --build-base /home/wbforney/proj4_ws/build/turtlebot3_teleop/build install --record /home/wbforney/proj4_ws/build/turtlebot3_teleop/install.log --single-version-externally-managed install_data
