[0.562s] Invoking command in '/home/wbforney/proj4_ws/src/turtlebot3/turtlebot3_example': CMAKE_PREFIX_PATH=/home/wbforney/proj4_ws/install/turtlebot3_msgs:/home/wbforney/proj4_ws/install/turtlebot3:/home/wbforney/proj4_ws/install/turtlebot3_simulations:/home/wbforney/proj4_ws/install/turtlebot3_bringup:/home/wbforney/proj4_ws/install/turtlebot3_node:/home/wbforney/proj4_ws/install/turtlebot3_navigation2:/home/wbforney/proj4_ws/install/turtlebot3_fake_node:/home/wbforney/proj4_ws/install/turtlebot3_gazebo:/home/wbforney/proj4_ws/install/turtlebot3_description:/home/wbforney/proj4_ws/install/turtlebot3_cartographer:/home/wbforney/proj4_ws/install/dynamixel_sdk_examples:/home/wbforney/proj4_ws/install/dynamixel_sdk_custom_interfaces:/home/wbforney/proj4_ws/install/dynamixel_sdk:/opt/ros/jazzy/opt/gz_sim_vendor:/opt/ros/jazzy/opt/gz_sensors_vendor:/opt/ros/jazzy/opt/gz_physics_vendor:/opt/ros/jazzy/opt/gz_gui_vendor:/opt/ros/jazzy/opt/gz_transport_vendor:/opt/ros/jazzy/opt/gz_rendering_vendor:/opt/ros/jazzy/opt/gz_plugin_vendor:/opt/ros/jazzy/opt/gz_fuel_tools_vendor:/opt/ros/jazzy/opt/gz_msgs_vendor:/opt/ros/jazzy/opt/gz_common_vendor:/opt/ros/jazzy/opt/gz_ogre_next_vendor:/opt/ros/jazzy/opt/gz_dartsim_vendor:/opt/ros/jazzy/opt/sdformat_vendor:/opt/ros/jazzy/opt/gz_math_vendor:/opt/ros/jazzy/opt/gz_utils_vendor:/opt/ros/jazzy/opt/gz_tools_vendor:/opt/ros/jazzy/opt/gz_cmake_vendor DEBUGINFOD_URLS=https://debuginfod.ubuntu.com PYTHONPATH=/home/wbforney/proj4_ws/build/turtlebot3_example/prefix_override:/usr/lib/python3/dist-packages/colcon_core/task/python/colcon_distutils_commands:/home/wbforney/proj4_ws/install/turtlebot3_example/lib/python3.12/site-packages:/home/wbforney/proj4_ws/install/turtlebot3_msgs/lib/python3.12/site-packages:/home/wbforney/proj4_ws/install/turtlebot3_teleop/lib/python3.12/site-packages:/home/wbforney/proj4_ws/install/turtlebot3_example/lib/python3.12/site-packages:/home/wbforney/proj4_ws/install/dynamixel_sdk_custom_interfaces/lib/python3.12/site-packages:/home/wbforney/proj4_ws/install/dynamixel_sdk/lib/python3.12/site-packages:/home/wbforney/proj4_ws/install/kalmanFilters/lib/python3.12/site-packages:/opt/ros/jazzy/lib/python3.12/site-packages /usr/bin/python3 -W ignore:setup.py install is deprecated -W ignore:easy_install command is deprecated setup.py egg_info --egg-base ../../../build/turtlebot3_example build --build-base /home/wbforney/proj4_ws/build/turtlebot3_example/build install --record /home/wbforney/proj4_ws/build/turtlebot3_example/install.log --single-version-externally-managed install_data
[0.726s] running egg_info
[0.736s] writing ../../../build/turtlebot3_example/turtlebot3_example.egg-info/PKG-INFO
[0.736s] writing dependency_links to ../../../build/turtlebot3_example/turtlebot3_example.egg-info/dependency_links.txt
[0.736s] writing entry points to ../../../build/turtlebot3_example/turtlebot3_example.egg-info/entry_points.txt
[0.737s] writing requirements to ../../../build/turtlebot3_example/turtlebot3_example.egg-info/requires.txt
[0.737s] writing top-level names to ../../../build/turtlebot3_example/turtlebot3_example.egg-info/top_level.txt
[0.761s] reading manifest file '../../../build/turtlebot3_example/turtlebot3_example.egg-info/SOURCES.txt'
[0.761s] writing manifest file '../../../build/turtlebot3_example/turtlebot3_example.egg-info/SOURCES.txt'
[0.761s] running build
[0.761s] running build_py
[0.762s] running install
[0.766s] running install_lib
[0.778s] running install_data
[0.778s] running install_egg_info
[0.789s] removing '/home/wbforney/proj4_ws/install/turtlebot3_example/lib/python3.12/site-packages/turtlebot3_example-2.3.6-py3.12.egg-info' (and everything under it)
[0.789s] Copying ../../../build/turtlebot3_example/turtlebot3_example.egg-info to /home/wbforney/proj4_ws/install/turtlebot3_example/lib/python3.12/site-packages/turtlebot3_example-2.3.6-py3.12.egg-info
[0.790s] running install_scripts
[0.871s] Installing turtlebot3_absolute_move script to /home/wbforney/proj4_ws/install/turtlebot3_example/lib/turtlebot3_example
[0.871s] Installing turtlebot3_interactive_marker script to /home/wbforney/proj4_ws/install/turtlebot3_example/lib/turtlebot3_example
[0.871s] Installing turtlebot3_obstacle_detection script to /home/wbforney/proj4_ws/install/turtlebot3_example/lib/turtlebot3_example
[0.871s] Installing turtlebot3_patrol_client script to /home/wbforney/proj4_ws/install/turtlebot3_example/lib/turtlebot3_example
[0.872s] Installing turtlebot3_patrol_server script to /home/wbforney/proj4_ws/install/turtlebot3_example/lib/turtlebot3_example
[0.872s] Installing turtlebot3_relative_move script to /home/wbforney/proj4_ws/install/turtlebot3_example/lib/turtlebot3_example
[0.872s] writing list of installed files to '/home/wbforney/proj4_ws/build/turtlebot3_example/install.log'
[0.890s] Invoked command in '/home/wbforney/proj4_ws/src/turtlebot3/turtlebot3_example' returned '0': CMAKE_PREFIX_PATH=/home/wbforney/proj4_ws/install/turtlebot3_msgs:/home/wbforney/proj4_ws/install/turtlebot3:/home/wbforney/proj4_ws/install/turtlebot3_simulations:/home/wbforney/proj4_ws/install/turtlebot3_bringup:/home/wbforney/proj4_ws/install/turtlebot3_node:/home/wbforney/proj4_ws/install/turtlebot3_navigation2:/home/wbforney/proj4_ws/install/turtlebot3_fake_node:/home/wbforney/proj4_ws/install/turtlebot3_gazebo:/home/wbforney/proj4_ws/install/turtlebot3_description:/home/wbforney/proj4_ws/install/turtlebot3_cartographer:/home/wbforney/proj4_ws/install/dynamixel_sdk_examples:/home/wbforney/proj4_ws/install/dynamixel_sdk_custom_interfaces:/home/wbforney/proj4_ws/install/dynamixel_sdk:/opt/ros/jazzy/opt/gz_sim_vendor:/opt/ros/jazzy/opt/gz_sensors_vendor:/opt/ros/jazzy/opt/gz_physics_vendor:/opt/ros/jazzy/opt/gz_gui_vendor:/opt/ros/jazzy/opt/gz_transport_vendor:/opt/ros/jazzy/opt/gz_rendering_vendor:/opt/ros/jazzy/opt/gz_plugin_vendor:/opt/ros/jazzy/opt/gz_fuel_tools_vendor:/opt/ros/jazzy/opt/gz_msgs_vendor:/opt/ros/jazzy/opt/gz_common_vendor:/opt/ros/jazzy/opt/gz_ogre_next_vendor:/opt/ros/jazzy/opt/gz_dartsim_vendor:/opt/ros/jazzy/opt/sdformat_vendor:/opt/ros/jazzy/opt/gz_math_vendor:/opt/ros/jazzy/opt/gz_utils_vendor:/opt/ros/jazzy/opt/gz_tools_vendor:/opt/ros/jazzy/opt/gz_cmake_vendor DEBUGINFOD_URLS=https://debuginfod.ubuntu.com PYTHONPATH=/home/wbforney/proj4_ws/build/turtlebot3_example/prefix_override:/usr/lib/python3/dist-packages/colcon_core/task/python/colcon_distutils_commands:/home/wbforney/proj4_ws/install/turtlebot3_example/lib/python3.12/site-packages:/home/wbforney/proj4_ws/install/turtlebot3_msgs/lib/python3.12/site-packages:/home/wbforney/proj4_ws/install/turtlebot3_teleop/lib/python3.12/site-packages:/home/wbforney/proj4_ws/install/turtlebot3_example/lib/python3.12/site-packages:/home/wbforney/proj4_ws/install/dynamixel_sdk_custom_interfaces/lib/python3.12/site-packages:/home/wbforney/proj4_ws/install/dynamixel_sdk/lib/python3.12/site-packages:/home/wbforney/proj4_ws/install/kalmanFilters/lib/python3.12/site-packages:/opt/ros/jazzy/lib/python3.12/site-packages /usr/bin/python3 -W ignore:setup.py install is deprecated -W ignore:easy_install command is deprecated setup.py egg_info --egg-base ../../../build/turtlebot3_example build --build-base /home/wbforney/proj4_ws/build/turtlebot3_example/build install --record /home/wbforney/proj4_ws/build/turtlebot3_example/install.log --single-version-externally-managed install_data
