[0.016s] Invoking command in '/home/wbforney/proj4_ws/build/turtlebot3_node': AMENT_PREFIX_PATH=/home/wbforney/proj4_ws/install/turtlebot3_msgs:/home/wbforney/proj4_ws/install/dynamixel_sdk:${AMENT_PREFIX_PATH} CMAKE_PREFIX_PATH=/home/wbforney/proj4_ws/install/turtlebot3_msgs:/home/wbforney/proj4_ws/install/dynamixel_sdk:/opt/ros/jazzy/opt/gz_sim_vendor:/opt/ros/jazzy/opt/gz_sensors_vendor:/opt/ros/jazzy/opt/gz_physics_vendor:/opt/ros/jazzy/opt/gz_gui_vendor:/opt/ros/jazzy/opt/gz_transport_vendor:/opt/ros/jazzy/opt/gz_rendering_vendor:/opt/ros/jazzy/opt/gz_plugin_vendor:/opt/ros/jazzy/opt/gz_fuel_tools_vendor:/opt/ros/jazzy/opt/gz_msgs_vendor:/opt/ros/jazzy/opt/gz_common_vendor:/opt/ros/jazzy/opt/gz_ogre_next_vendor:/opt/ros/jazzy/opt/gz_dartsim_vendor:/opt/ros/jazzy/opt/sdformat_vendor:/opt/ros/jazzy/opt/gz_math_vendor:/opt/ros/jazzy/opt/gz_utils_vendor:/opt/ros/jazzy/opt/gz_tools_vendor:/opt/ros/jazzy/opt/gz_cmake_vendor:/home/wbforney/proj4_ws/install/kalmanFilters:/opt/ros/jazzy DEBUGINFOD_URLS=https://debuginfod.ubuntu.com LD_LIBRARY_PATH=/home/wbforney/proj4_ws/install/turtlebot3_msgs/lib:/home/wbforney/proj4_ws/install/dynamixel_sdk/lib:${LD_LIBRARY_PATH} PYTHONPATH=/home/wbforney/proj4_ws/install/turtlebot3_msgs/lib/python3.12/site-packages:/home/wbforney/proj4_ws/install/dynamixel_sdk/lib/python3.12/site-packages:${PYTHONPATH} /usr/bin/cmake /home/wbforney/proj4_ws/src/turtlebot3/turtlebot3_node -DCMAKE_INSTALL_PREFIX=/home/wbforney/proj4_ws/install/turtlebot3_node
[0.187s] -- The C compiler identification is GNU 13.3.0
[0.187s] -- The CXX compiler identification is GNU 13.3.0
[0.187s] -- Detecting C compiler ABI info
[0.227s] -- Detecting C compiler ABI info - done
[0.234s] -- Check for working C compiler: /usr/bin/cc - skipped
[0.234s] -- Detecting C compile features
[0.234s] -- Detecting C compile features - done
[0.244s] -- Detecting CXX compiler ABI info
[0.348s] -- Detecting CXX compiler ABI info - done
[0.357s] -- Check for working CXX compiler: /usr/bin/c++ - skipped
[0.357s] -- Detecting CXX compile features
[0.357s] -- Detecting CXX compile features - done
[0.362s] -- Found ament_cmake: 2.5.5 (/opt/ros/jazzy/share/ament_cmake/cmake)
[0.511s] -- Found Python3: /usr/bin/python3 (found version "3.12.3") found components: Interpreter 
[0.627s] -- Found dynamixel_sdk: 4.0.3 (/home/wbforney/proj4_ws/install/dynamixel_sdk/share/dynamixel_sdk/cmake)
[0.631s] -- Found geometry_msgs: 5.3.6 (/opt/ros/jazzy/share/geometry_msgs/cmake)
[0.687s] -- Found rosidl_generator_c: 4.6.7 (/opt/ros/jazzy/share/rosidl_generator_c/cmake)
[0.706s] -- Found rosidl_generator_cpp: 4.6.7 (/opt/ros/jazzy/share/rosidl_generator_cpp/cmake)
[0.726s] -- Using all available rosidl_typesupport_c: rosidl_typesupport_fastrtps_c;rosidl_typesupport_introspection_c
[0.748s] -- Using all available rosidl_typesupport_cpp: rosidl_typesupport_fastrtps_cpp;rosidl_typesupport_introspection_cpp
[0.799s] -- Found message_filters: 4.11.10 (/opt/ros/jazzy/share/message_filters/cmake)
[0.876s] -- Found rmw_implementation_cmake: 7.3.3 (/opt/ros/jazzy/share/rmw_implementation_cmake/cmake)
[0.880s] -- Found rmw_fastrtps_cpp: 8.4.3 (/opt/ros/jazzy/share/rmw_fastrtps_cpp/cmake)
[0.984s] -- Found OpenSSL: /usr/lib/x86_64-linux-gnu/libcrypto.so (found version "3.0.13")  
[1.009s] -- Found FastRTPS: /opt/ros/jazzy/include (Required is at least version "2.13") 
[1.033s] -- Using RMW implementation 'rmw_fastrtps_cpp' as default
[1.116s] -- Found nav_msgs: 5.3.6 (/opt/ros/jazzy/share/nav_msgs/cmake)
[1.142s] -- Found sensor_msgs: 5.3.6 (/opt/ros/jazzy/share/sensor_msgs/cmake)
[1.167s] -- Found std_srvs: 5.3.6 (/opt/ros/jazzy/share/std_srvs/cmake)
[1.188s] -- Found tf2: 0.36.19 (/opt/ros/jazzy/share/tf2/cmake)
[1.197s] -- Found tf2_ros: 0.36.19 (/opt/ros/jazzy/share/tf2_ros/cmake)
[1.319s] -- Found turtlebot3_msgs: 2.4.0 (/home/wbforney/proj4_ws/install/turtlebot3_msgs/share/turtlebot3_msgs/cmake)
[1.415s] -- Configuring done (1.4s)
[1.432s] -- Generating done (0.0s)
[1.436s] -- Build files have been written to: /home/wbforney/proj4_ws/build/turtlebot3_node
[1.448s] Invoked command in '/home/wbforney/proj4_ws/build/turtlebot3_node' returned '0': AMENT_PREFIX_PATH=/home/wbforney/proj4_ws/install/turtlebot3_msgs:/home/wbforney/proj4_ws/install/dynamixel_sdk:${AMENT_PREFIX_PATH} CMAKE_PREFIX_PATH=/home/wbforney/proj4_ws/install/turtlebot3_msgs:/home/wbforney/proj4_ws/install/dynamixel_sdk:/opt/ros/jazzy/opt/gz_sim_vendor:/opt/ros/jazzy/opt/gz_sensors_vendor:/opt/ros/jazzy/opt/gz_physics_vendor:/opt/ros/jazzy/opt/gz_gui_vendor:/opt/ros/jazzy/opt/gz_transport_vendor:/opt/ros/jazzy/opt/gz_rendering_vendor:/opt/ros/jazzy/opt/gz_plugin_vendor:/opt/ros/jazzy/opt/gz_fuel_tools_vendor:/opt/ros/jazzy/opt/gz_msgs_vendor:/opt/ros/jazzy/opt/gz_common_vendor:/opt/ros/jazzy/opt/gz_ogre_next_vendor:/opt/ros/jazzy/opt/gz_dartsim_vendor:/opt/ros/jazzy/opt/sdformat_vendor:/opt/ros/jazzy/opt/gz_math_vendor:/opt/ros/jazzy/opt/gz_utils_vendor:/opt/ros/jazzy/opt/gz_tools_vendor:/opt/ros/jazzy/opt/gz_cmake_vendor:/home/wbforney/proj4_ws/install/kalmanFilters:/opt/ros/jazzy DEBUGINFOD_URLS=https://debuginfod.ubuntu.com LD_LIBRARY_PATH=/home/wbforney/proj4_ws/install/turtlebot3_msgs/lib:/home/wbforney/proj4_ws/install/dynamixel_sdk/lib:${LD_LIBRARY_PATH} PYTHONPATH=/home/wbforney/proj4_ws/install/turtlebot3_msgs/lib/python3.12/site-packages:/home/wbforney/proj4_ws/install/dynamixel_sdk/lib/python3.12/site-packages:${PYTHONPATH} /usr/bin/cmake /home/wbforney/proj4_ws/src/turtlebot3/turtlebot3_node -DCMAKE_INSTALL_PREFIX=/home/wbforney/proj4_ws/install/turtlebot3_node
[1.448s] Invoking command in '/home/wbforney/proj4_ws/build/turtlebot3_node': AMENT_PREFIX_PATH=/home/wbforney/proj4_ws/install/turtlebot3_msgs:/home/wbforney/proj4_ws/install/dynamixel_sdk:${AMENT_PREFIX_PATH} CMAKE_PREFIX_PATH=/home/wbforney/proj4_ws/install/turtlebot3_msgs:/home/wbforney/proj4_ws/install/dynamixel_sdk:/opt/ros/jazzy/opt/gz_sim_vendor:/opt/ros/jazzy/opt/gz_sensors_vendor:/opt/ros/jazzy/opt/gz_physics_vendor:/opt/ros/jazzy/opt/gz_gui_vendor:/opt/ros/jazzy/opt/gz_transport_vendor:/opt/ros/jazzy/opt/gz_rendering_vendor:/opt/ros/jazzy/opt/gz_plugin_vendor:/opt/ros/jazzy/opt/gz_fuel_tools_vendor:/opt/ros/jazzy/opt/gz_msgs_vendor:/opt/ros/jazzy/opt/gz_common_vendor:/opt/ros/jazzy/opt/gz_ogre_next_vendor:/opt/ros/jazzy/opt/gz_dartsim_vendor:/opt/ros/jazzy/opt/sdformat_vendor:/opt/ros/jazzy/opt/gz_math_vendor:/opt/ros/jazzy/opt/gz_utils_vendor:/opt/ros/jazzy/opt/gz_tools_vendor:/opt/ros/jazzy/opt/gz_cmake_vendor:/home/wbforney/proj4_ws/install/kalmanFilters:/opt/ros/jazzy DEBUGINFOD_URLS=https://debuginfod.ubuntu.com LD_LIBRARY_PATH=/home/wbforney/proj4_ws/install/turtlebot3_msgs/lib:/home/wbforney/proj4_ws/install/dynamixel_sdk/lib:${LD_LIBRARY_PATH} PYTHONPATH=/home/wbforney/proj4_ws/install/turtlebot3_msgs/lib/python3.12/site-packages:/home/wbforney/proj4_ws/install/dynamixel_sdk/lib/python3.12/site-packages:${PYTHONPATH} /usr/bin/cmake --build /home/wbforney/proj4_ws/build/turtlebot3_node -- -j16 -l16
[1.505s] [ 14%] [32mBuilding CXX object CMakeFiles/turtlebot3_node_lib.dir/src/diff_drive_controller.cpp.o[0m
[1.505s] [ 14%] [32mBuilding CXX object CMakeFiles/turtlebot3_node_lib.dir/src/devices/motor_power.cpp.o[0m
[1.505s] [ 21%] [32mBuilding CXX object CMakeFiles/turtlebot3_node_lib.dir/src/devices/sound.cpp.o[0m
[1.505s] [ 28%] [32mBuilding CXX object CMakeFiles/turtlebot3_node_lib.dir/src/dynamixel_sdk_wrapper.cpp.o[0m
[1.506s] [ 35%] [32mBuilding CXX object CMakeFiles/turtlebot3_node_lib.dir/src/devices/reset.cpp.o[0m
[1.507s] [ 42%] [32mBuilding CXX object CMakeFiles/turtlebot3_node_lib.dir/src/turtlebot3.cpp.o[0m
[1.507s] [ 50%] [32mBuilding CXX object CMakeFiles/turtlebot3_node_lib.dir/src/odometry.cpp.o[0m
[1.507s] [ 57%] [32mBuilding CXX object CMakeFiles/turtlebot3_node_lib.dir/src/sensors/battery_state.cpp.o[0m
[1.507s] [ 64%] [32mBuilding CXX object CMakeFiles/turtlebot3_node_lib.dir/src/sensors/joint_state.cpp.o[0m
[1.507s] [ 71%] [32mBuilding CXX object CMakeFiles/turtlebot3_node_lib.dir/src/sensors/sensor_state.cpp.o[0m
[1.507s] [ 78%] [32mBuilding CXX object CMakeFiles/turtlebot3_node_lib.dir/src/sensors/imu.cpp.o[0m
[13.730s] [ 85%] [32m[1mLinking CXX static library libturtlebot3_node_lib.a[0m
[14.280s] [ 85%] Built target turtlebot3_node_lib
[14.302s] [ 92%] [32mBuilding CXX object CMakeFiles/turtlebot3_ros.dir/src/node_main.cpp.o[0m
[16.530s] [100%] [32m[1mLinking CXX executable turtlebot3_ros[0m
[17.345s] [100%] Built target turtlebot3_ros
[17.358s] Invoked command in '/home/wbforney/proj4_ws/build/turtlebot3_node' returned '0': AMENT_PREFIX_PATH=/home/wbforney/proj4_ws/install/turtlebot3_msgs:/home/wbforney/proj4_ws/install/dynamixel_sdk:${AMENT_PREFIX_PATH} CMAKE_PREFIX_PATH=/home/wbforney/proj4_ws/install/turtlebot3_msgs:/home/wbforney/proj4_ws/install/dynamixel_sdk:/opt/ros/jazzy/opt/gz_sim_vendor:/opt/ros/jazzy/opt/gz_sensors_vendor:/opt/ros/jazzy/opt/gz_physics_vendor:/opt/ros/jazzy/opt/gz_gui_vendor:/opt/ros/jazzy/opt/gz_transport_vendor:/opt/ros/jazzy/opt/gz_rendering_vendor:/opt/ros/jazzy/opt/gz_plugin_vendor:/opt/ros/jazzy/opt/gz_fuel_tools_vendor:/opt/ros/jazzy/opt/gz_msgs_vendor:/opt/ros/jazzy/opt/gz_common_vendor:/opt/ros/jazzy/opt/gz_ogre_next_vendor:/opt/ros/jazzy/opt/gz_dartsim_vendor:/opt/ros/jazzy/opt/sdformat_vendor:/opt/ros/jazzy/opt/gz_math_vendor:/opt/ros/jazzy/opt/gz_utils_vendor:/opt/ros/jazzy/opt/gz_tools_vendor:/opt/ros/jazzy/opt/gz_cmake_vendor:/home/wbforney/proj4_ws/install/kalmanFilters:/opt/ros/jazzy DEBUGINFOD_URLS=https://debuginfod.ubuntu.com LD_LIBRARY_PATH=/home/wbforney/proj4_ws/install/turtlebot3_msgs/lib:/home/wbforney/proj4_ws/install/dynamixel_sdk/lib:${LD_LIBRARY_PATH} PYTHONPATH=/home/wbforney/proj4_ws/install/turtlebot3_msgs/lib/python3.12/site-packages:/home/wbforney/proj4_ws/install/dynamixel_sdk/lib/python3.12/site-packages:${PYTHONPATH} /usr/bin/cmake --build /home/wbforney/proj4_ws/build/turtlebot3_node -- -j16 -l16
[17.359s] Invoking command in '/home/wbforney/proj4_ws/build/turtlebot3_node': AMENT_PREFIX_PATH=/home/wbforney/proj4_ws/install/turtlebot3_msgs:/home/wbforney/proj4_ws/install/dynamixel_sdk:${AMENT_PREFIX_PATH} CMAKE_PREFIX_PATH=/home/wbforney/proj4_ws/install/turtlebot3_msgs:/home/wbforney/proj4_ws/install/dynamixel_sdk:/opt/ros/jazzy/opt/gz_sim_vendor:/opt/ros/jazzy/opt/gz_sensors_vendor:/opt/ros/jazzy/opt/gz_physics_vendor:/opt/ros/jazzy/opt/gz_gui_vendor:/opt/ros/jazzy/opt/gz_transport_vendor:/opt/ros/jazzy/opt/gz_rendering_vendor:/opt/ros/jazzy/opt/gz_plugin_vendor:/opt/ros/jazzy/opt/gz_fuel_tools_vendor:/opt/ros/jazzy/opt/gz_msgs_vendor:/opt/ros/jazzy/opt/gz_common_vendor:/opt/ros/jazzy/opt/gz_ogre_next_vendor:/opt/ros/jazzy/opt/gz_dartsim_vendor:/opt/ros/jazzy/opt/sdformat_vendor:/opt/ros/jazzy/opt/gz_math_vendor:/opt/ros/jazzy/opt/gz_utils_vendor:/opt/ros/jazzy/opt/gz_tools_vendor:/opt/ros/jazzy/opt/gz_cmake_vendor:/home/wbforney/proj4_ws/install/kalmanFilters:/opt/ros/jazzy DEBUGINFOD_URLS=https://debuginfod.ubuntu.com LD_LIBRARY_PATH=/home/wbforney/proj4_ws/install/turtlebot3_msgs/lib:/home/wbforney/proj4_ws/install/dynamixel_sdk/lib:${LD_LIBRARY_PATH} PYTHONPATH=/home/wbforney/proj4_ws/install/turtlebot3_msgs/lib/python3.12/site-packages:/home/wbforney/proj4_ws/install/dynamixel_sdk/lib/python3.12/site-packages:${PYTHONPATH} /usr/bin/cmake --install /home/wbforney/proj4_ws/build/turtlebot3_node
[17.367s] -- Install configuration: ""
[17.367s] -- Installing: /home/wbforney/proj4_ws/install/turtlebot3_node/share/turtlebot3_node/param
[17.367s] -- Installing: /home/wbforney/proj4_ws/install/turtlebot3_node/share/turtlebot3_node/param/waffle_pi.yaml
[17.368s] -- Installing: /home/wbforney/proj4_ws/install/turtlebot3_node/share/turtlebot3_node/param/waffle.yaml
[17.368s] -- Installing: /home/wbforney/proj4_ws/install/turtlebot3_node/share/turtlebot3_node/param/burger.yaml
[17.368s] -- Installing: /home/wbforney/proj4_ws/install/turtlebot3_node/lib/turtlebot3_node/turtlebot3_ros
[17.385s] -- Set non-toolchain portion of runtime path of "/home/wbforney/proj4_ws/install/turtlebot3_node/lib/turtlebot3_node/turtlebot3_ros" to ""
[17.386s] -- Installing: /home/wbforney/proj4_ws/install/turtlebot3_node/share/ament_index/resource_index/package_run_dependencies/turtlebot3_node
[17.386s] -- Installing: /home/wbforney/proj4_ws/install/turtlebot3_node/share/ament_index/resource_index/parent_prefix_path/turtlebot3_node
[17.386s] -- Installing: /home/wbforney/proj4_ws/install/turtlebot3_node/share/turtlebot3_node/environment/ament_prefix_path.sh
[17.386s] -- Installing: /home/wbforney/proj4_ws/install/turtlebot3_node/share/turtlebot3_node/environment/ament_prefix_path.dsv
[17.386s] -- Installing: /home/wbforney/proj4_ws/install/turtlebot3_node/share/turtlebot3_node/environment/path.sh
[17.386s] -- Installing: /home/wbforney/proj4_ws/install/turtlebot3_node/share/turtlebot3_node/environment/path.dsv
[17.386s] -- Installing: /home/wbforney/proj4_ws/install/turtlebot3_node/share/turtlebot3_node/local_setup.bash
[17.386s] -- Installing: /home/wbforney/proj4_ws/install/turtlebot3_node/share/turtlebot3_node/local_setup.sh
[17.387s] -- Installing: /home/wbforney/proj4_ws/install/turtlebot3_node/share/turtlebot3_node/local_setup.zsh
[17.387s] -- Installing: /home/wbforney/proj4_ws/install/turtlebot3_node/share/turtlebot3_node/local_setup.dsv
[17.387s] -- Installing: /home/wbforney/proj4_ws/install/turtlebot3_node/share/turtlebot3_node/package.dsv
[17.387s] -- Installing: /home/wbforney/proj4_ws/install/turtlebot3_node/share/ament_index/resource_index/packages/turtlebot3_node
[17.387s] -- Installing: /home/wbforney/proj4_ws/install/turtlebot3_node/share/turtlebot3_node/cmake/ament_cmake_export_dependencies-extras.cmake
[17.387s] -- Installing: /home/wbforney/proj4_ws/install/turtlebot3_node/share/turtlebot3_node/cmake/ament_cmake_export_include_directories-extras.cmake
[17.387s] -- Installing: /home/wbforney/proj4_ws/install/turtlebot3_node/share/turtlebot3_node/cmake/turtlebot3_nodeConfig.cmake
[17.387s] -- Installing: /home/wbforney/proj4_ws/install/turtlebot3_node/share/turtlebot3_node/cmake/turtlebot3_nodeConfig-version.cmake
[17.387s] -- Installing: /home/wbforney/proj4_ws/install/turtlebot3_node/share/turtlebot3_node/package.xml
[17.389s] Invoked command in '/home/wbforney/proj4_ws/build/turtlebot3_node' returned '0': AMENT_PREFIX_PATH=/home/wbforney/proj4_ws/install/turtlebot3_msgs:/home/wbforney/proj4_ws/install/dynamixel_sdk:${AMENT_PREFIX_PATH} CMAKE_PREFIX_PATH=/home/wbforney/proj4_ws/install/turtlebot3_msgs:/home/wbforney/proj4_ws/install/dynamixel_sdk:/opt/ros/jazzy/opt/gz_sim_vendor:/opt/ros/jazzy/opt/gz_sensors_vendor:/opt/ros/jazzy/opt/gz_physics_vendor:/opt/ros/jazzy/opt/gz_gui_vendor:/opt/ros/jazzy/opt/gz_transport_vendor:/opt/ros/jazzy/opt/gz_rendering_vendor:/opt/ros/jazzy/opt/gz_plugin_vendor:/opt/ros/jazzy/opt/gz_fuel_tools_vendor:/opt/ros/jazzy/opt/gz_msgs_vendor:/opt/ros/jazzy/opt/gz_common_vendor:/opt/ros/jazzy/opt/gz_ogre_next_vendor:/opt/ros/jazzy/opt/gz_dartsim_vendor:/opt/ros/jazzy/opt/sdformat_vendor:/opt/ros/jazzy/opt/gz_math_vendor:/opt/ros/jazzy/opt/gz_utils_vendor:/opt/ros/jazzy/opt/gz_tools_vendor:/opt/ros/jazzy/opt/gz_cmake_vendor:/home/wbforney/proj4_ws/install/kalmanFilters:/opt/ros/jazzy DEBUGINFOD_URLS=https://debuginfod.ubuntu.com LD_LIBRARY_PATH=/home/wbforney/proj4_ws/install/turtlebot3_msgs/lib:/home/wbforney/proj4_ws/install/dynamixel_sdk/lib:${LD_LIBRARY_PATH} PYTHONPATH=/home/wbforney/proj4_ws/install/turtlebot3_msgs/lib/python3.12/site-packages:/home/wbforney/proj4_ws/install/dynamixel_sdk/lib/python3.12/site-packages:${PYTHONPATH} /usr/bin/cmake --install /home/wbforney/proj4_ws/build/turtlebot3_node
