[0.023s] Invoking command in '/home/wbforney/proj4_ws/build/turtlebot3_gazebo': CMAKE_PREFIX_PATH=${CMAKE_PREFIX_PATH}:/home/wbforney/proj4_ws/install/kalmanFilters:/opt/ros/jazzy DEBUGINFOD_URLS=https://debuginfod.ubuntu.com /usr/bin/cmake /home/wbforney/proj4_ws/src/turtlebot3_simulations/turtlebot3_gazebo -DCMAKE_INSTALL_PREFIX=/home/wbforney/proj4_ws/install/turtlebot3_gazebo
[0.206s] -- Found ament_cmake: 2.5.5 (/opt/ros/jazzy/share/ament_cmake/cmake)
[0.208s] -- Override CMake install command with custom implementation using symlinks instead of copying resources
[0.217s] -- Found ros_gz_sim: 1.0.18 (/opt/ros/jazzy/share/ros_gz_sim/cmake)
[0.275s] -- Found rosidl_generator_c: 4.6.7 (/opt/ros/jazzy/share/rosidl_generator_c/cmake)
[0.294s] -- Found rosidl_generator_cpp: 4.6.7 (/opt/ros/jazzy/share/rosidl_generator_cpp/cmake)
[0.315s] -- Using all available rosidl_typesupport_c: rosidl_typesupport_fastrtps_c;rosidl_typesupport_introspection_c
[0.334s] -- Using all available rosidl_typesupport_cpp: rosidl_typesupport_fastrtps_cpp;rosidl_typesupport_introspection_cpp
[0.428s] -- Found rmw_implementation_cmake: 7.3.3 (/opt/ros/jazzy/share/rmw_implementation_cmake/cmake)
[0.433s] -- Found rmw_fastrtps_cpp: 8.4.3 (/opt/ros/jazzy/share/rmw_fastrtps_cpp/cmake)
[0.554s] -- Found OpenSSL: /usr/lib/x86_64-linux-gnu/libcrypto.so (found version "3.0.13")  
[0.578s] -- Found FastRTPS: /opt/ros/jazzy/include (Required is at least version "2.13") 
[0.601s] -- Using RMW implementation 'rmw_fastrtps_cpp' as default
[0.902s] -- Found nav_msgs: 5.3.6 (/opt/ros/jazzy/share/nav_msgs/cmake)
[0.933s] -- Found sensor_msgs: 5.3.6 (/opt/ros/jazzy/share/sensor_msgs/cmake)
[0.963s] -- Found gz_math_vendor: 0.0.8 (/opt/ros/jazzy/share/gz_math_vendor/cmake)
[0.981s] -- Looking for gz-math7 -- found version 7.5.2
[0.995s] -- Searching for dependencies of gz-math7
[0.999s] -- Looking for gz-utils2 -- found version 2.2.1
[0.999s] -- Searching for dependencies of gz-utils2
[1.006s] -- Found gz_sim_vendor: 0.0.9 (/opt/ros/jazzy/share/gz_sim_vendor/cmake)
[1.073s] -- Looking for gz-sim8 -- found version 8.10.0
[1.073s] -- Searching for dependencies of gz-sim8
[1.077s] -- Looking for sdformat14 -- found version 14.8.0
[1.077s] -- Searching for dependencies of sdformat14
[1.083s] -- Checking for module 'tinyxml2'
[1.102s] --   Found tinyxml2, version 10.0.0
[1.141s] -- Looking for gz-math7 -- found version 7.5.2
[1.141s] -- Looking for gz-utils2 -- found version 2.2.1
[1.141s] -- Searching for dependencies of gz-utils2
[1.141s] -- Searching for <gz-utils2> component [cli]
[1.145s] -- Looking for gz-utils2-cli -- found version 2.2.1
[1.145s] -- Searching for dependencies of gz-utils2-cli
[1.149s] -- Looking for gz-plugin2 -- found version 2.0.4
[1.149s] -- Searching for dependencies of gz-plugin2
[1.149s] -- Looking for gz-utils2 -- found version 2.2.1
[1.150s] -- Searching for <gz-plugin2> component [loader]
[1.152s] -- Looking for gz-plugin2-loader -- found version 2.0.4
[1.152s] -- Searching for dependencies of gz-plugin2-loader
[1.153s] -- Searching for <gz-plugin2> component [register]
[1.155s] -- Looking for gz-plugin2-register -- found version 2.0.4
[1.155s] -- Searching for dependencies of gz-plugin2-register
[1.158s] -- Looking for gz-transport13 -- found version 13.5.0
[1.158s] -- Searching for dependencies of gz-transport13
[1.286s] -- Found Protobuf: /usr/lib/x86_64-linux-gnu/libprotobuf.so (found version "3.21.12") 
[1.301s] -- Config-file not installed for ZeroMQ -- checking for pkg-config
[1.306s] -- Checking for module 'libzmq >= 4'
[1.324s] --   Found libzmq, version 4.3.5
[1.373s] -- Found ZeroMQ: TRUE (Required is at least version "4") 
[1.378s] -- Checking for module 'uuid'
[1.396s] --   Found uuid, version 2.39.3
[1.434s] -- Found UUID: TRUE  
[1.435s] -- Looking for gz-utils2 -- found version 2.2.1
[1.438s] -- Looking for gz-msgs10 -- found version 10.3.2
[1.438s] -- Searching for dependencies of gz-msgs10
[1.457s] -- Looking for gz-utils2 -- found version 2.2.1
[1.458s] -- Looking for gz-math7 -- found version 7.5.2
[1.465s] -- Searching for <gz-transport13> component [log]
[1.467s] -- Looking for gz-transport13-log -- found version 13.5.0
[1.467s] -- Searching for dependencies of gz-transport13-log
[1.467s] -- Searching for <gz-transport13> component [parameters]
[1.469s] -- Looking for gz-transport13-parameters -- found version 13.5.0
[1.469s] -- Searching for dependencies of gz-transport13-parameters
[1.470s] -- Looking for gz-msgs10 -- found version 10.3.2
[1.473s] -- Looking for gz-common5 -- found version 5.7.1
[1.473s] -- Searching for dependencies of gz-common5
[1.473s] -- Looking for gz-utils2 -- found version 2.2.1
[1.474s] -- Looking for dlfcn.h - found
[1.475s] -- Looking for libdl - found
[1.476s] -- Found DL: TRUE  
[1.482s] -- Searching for <gz-common5> component [av]
[1.485s] -- Looking for gz-common5-av -- found version 5.7.1
[1.485s] -- Searching for dependencies of gz-common5-av
[1.490s] -- Checking for module 'libswscale'
[1.512s] --   Found libswscale, version 7.5.100
[1.553s] -- Found SWSCALE: TRUE  
[1.557s] -- Checking for module 'libavdevice >= 56.4.100'
[1.574s] --   Found libavdevice, version 60.3.100
[1.628s] -- Found AVDEVICE: TRUE (Required is at least version "56.4.100") 
[1.633s] -- Checking for module 'libavformat'
[1.651s] --   Found libavformat, version 60.16.100
[1.691s] -- Found AVFORMAT: TRUE  
[1.696s] -- Checking for module 'libavcodec'
[1.716s] --   Found libavcodec, version 60.31.102
[1.755s] -- Found AVCODEC: TRUE  
[1.759s] -- Checking for module 'libavutil'
[1.776s] --   Found libavutil, version 58.29.100
[1.817s] -- Found AVUTIL: TRUE  
[1.817s] -- Searching for <gz-common5> component [events]
[1.820s] -- Looking for gz-common5-events -- found version 5.7.1
[1.820s] -- Searching for dependencies of gz-common5-events
[1.820s] -- Looking for gz-math7 -- found version 7.5.2
[1.821s] -- Searching for <gz-common5> component [graphics]
[1.824s] -- Looking for gz-common5-graphics -- found version 5.7.1
[1.824s] -- Searching for dependencies of gz-common5-graphics
[1.825s] -- Looking for gz-math7 -- found version 7.5.2
[1.831s] -- Found GzAssimp: TRUE (found version "5.3.0") 
[1.832s] -- Searching for <gz-common5> component [io]
[1.834s] -- Looking for gz-common5-io -- found version 5.7.1
[1.834s] -- Searching for dependencies of gz-common5-io
[1.835s] -- Searching for <gz-common5> component [profiler]
[1.837s] -- Looking for gz-common5-profiler -- found version 5.7.1
[1.837s] -- Searching for dependencies of gz-common5-profiler
[1.840s] -- Looking for gz-fuel_tools9 -- found version 9.1.1
[1.840s] -- Searching for dependencies of gz-fuel_tools9
[1.932s] -- Found CURL: /usr/lib/x86_64-linux-gnu/libcurl.so (found version "8.5.0")  
[1.945s] -- Checking for module 'jsoncpp'
[1.962s] --   Found jsoncpp, version 1.9.5
[2.005s] -- Found JSONCPP: TRUE  
[2.022s] -- Checking for module 'yaml-0.1'
[2.041s] --   Found yaml-0.1, version 0.2.5
[2.080s] -- Found YAML: TRUE  
[2.085s] -- Checking for module 'libzip'
[2.104s] --   Found libzip, version 1.7.3
[2.146s] -- Found ZIP: TRUE  
[2.146s] -- Looking for gz-utils2 -- found version 2.2.1
[2.146s] -- Looking for gz-common5 -- found version 5.7.1
[2.146s] -- Searching for dependencies of gz-common5
[2.147s] -- Looking for gz-utils2 -- found version 2.2.1
[2.147s] -- Looking for dlfcn.h - found
[2.147s] -- Looking for libdl - found
[2.153s] -- Searching for <gz-common5> component [testing]
[2.156s] -- Looking for gz-common5-testing -- found version 5.7.1
[2.156s] -- Searching for dependencies of gz-common5-testing
[2.157s] -- Looking for gz-math7 -- found version 7.5.2
[2.157s] -- Looking for gz-msgs10 -- found version 10.3.2
[2.159s] -- Looking for gz-gui8 -- found version 8.4.0
[2.159s] -- Searching for dependencies of gz-gui8
[2.183s] -- Looking for gz-utils2 -- found version 2.2.1
[2.184s] -- Looking for gz-math7 -- found version 7.5.2
[2.184s] -- Looking for gz-common5 -- found version 5.7.1
[2.184s] -- Looking for gz-plugin2 -- found version 2.0.4
[2.184s] -- Looking for gz-transport13 -- found version 13.5.0
[2.187s] -- Looking for gz-rendering8 -- found version 8.2.3
[2.187s] -- Searching for dependencies of gz-rendering8
[2.187s] -- Looking for gz-math7 -- found version 7.5.2
[2.187s] -- Searching for dependencies of gz-math7
[2.187s] -- Looking for gz-utils2 -- found version 2.2.1
[2.187s] -- Searching for <gz-math7> component [eigen3]
[2.190s] -- Looking for gz-math7-eigen3 -- found version 7.5.2
[2.190s] -- Searching for dependencies of gz-math7-eigen3
[2.202s] -- Looking for gz-common5 -- found version 5.7.1
[2.202s] -- Searching for dependencies of gz-common5
[2.202s] -- Looking for gz-utils2 -- found version 2.2.1
[2.202s] -- Looking for dlfcn.h - found
[2.202s] -- Looking for libdl - found
[2.211s] -- Searching for <gz-common5> component [graphics]
[2.212s] -- Searching for <gz-common5> component [events]
[2.212s] -- Searching for <gz-common5> component [geospatial]
[2.214s] -- Looking for gz-common5-geospatial -- found version 5.7.1
[2.214s] -- Searching for dependencies of gz-common5-geospatial
[2.214s] -- Looking for gz-math7 -- found version 7.5.2
[2.215s] -- Looking for gz-common5 -- found version 5.7.1
[2.215s] -- Looking for gz-plugin2 -- found version 2.0.4
[2.215s] -- Searching for dependencies of gz-plugin2
[2.216s] -- Looking for gz-utils2 -- found version 2.2.1
[2.216s] -- Searching for <gz-plugin2> component [all]
[2.218s] -- Looking for all libraries of gz-plugin2 -- found version 2.0.4
[2.218s] -- Looking for gz-plugin2 -- found version 2.0.4
[2.219s] -- Looking for gz-utils2 -- found version 2.2.1
[2.233s] -- Found OpenGL: /usr/lib/x86_64-linux-gnu/libOpenGL.so  found components: OpenGL 
[2.234s] -- Looking for gz-msgs10 -- found version 10.3.2
[2.273s] -- Looking for gz-physics7 -- found version 7.6.0
[2.273s] -- Searching for dependencies of gz-physics7
[2.273s] -- Looking for gz-common5 -- found version 5.7.1
[2.274s] -- Looking for gz-math7 -- found version 7.5.2
[2.274s] -- Looking for gz-plugin2 -- found version 2.0.4
[2.274s] -- Looking for gz-utils2 -- found version 2.2.1
[2.275s] -- Searching for <gz-physics7> component [heightmap]
[2.277s] -- Looking for gz-physics7-heightmap -- found version 7.6.0
[2.277s] -- Searching for dependencies of gz-physics7-heightmap
[2.277s] -- Looking for gz-common5 -- found version 5.7.1
[2.277s] -- Searching for <gz-physics7> component [mesh]
[2.279s] -- Looking for gz-physics7-mesh -- found version 7.6.0
[2.280s] -- Searching for dependencies of gz-physics7-mesh
[2.280s] -- Looking for gz-common5 -- found version 5.7.1
[2.280s] -- Searching for <gz-physics7> component [sdf]
[2.282s] -- Looking for gz-physics7-sdf -- found version 7.6.0
[2.282s] -- Searching for dependencies of gz-physics7-sdf
[2.282s] -- Looking for sdformat14 -- found version 14.8.0
[2.285s] -- Looking for gz-sensors8 -- found version 8.2.2
[2.285s] -- Searching for dependencies of gz-sensors8
[2.309s] -- Looking for gz-math7 -- found version 7.5.2
[2.309s] -- Looking for gz-common5 -- found version 5.7.1
[2.309s] -- Looking for gz-transport13 -- found version 13.5.0
[2.310s] -- Looking for gz-rendering8 -- found version 8.2.3
[2.310s] -- Looking for gz-msgs10 -- found version 10.3.2
[2.310s] -- Looking for sdformat14 -- found version 14.8.0
[2.311s] -- Searching for <gz-sensors8> component [air_pressure]
[2.313s] -- Looking for gz-sensors8-air_pressure -- found version 8.2.2
[2.313s] -- Searching for dependencies of gz-sensors8-air_pressure
[2.313s] -- Searching for <gz-sensors8> component [air_speed]
[2.315s] -- Looking for gz-sensors8-air_speed -- found version 8.2.2
[2.315s] -- Searching for dependencies of gz-sensors8-air_speed
[2.315s] -- Searching for <gz-sensors8> component [altimeter]
[2.317s] -- Looking for gz-sensors8-altimeter -- found version 8.2.2
[2.317s] -- Searching for dependencies of gz-sensors8-altimeter
[2.318s] -- Searching for <gz-sensors8> component [imu]
[2.320s] -- Looking for gz-sensors8-imu -- found version 8.2.2
[2.320s] -- Searching for dependencies of gz-sensors8-imu
[2.321s] -- Searching for <gz-sensors8> component [force_torque]
[2.322s] -- Looking for gz-sensors8-force_torque -- found version 8.2.2
[2.322s] -- Searching for dependencies of gz-sensors8-force_torque
[2.323s] -- Searching for <gz-sensors8> component [logical_camera]
[2.324s] -- Looking for gz-sensors8-logical_camera -- found version 8.2.2
[2.324s] -- Searching for dependencies of gz-sensors8-logical_camera
[2.325s] -- Searching for <gz-sensors8> component [magnetometer]
[2.326s] -- Looking for gz-sensors8-magnetometer -- found version 8.2.2
[2.326s] -- Searching for dependencies of gz-sensors8-magnetometer
[2.327s] -- Searching for <gz-sensors8> component [navsat]
[2.328s] -- Looking for gz-sensors8-navsat -- found version 8.2.2
[2.329s] -- Searching for dependencies of gz-sensors8-navsat
[2.329s] -- Searching for <gz-sensors8> component [dvl]
[2.331s] -- Looking for gz-sensors8-dvl -- found version 8.2.2
[2.331s] -- Searching for dependencies of gz-sensors8-dvl
[2.331s] -- Looking for gz-sensors8 -- found version 8.2.2
[2.331s] -- Searching for dependencies of gz-sensors8
[2.351s] -- Looking for gz-math7 -- found version 7.5.2
[2.351s] -- Looking for gz-common5 -- found version 5.7.1
[2.351s] -- Looking for gz-transport13 -- found version 13.5.0
[2.352s] -- Looking for gz-rendering8 -- found version 8.2.3
[2.352s] -- Looking for gz-msgs10 -- found version 10.3.2
[2.352s] -- Looking for sdformat14 -- found version 14.8.0
[2.352s] -- Searching for <gz-sensors8> component [rendering]
[2.354s] -- Looking for gz-sensors8-rendering -- found version 8.2.2
[2.354s] -- Searching for dependencies of gz-sensors8-rendering
[2.355s] -- Searching for <gz-sensors8> component [rendering]
[2.355s] -- Searching for <gz-sensors8> component [lidar]
[2.357s] -- Looking for gz-sensors8-lidar -- found version 8.2.2
[2.357s] -- Searching for dependencies of gz-sensors8-lidar
[2.357s] -- Looking for gz-sensors8 -- found version 8.2.2
[2.357s] -- Searching for <gz-sensors8> component [gpu_lidar]
[2.359s] -- Looking for gz-sensors8-gpu_lidar -- found version 8.2.2
[2.359s] -- Searching for dependencies of gz-sensors8-gpu_lidar
[2.359s] -- Looking for gz-sensors8 -- found version 8.2.2
[2.360s] -- Searching for <gz-sensors8> component [camera]
[2.361s] -- Looking for gz-sensors8-camera -- found version 8.2.2
[2.361s] -- Searching for dependencies of gz-sensors8-camera
[2.362s] -- Looking for gz-sensors8 -- found version 8.2.2
[2.362s] -- Searching for <gz-sensors8> component [boundingbox_camera]
[2.364s] -- Looking for gz-sensors8-boundingbox_camera -- found version 8.2.2
[2.364s] -- Searching for dependencies of gz-sensors8-boundingbox_camera
[2.364s] -- Searching for <gz-sensors8> component [segmentation_camera]
[2.366s] -- Looking for gz-sensors8-segmentation_camera -- found version 8.2.2
[2.366s] -- Searching for dependencies of gz-sensors8-segmentation_camera
[2.366s] -- Searching for <gz-sensors8> component [depth_camera]
[2.368s] -- Looking for gz-sensors8-depth_camera -- found version 8.2.2
[2.368s] -- Searching for dependencies of gz-sensors8-depth_camera
[2.368s] -- Looking for gz-sensors8 -- found version 8.2.2
[2.368s] -- Searching for <gz-sensors8> component [rgbd_camera]
[2.370s] -- Looking for gz-sensors8-rgbd_camera -- found version 8.2.2
[2.370s] -- Searching for dependencies of gz-sensors8-rgbd_camera
[2.370s] -- Looking for gz-sensors8 -- found version 8.2.2
[2.371s] -- Searching for <gz-sensors8> component [thermal_camera]
[2.372s] -- Looking for gz-sensors8-thermal_camera -- found version 8.2.2
[2.372s] -- Searching for dependencies of gz-sensors8-thermal_camera
[2.373s] -- Looking for gz-sensors8 -- found version 8.2.2
[2.373s] -- Searching for <gz-sensors8> component [wide_angle_camera]
[2.375s] -- Looking for gz-sensors8-wide_angle_camera -- found version 8.2.2
[2.375s] -- Searching for dependencies of gz-sensors8-wide_angle_camera
[2.375s] -- Looking for gz-rendering8 -- found version 8.2.3
[2.376s] -- Looking for gz-math7 -- found version 7.5.2
[2.376s] -- Looking for gz-utils2 -- found version 2.2.1
[2.397s] -- Looking for gz-plugin2 -- found version 2.0.4
[2.463s] -- Configuring done (2.4s)
[2.496s] -- Generating done (0.0s)
[2.502s] -- Build files have been written to: /home/wbforney/proj4_ws/build/turtlebot3_gazebo
[2.515s] Invoked command in '/home/wbforney/proj4_ws/build/turtlebot3_gazebo' returned '0': CMAKE_PREFIX_PATH=${CMAKE_PREFIX_PATH}:/home/wbforney/proj4_ws/install/kalmanFilters:/opt/ros/jazzy DEBUGINFOD_URLS=https://debuginfod.ubuntu.com /usr/bin/cmake /home/wbforney/proj4_ws/src/turtlebot3_simulations/turtlebot3_gazebo -DCMAKE_INSTALL_PREFIX=/home/wbforney/proj4_ws/install/turtlebot3_gazebo
[2.516s] Invoking command in '/home/wbforney/proj4_ws/build/turtlebot3_gazebo': CMAKE_PREFIX_PATH=${CMAKE_PREFIX_PATH}:/home/wbforney/proj4_ws/install/kalmanFilters:/opt/ros/jazzy DEBUGINFOD_URLS=https://debuginfod.ubuntu.com /usr/bin/cmake --build /home/wbforney/proj4_ws/build/turtlebot3_gazebo -- -j16 -l16
[2.564s] [ 50%] [32mBuilding CXX object CMakeFiles/obstacle2.dir/src/obstacle2.cpp.o[0m
[2.564s] [ 50%] [32mBuilding CXX object CMakeFiles/obstacles.dir/src/obstacles.cpp.o[0m
[2.564s] [ 50%] [32mBuilding CXX object CMakeFiles/obstacle1.dir/src/obstacle1.cpp.o[0m
[2.564s] [ 50%] [32mBuilding CXX object CMakeFiles/turtlebot3_drive.dir/src/turtlebot3_drive.cpp.o[0m
[4.273s] [ 62%] [32m[1mLinking CXX shared library libobstacle2.so[0m
[4.280s] [ 75%] [32m[1mLinking CXX shared library libobstacle1.so[0m
[4.456s] [ 75%] Built target obstacle2
[4.456s] [ 75%] Built target obstacle1
[4.590s] [ 87%] [32m[1mLinking CXX shared library libobstacles.so[0m
[4.847s] [ 87%] Built target obstacles
[12.256s] [100%] [32m[1mLinking CXX executable turtlebot3_drive[0m
[12.574s] [100%] Built target turtlebot3_drive
[12.586s] Invoked command in '/home/wbforney/proj4_ws/build/turtlebot3_gazebo' returned '0': CMAKE_PREFIX_PATH=${CMAKE_PREFIX_PATH}:/home/wbforney/proj4_ws/install/kalmanFilters:/opt/ros/jazzy DEBUGINFOD_URLS=https://debuginfod.ubuntu.com /usr/bin/cmake --build /home/wbforney/proj4_ws/build/turtlebot3_gazebo -- -j16 -l16
[12.587s] Invoking command in '/home/wbforney/proj4_ws/build/turtlebot3_gazebo': CMAKE_PREFIX_PATH=${CMAKE_PREFIX_PATH}:/home/wbforney/proj4_ws/install/kalmanFilters:/opt/ros/jazzy DEBUGINFOD_URLS=https://debuginfod.ubuntu.com /usr/bin/cmake --install /home/wbforney/proj4_ws/build/turtlebot3_gazebo
[12.596s] -- Install configuration: ""
[12.597s] -- Execute custom install script
[12.597s] -- Symlinking: /home/wbforney/proj4_ws/install/turtlebot3_gazebo/lib/turtlebot3_gazebo/turtlebot3_drive
[12.607s] -- Symlinking: /home/wbforney/proj4_ws/install/turtlebot3_gazebo/lib/turtlebot3_gazebo/libobstacles.so
[12.619s] -- Symlinking: /home/wbforney/proj4_ws/install/turtlebot3_gazebo/lib/turtlebot3_gazebo/libobstacle1.so
[12.628s] -- Symlinking: /home/wbforney/proj4_ws/install/turtlebot3_gazebo/lib/turtlebot3_gazebo/libobstacle2.so
[12.641s] -- Symlinking: /home/wbforney/proj4_ws/install/turtlebot3_gazebo/share/turtlebot3_gazebo//launch/empty_world.launch.py
[12.651s] -- Symlinking: /home/wbforney/proj4_ws/install/turtlebot3_gazebo/share/turtlebot3_gazebo//launch/robot_state_publisher.launch.py
[12.660s] -- Symlinking: /home/wbforney/proj4_ws/install/turtlebot3_gazebo/share/turtlebot3_gazebo//launch/spawn_turtlebot3.launch.py
[12.670s] -- Symlinking: /home/wbforney/proj4_ws/install/turtlebot3_gazebo/share/turtlebot3_gazebo//launch/turtlebot3_dqn_stage1.launch.py
[12.681s] -- Symlinking: /home/wbforney/proj4_ws/install/turtlebot3_gazebo/share/turtlebot3_gazebo//launch/turtlebot3_dqn_stage2.launch.py
[12.690s] -- Symlinking: /home/wbforney/proj4_ws/install/turtlebot3_gazebo/share/turtlebot3_gazebo//launch/turtlebot3_dqn_stage3.launch.py
[12.700s] -- Symlinking: /home/wbforney/proj4_ws/install/turtlebot3_gazebo/share/turtlebot3_gazebo//launch/turtlebot3_dqn_stage4.launch.py
[12.710s] -- Symlinking: /home/wbforney/proj4_ws/install/turtlebot3_gazebo/share/turtlebot3_gazebo//launch/turtlebot3_house.launch.py
[12.720s] -- Symlinking: /home/wbforney/proj4_ws/install/turtlebot3_gazebo/share/turtlebot3_gazebo//launch/turtlebot3_world.launch.py
[12.732s] -- Symlinking: /home/wbforney/proj4_ws/install/turtlebot3_gazebo/share/turtlebot3_gazebo//models/turtlebot3_burger/model-1_4.sdf
[12.743s] -- Symlinking: /home/wbforney/proj4_ws/install/turtlebot3_gazebo/share/turtlebot3_gazebo//models/turtlebot3_burger/model.config
[12.752s] -- Symlinking: /home/wbforney/proj4_ws/install/turtlebot3_gazebo/share/turtlebot3_gazebo//models/turtlebot3_burger/model.sdf
[12.762s] -- Symlinking: /home/wbforney/proj4_ws/install/turtlebot3_gazebo/share/turtlebot3_gazebo//models/turtlebot3_burger_cam/model-1_4.sdf
[12.771s] -- Symlinking: /home/wbforney/proj4_ws/install/turtlebot3_gazebo/share/turtlebot3_gazebo//models/turtlebot3_burger_cam/model.config
[12.781s] -- Symlinking: /home/wbforney/proj4_ws/install/turtlebot3_gazebo/share/turtlebot3_gazebo//models/turtlebot3_burger_cam/model.sdf
[12.790s] -- Symlinking: /home/wbforney/proj4_ws/install/turtlebot3_gazebo/share/turtlebot3_gazebo//models/turtlebot3_common/meshes/bases/burger_base.stl
[12.800s] -- Symlinking: /home/wbforney/proj4_ws/install/turtlebot3_gazebo/share/turtlebot3_gazebo//models/turtlebot3_common/meshes/bases/waffle_base.stl
[12.810s] -- Symlinking: /home/wbforney/proj4_ws/install/turtlebot3_gazebo/share/turtlebot3_gazebo//models/turtlebot3_common/meshes/bases/waffle_pi_base.stl
[12.819s] -- Symlinking: /home/wbforney/proj4_ws/install/turtlebot3_gazebo/share/turtlebot3_gazebo//models/turtlebot3_common/meshes/burger_base.dae
[12.828s] -- Symlinking: /home/wbforney/proj4_ws/install/turtlebot3_gazebo/share/turtlebot3_gazebo//models/turtlebot3_common/meshes/lds.dae
[12.842s] -- Symlinking: /home/wbforney/proj4_ws/install/turtlebot3_gazebo/share/turtlebot3_gazebo//models/turtlebot3_common/meshes/r200.dae
[12.852s] -- Symlinking: /home/wbforney/proj4_ws/install/turtlebot3_gazebo/share/turtlebot3_gazebo//models/turtlebot3_common/meshes/sensors/astra.dae
[12.863s] -- Symlinking: /home/wbforney/proj4_ws/install/turtlebot3_gazebo/share/turtlebot3_gazebo//models/turtlebot3_common/meshes/sensors/astra.jpg
[12.872s] -- Symlinking: /home/wbforney/proj4_ws/install/turtlebot3_gazebo/share/turtlebot3_gazebo//models/turtlebot3_common/meshes/sensors/lds.stl
[12.882s] -- Symlinking: /home/wbforney/proj4_ws/install/turtlebot3_gazebo/share/turtlebot3_gazebo//models/turtlebot3_common/meshes/sensors/r200.dae
[12.891s] -- Symlinking: /home/wbforney/proj4_ws/install/turtlebot3_gazebo/share/turtlebot3_gazebo//models/turtlebot3_common/meshes/sensors/r200.jpg
[12.901s] -- Symlinking: /home/wbforney/proj4_ws/install/turtlebot3_gazebo/share/turtlebot3_gazebo//models/turtlebot3_common/meshes/tire.dae
[12.910s] -- Symlinking: /home/wbforney/proj4_ws/install/turtlebot3_gazebo/share/turtlebot3_gazebo//models/turtlebot3_common/meshes/waffle_base.dae
[12.918s] -- Symlinking: /home/wbforney/proj4_ws/install/turtlebot3_gazebo/share/turtlebot3_gazebo//models/turtlebot3_common/meshes/waffle_pi_base.dae
[12.929s] -- Symlinking: /home/wbforney/proj4_ws/install/turtlebot3_gazebo/share/turtlebot3_gazebo//models/turtlebot3_common/meshes/wheels/left_tire.stl
[12.941s] -- Symlinking: /home/wbforney/proj4_ws/install/turtlebot3_gazebo/share/turtlebot3_gazebo//models/turtlebot3_common/meshes/wheels/right_tire.stl
[12.949s] -- Symlinking: /home/wbforney/proj4_ws/install/turtlebot3_gazebo/share/turtlebot3_gazebo//models/turtlebot3_common/model.config
[12.959s] -- Symlinking: /home/wbforney/proj4_ws/install/turtlebot3_gazebo/share/turtlebot3_gazebo//models/turtlebot3_dqn_world/goal_box/model.config
[12.969s] -- Symlinking: /home/wbforney/proj4_ws/install/turtlebot3_gazebo/share/turtlebot3_gazebo//models/turtlebot3_dqn_world/goal_box/model.sdf
[12.978s] -- Symlinking: /home/wbforney/proj4_ws/install/turtlebot3_gazebo/share/turtlebot3_gazebo//models/turtlebot3_dqn_world/inner_walls/model.config
[12.987s] -- Symlinking: /home/wbforney/proj4_ws/install/turtlebot3_gazebo/share/turtlebot3_gazebo//models/turtlebot3_dqn_world/inner_walls/model.sdf
[12.996s] -- Symlinking: /home/wbforney/proj4_ws/install/turtlebot3_gazebo/share/turtlebot3_gazebo//models/turtlebot3_dqn_world/inner_walls/textures/wood.png
[13.007s] -- Symlinking: /home/wbforney/proj4_ws/install/turtlebot3_gazebo/share/turtlebot3_gazebo//models/turtlebot3_dqn_world/model.config
[13.017s] -- Symlinking: /home/wbforney/proj4_ws/install/turtlebot3_gazebo/share/turtlebot3_gazebo//models/turtlebot3_dqn_world/model.sdf
[13.027s] -- Symlinking: /home/wbforney/proj4_ws/install/turtlebot3_gazebo/share/turtlebot3_gazebo//models/turtlebot3_dqn_world/obstacle1/model.config
[13.038s] -- Symlinking: /home/wbforney/proj4_ws/install/turtlebot3_gazebo/share/turtlebot3_gazebo//models/turtlebot3_dqn_world/obstacle1/model.sdf
[13.047s] -- Symlinking: /home/wbforney/proj4_ws/install/turtlebot3_gazebo/share/turtlebot3_gazebo//models/turtlebot3_dqn_world/obstacle2/model.config
[13.057s] -- Symlinking: /home/wbforney/proj4_ws/install/turtlebot3_gazebo/share/turtlebot3_gazebo//models/turtlebot3_dqn_world/obstacle2/model.sdf
[13.068s] -- Symlinking: /home/wbforney/proj4_ws/install/turtlebot3_gazebo/share/turtlebot3_gazebo//models/turtlebot3_dqn_world/obstacles/model.config
[13.077s] -- Symlinking: /home/wbforney/proj4_ws/install/turtlebot3_gazebo/share/turtlebot3_gazebo//models/turtlebot3_dqn_world/obstacles/model.sdf
[13.087s] -- Symlinking: /home/wbforney/proj4_ws/install/turtlebot3_gazebo/share/turtlebot3_gazebo//models/turtlebot3_dqn_world/textures/wood.png
[13.096s] -- Symlinking: /home/wbforney/proj4_ws/install/turtlebot3_gazebo/share/turtlebot3_gazebo//models/turtlebot3_house/cafe_table/materials/textures/Maple.jpg
[13.104s] -- Symlinking: /home/wbforney/proj4_ws/install/turtlebot3_gazebo/share/turtlebot3_gazebo//models/turtlebot3_house/cafe_table/materials/textures/Wood_Floor_Dark.jpg
[13.113s] -- Symlinking: /home/wbforney/proj4_ws/install/turtlebot3_gazebo/share/turtlebot3_gazebo//models/turtlebot3_house/cafe_table/meshes/cafe_table.dae
[13.121s] -- Symlinking: /home/wbforney/proj4_ws/install/turtlebot3_gazebo/share/turtlebot3_gazebo//models/turtlebot3_house/cafe_table/model-1_4.sdf
[13.130s] -- Symlinking: /home/wbforney/proj4_ws/install/turtlebot3_gazebo/share/turtlebot3_gazebo//models/turtlebot3_house/cafe_table/model.config
[13.142s] -- Symlinking: /home/wbforney/proj4_ws/install/turtlebot3_gazebo/share/turtlebot3_gazebo//models/turtlebot3_house/cafe_table/model.sdf
[13.151s] -- Symlinking: /home/wbforney/proj4_ws/install/turtlebot3_gazebo/share/turtlebot3_gazebo//models/turtlebot3_house/first_2015_trash_can/meshes/trash_can.dae
[13.160s] -- Symlinking: /home/wbforney/proj4_ws/install/turtlebot3_gazebo/share/turtlebot3_gazebo//models/turtlebot3_house/first_2015_trash_can/model.config
[13.169s] -- Symlinking: /home/wbforney/proj4_ws/install/turtlebot3_gazebo/share/turtlebot3_gazebo//models/turtlebot3_house/first_2015_trash_can/model.sdf
[13.178s] -- Symlinking: /home/wbforney/proj4_ws/install/turtlebot3_gazebo/share/turtlebot3_gazebo//models/turtlebot3_house/mailbox/materials/scripts/mailbox.material
[13.187s] -- Symlinking: /home/wbforney/proj4_ws/install/turtlebot3_gazebo/share/turtlebot3_gazebo//models/turtlebot3_house/mailbox/materials/textures/Mailbox_Diffuse.png
[13.197s] -- Symlinking: /home/wbforney/proj4_ws/install/turtlebot3_gazebo/share/turtlebot3_gazebo//models/turtlebot3_house/mailbox/materials/textures/Mailbox_Diffuse.tga.orig
[13.206s] -- Symlinking: /home/wbforney/proj4_ws/install/turtlebot3_gazebo/share/turtlebot3_gazebo//models/turtlebot3_house/mailbox/materials/textures/Mailbox_Spec.png
[13.216s] -- Symlinking: /home/wbforney/proj4_ws/install/turtlebot3_gazebo/share/turtlebot3_gazebo//models/turtlebot3_house/mailbox/meshes/mailbox.dae
[13.226s] -- Symlinking: /home/wbforney/proj4_ws/install/turtlebot3_gazebo/share/turtlebot3_gazebo//models/turtlebot3_house/mailbox/model-1_3.sdf
[13.238s] -- Symlinking: /home/wbforney/proj4_ws/install/turtlebot3_gazebo/share/turtlebot3_gazebo//models/turtlebot3_house/mailbox/model-1_4.sdf
[13.248s] -- Symlinking: /home/wbforney/proj4_ws/install/turtlebot3_gazebo/share/turtlebot3_gazebo//models/turtlebot3_house/mailbox/model.config
[13.258s] -- Symlinking: /home/wbforney/proj4_ws/install/turtlebot3_gazebo/share/turtlebot3_gazebo//models/turtlebot3_house/mailbox/model.sdf
[13.268s] -- Symlinking: /home/wbforney/proj4_ws/install/turtlebot3_gazebo/share/turtlebot3_gazebo//models/turtlebot3_house/model.config
[13.277s] -- Symlinking: /home/wbforney/proj4_ws/install/turtlebot3_gazebo/share/turtlebot3_gazebo//models/turtlebot3_house/model.sdf
[13.287s] -- Symlinking: /home/wbforney/proj4_ws/install/turtlebot3_gazebo/share/turtlebot3_gazebo//models/turtlebot3_house/table_marble/materials/scripts/table_lightmap.material
[13.297s] -- Symlinking: /home/wbforney/proj4_ws/install/turtlebot3_gazebo/share/turtlebot3_gazebo//models/turtlebot3_house/table_marble/materials/textures/marble.png
[13.308s] -- Symlinking: /home/wbforney/proj4_ws/install/turtlebot3_gazebo/share/turtlebot3_gazebo//models/turtlebot3_house/table_marble/materials/textures/table_lightmap.png
[13.318s] -- Symlinking: /home/wbforney/proj4_ws/install/turtlebot3_gazebo/share/turtlebot3_gazebo//models/turtlebot3_house/table_marble/meshes/table_lightmap.dae
[13.328s] -- Symlinking: /home/wbforney/proj4_ws/install/turtlebot3_gazebo/share/turtlebot3_gazebo//models/turtlebot3_house/table_marble/model-1_4.sdf
[13.340s] -- Symlinking: /home/wbforney/proj4_ws/install/turtlebot3_gazebo/share/turtlebot3_gazebo//models/turtlebot3_house/table_marble/model.config
[13.350s] -- Symlinking: /home/wbforney/proj4_ws/install/turtlebot3_gazebo/share/turtlebot3_gazebo//models/turtlebot3_house/table_marble/model.sdf
[13.359s] -- Symlinking: /home/wbforney/proj4_ws/install/turtlebot3_gazebo/share/turtlebot3_gazebo//models/turtlebot3_house/textures/bricks.png
[13.368s] -- Symlinking: /home/wbforney/proj4_ws/install/turtlebot3_gazebo/share/turtlebot3_gazebo//models/turtlebot3_house/textures/wood.png
[13.378s] -- Symlinking: /home/wbforney/proj4_ws/install/turtlebot3_gazebo/share/turtlebot3_gazebo//models/turtlebot3_waffle/model-1_4.sdf
[13.389s] -- Symlinking: /home/wbforney/proj4_ws/install/turtlebot3_gazebo/share/turtlebot3_gazebo//models/turtlebot3_waffle/model.config
[13.400s] -- Symlinking: /home/wbforney/proj4_ws/install/turtlebot3_gazebo/share/turtlebot3_gazebo//models/turtlebot3_waffle/model.sdf
[13.411s] -- Symlinking: /home/wbforney/proj4_ws/install/turtlebot3_gazebo/share/turtlebot3_gazebo//models/turtlebot3_waffle_pi/model-1_4_.sdf
[13.423s] -- Symlinking: /home/wbforney/proj4_ws/install/turtlebot3_gazebo/share/turtlebot3_gazebo//models/turtlebot3_waffle_pi/model.config
[13.433s] -- Symlinking: /home/wbforney/proj4_ws/install/turtlebot3_gazebo/share/turtlebot3_gazebo//models/turtlebot3_waffle_pi/model.sdf
[13.445s] -- Symlinking: /home/wbforney/proj4_ws/install/turtlebot3_gazebo/share/turtlebot3_gazebo//models/turtlebot3_world/meshes/hexagon.dae
[13.455s] -- Symlinking: /home/wbforney/proj4_ws/install/turtlebot3_gazebo/share/turtlebot3_gazebo//models/turtlebot3_world/meshes/wall.dae
[13.465s] -- Symlinking: /home/wbforney/proj4_ws/install/turtlebot3_gazebo/share/turtlebot3_gazebo//models/turtlebot3_world/model-1_4.sdf
[13.474s] -- Symlinking: /home/wbforney/proj4_ws/install/turtlebot3_gazebo/share/turtlebot3_gazebo//models/turtlebot3_world/model.config
[13.485s] -- Symlinking: /home/wbforney/proj4_ws/install/turtlebot3_gazebo/share/turtlebot3_gazebo//models/turtlebot3_world/model.sdf
[13.495s] -- Symlinking: /home/wbforney/proj4_ws/install/turtlebot3_gazebo/share/turtlebot3_gazebo//params/turtlebot3_burger_bridge.yaml
[13.506s] -- Symlinking: /home/wbforney/proj4_ws/install/turtlebot3_gazebo/share/turtlebot3_gazebo//params/turtlebot3_burger_cam_bridge.yaml
[13.516s] -- Symlinking: /home/wbforney/proj4_ws/install/turtlebot3_gazebo/share/turtlebot3_gazebo//params/turtlebot3_waffle_bridge.yaml
[13.527s] -- Symlinking: /home/wbforney/proj4_ws/install/turtlebot3_gazebo/share/turtlebot3_gazebo//params/turtlebot3_waffle_pi_bridge.yaml
[13.541s] -- Symlinking: /home/wbforney/proj4_ws/install/turtlebot3_gazebo/share/turtlebot3_gazebo//rviz/tb3_gazebo.rviz
[13.552s] -- Symlinking: /home/wbforney/proj4_ws/install/turtlebot3_gazebo/share/turtlebot3_gazebo//urdf/common_properties.urdf
[13.562s] -- Symlinking: /home/wbforney/proj4_ws/install/turtlebot3_gazebo/share/turtlebot3_gazebo//urdf/turtlebot3_burger.urdf
[13.572s] -- Symlinking: /home/wbforney/proj4_ws/install/turtlebot3_gazebo/share/turtlebot3_gazebo//urdf/turtlebot3_burger_cam.urdf
[13.584s] -- Symlinking: /home/wbforney/proj4_ws/install/turtlebot3_gazebo/share/turtlebot3_gazebo//urdf/turtlebot3_waffle.urdf
[13.593s] -- Symlinking: /home/wbforney/proj4_ws/install/turtlebot3_gazebo/share/turtlebot3_gazebo//urdf/turtlebot3_waffle_pi.urdf
[13.603s] -- Symlinking: /home/wbforney/proj4_ws/install/turtlebot3_gazebo/share/turtlebot3_gazebo//worlds/empty_world.world
[13.613s] -- Symlinking: /home/wbforney/proj4_ws/install/turtlebot3_gazebo/share/turtlebot3_gazebo//worlds/turtlebot3_autorace_2020.world
[13.621s] -- Symlinking: /home/wbforney/proj4_ws/install/turtlebot3_gazebo/share/turtlebot3_gazebo//worlds/turtlebot3_dqn_stage1.world
[13.629s] -- Symlinking: /home/wbforney/proj4_ws/install/turtlebot3_gazebo/share/turtlebot3_gazebo//worlds/turtlebot3_dqn_stage2.world
[13.640s] -- Symlinking: /home/wbforney/proj4_ws/install/turtlebot3_gazebo/share/turtlebot3_gazebo//worlds/turtlebot3_dqn_stage3.world
[13.649s] -- Symlinking: /home/wbforney/proj4_ws/install/turtlebot3_gazebo/share/turtlebot3_gazebo//worlds/turtlebot3_dqn_stage4.world
[13.658s] -- Symlinking: /home/wbforney/proj4_ws/install/turtlebot3_gazebo/share/turtlebot3_gazebo//worlds/turtlebot3_house.world
[13.668s] -- Symlinking: /home/wbforney/proj4_ws/install/turtlebot3_gazebo/share/turtlebot3_gazebo//worlds/turtlebot3_world.world
[13.677s] -- Symlinking: /home/wbforney/proj4_ws/install/turtlebot3_gazebo/include//turtlebot3_gazebo/obstacle1.hpp
[13.687s] -- Symlinking: /home/wbforney/proj4_ws/install/turtlebot3_gazebo/include//turtlebot3_gazebo/obstacle2.hpp
[13.696s] -- Symlinking: /home/wbforney/proj4_ws/install/turtlebot3_gazebo/include//turtlebot3_gazebo/obstacles.hpp
[13.706s] -- Symlinking: /home/wbforney/proj4_ws/install/turtlebot3_gazebo/include//turtlebot3_gazebo/traffic_bar_plugin.hpp
[13.716s] -- Symlinking: /home/wbforney/proj4_ws/install/turtlebot3_gazebo/include//turtlebot3_gazebo/traffic_light_plugin.hpp
[13.727s] -- Symlinking: /home/wbforney/proj4_ws/install/turtlebot3_gazebo/include//turtlebot3_gazebo/turtlebot3_drive.hpp
[13.741s] -- Symlinking: /home/wbforney/proj4_ws/install/turtlebot3_gazebo/share/ament_index/resource_index/package_run_dependencies/turtlebot3_gazebo
[13.754s] -- Symlinking: /home/wbforney/proj4_ws/install/turtlebot3_gazebo/share/ament_index/resource_index/parent_prefix_path/turtlebot3_gazebo
[13.766s] -- Symlinking: /home/wbforney/proj4_ws/install/turtlebot3_gazebo/share/turtlebot3_gazebo/environment/ament_prefix_path.sh
[13.776s] -- Symlinking: /home/wbforney/proj4_ws/install/turtlebot3_gazebo/share/turtlebot3_gazebo/environment/ament_prefix_path.dsv
[13.786s] -- Symlinking: /home/wbforney/proj4_ws/install/turtlebot3_gazebo/share/turtlebot3_gazebo/environment/path.sh
[13.797s] -- Symlinking: /home/wbforney/proj4_ws/install/turtlebot3_gazebo/share/turtlebot3_gazebo/environment/path.dsv
[13.806s] -- Symlinking: /home/wbforney/proj4_ws/install/turtlebot3_gazebo/share/turtlebot3_gazebo/local_setup.bash
[13.817s] -- Symlinking: /home/wbforney/proj4_ws/install/turtlebot3_gazebo/share/turtlebot3_gazebo/local_setup.sh
[13.827s] -- Symlinking: /home/wbforney/proj4_ws/install/turtlebot3_gazebo/share/turtlebot3_gazebo/local_setup.zsh
[13.840s] -- Symlinking: /home/wbforney/proj4_ws/install/turtlebot3_gazebo/share/turtlebot3_gazebo/local_setup.dsv
[13.850s] -- Symlinking: /home/wbforney/proj4_ws/install/turtlebot3_gazebo/share/turtlebot3_gazebo/package.dsv
[13.860s] -- Symlinking: /home/wbforney/proj4_ws/install/turtlebot3_gazebo/share/ament_index/resource_index/packages/turtlebot3_gazebo
[13.870s] -- Symlinking: /home/wbforney/proj4_ws/install/turtlebot3_gazebo/share/turtlebot3_gazebo/cmake/ament_cmake_export_include_directories-extras.cmake
[13.879s] -- Symlinking: /home/wbforney/proj4_ws/install/turtlebot3_gazebo/share/turtlebot3_gazebo/cmake/ament_cmake_export_dependencies-extras.cmake
[13.889s] -- Symlinking: /home/wbforney/proj4_ws/install/turtlebot3_gazebo/share/turtlebot3_gazebo/cmake/turtlebot3_gazeboConfig.cmake
[13.898s] -- Symlinking: /home/wbforney/proj4_ws/install/turtlebot3_gazebo/share/turtlebot3_gazebo/cmake/turtlebot3_gazeboConfig-version.cmake
[13.908s] -- Symlinking: /home/wbforney/proj4_ws/install/turtlebot3_gazebo/share/turtlebot3_gazebo/package.xml
[13.920s] Invoked command in '/home/wbforney/proj4_ws/build/turtlebot3_gazebo' returned '0': CMAKE_PREFIX_PATH=${CMAKE_PREFIX_PATH}:/home/wbforney/proj4_ws/install/kalmanFilters:/opt/ros/jazzy DEBUGINFOD_URLS=https://debuginfod.ubuntu.com /usr/bin/cmake --install /home/wbforney/proj4_ws/build/turtlebot3_gazebo
