[0.032s] Invoking command in '/home/wbforney/proj4_ws/build/turtlebot3_cartographer': CMAKE_PREFIX_PATH=${CMAKE_PREFIX_PATH}:/home/wbforney/proj4_ws/install/turtlebot3_teleop:/home/wbforney/proj4_ws/install/turtlebot3_example:/home/wbforney/proj4_ws/install/kalmanFilters:/opt/ros/jazzy DEBUGINFOD_URLS=https://debuginfod.ubuntu.com /usr/bin/cmake --build /home/wbforney/proj4_ws/build/turtlebot3_cartographer -- -j16 -l16
[0.239s] Invoked command in '/home/wbforney/proj4_ws/build/turtlebot3_cartographer' returned '0': CMAKE_PREFIX_PATH=${CMAKE_PREFIX_PATH}:/home/wbforney/proj4_ws/install/turtlebot3_teleop:/home/wbforney/proj4_ws/install/turtlebot3_example:/home/wbforney/proj4_ws/install/kalmanFilters:/opt/ros/jazzy DEBUGINFOD_URLS=https://debuginfod.ubuntu.com /usr/bin/cmake --build /home/wbforney/proj4_ws/build/turtlebot3_cartographer -- -j16 -l16
[0.239s] Invoking command in '/home/wbforney/proj4_ws/build/turtlebot3_cartographer': CMAKE_PREFIX_PATH=${CMAKE_PREFIX_PATH}:/home/wbforney/proj4_ws/install/turtlebot3_teleop:/home/wbforney/proj4_ws/install/turtlebot3_example:/home/wbforney/proj4_ws/install/kalmanFilters:/opt/ros/jazzy DEBUGINFOD_URLS=https://debuginfod.ubuntu.com /usr/bin/cmake --install /home/wbforney/proj4_ws/build/turtlebot3_cartographer
[0.403s] -- Install configuration: ""
[0.403s] -- Execute custom install script
[0.403s] -- Up-to-date symlink: /home/wbforney/proj4_ws/install/turtlebot3_cartographer/share/turtlebot3_cartographer/config/turtlebot3_lds_2d.lua
[0.403s] -- Up-to-date symlink: /home/wbforney/proj4_ws/install/turtlebot3_cartographer/share/turtlebot3_cartographer/launch/cartographer.launch.py
[0.403s] -- Up-to-date symlink: /home/wbforney/proj4_ws/install/turtlebot3_cartographer/share/turtlebot3_cartographer/launch/occupancy_grid.launch.py
[0.403s] -- Up-to-date symlink: /home/wbforney/proj4_ws/install/turtlebot3_cartographer/share/turtlebot3_cartographer/rviz/tb3_cartographer.rviz
[0.404s] -- Up-to-date symlink: /home/wbforney/proj4_ws/install/turtlebot3_cartographer/share/ament_index/resource_index/package_run_dependencies/turtlebot3_cartographer
[0.404s] -- Up-to-date symlink: /home/wbforney/proj4_ws/install/turtlebot3_cartographer/share/ament_index/resource_index/parent_prefix_path/turtlebot3_cartographer
[0.404s] -- Up-to-date symlink: /home/wbforney/proj4_ws/install/turtlebot3_cartographer/share/turtlebot3_cartographer/environment/ament_prefix_path.sh
[0.404s] -- Up-to-date symlink: /home/wbforney/proj4_ws/install/turtlebot3_cartographer/share/turtlebot3_cartographer/environment/ament_prefix_path.dsv
[0.404s] -- Up-to-date symlink: /home/wbforney/proj4_ws/install/turtlebot3_cartographer/share/turtlebot3_cartographer/environment/path.sh
[0.404s] -- Up-to-date symlink: /home/wbforney/proj4_ws/install/turtlebot3_cartographer/share/turtlebot3_cartographer/environment/path.dsv
[0.404s] -- Up-to-date symlink: /home/wbforney/proj4_ws/install/turtlebot3_cartographer/share/turtlebot3_cartographer/local_setup.bash
[0.404s] -- Up-to-date symlink: /home/wbforney/proj4_ws/install/turtlebot3_cartographer/share/turtlebot3_cartographer/local_setup.sh
[0.404s] -- Up-to-date symlink: /home/wbforney/proj4_ws/install/turtlebot3_cartographer/share/turtlebot3_cartographer/local_setup.zsh
[0.404s] -- Up-to-date symlink: /home/wbforney/proj4_ws/install/turtlebot3_cartographer/share/turtlebot3_cartographer/local_setup.dsv
[0.404s] -- Symlinking: /home/wbforney/proj4_ws/install/turtlebot3_cartographer/share/turtlebot3_cartographer/package.dsv
[0.404s] -- Up-to-date symlink: /home/wbforney/proj4_ws/install/turtlebot3_cartographer/share/ament_index/resource_index/packages/turtlebot3_cartographer
[0.404s] -- Up-to-date symlink: /home/wbforney/proj4_ws/install/turtlebot3_cartographer/share/turtlebot3_cartographer/cmake/turtlebot3_cartographerConfig.cmake
[0.404s] -- Up-to-date symlink: /home/wbforney/proj4_ws/install/turtlebot3_cartographer/share/turtlebot3_cartographer/cmake/turtlebot3_cartographerConfig-version.cmake
[0.404s] -- Up-to-date symlink: /home/wbforney/proj4_ws/install/turtlebot3_cartographer/share/turtlebot3_cartographer/package.xml
[0.427s] Invoked command in '/home/wbforney/proj4_ws/build/turtlebot3_cartographer' returned '0': CMAKE_PREFIX_PATH=${CMAKE_PREFIX_PATH}:/home/wbforney/proj4_ws/install/turtlebot3_teleop:/home/wbforney/proj4_ws/install/turtlebot3_example:/home/wbforney/proj4_ws/install/kalmanFilters:/opt/ros/jazzy DEBUGINFOD_URLS=https://debuginfod.ubuntu.com /usr/bin/cmake --install /home/wbforney/proj4_ws/build/turtlebot3_cartographer
