[0.023s] Invoking command in '/home/wbforney/proj4_ws/build/turtlebot3_gazebo': CMAKE_PREFIX_PATH=${CMAKE_PREFIX_PATH}:/home/wbforney/proj4_ws/install/kalmanFilters:/opt/ros/jazzy DEBUGINFOD_URLS=https://debuginfod.ubuntu.com /usr/bin/cmake /home/wbforney/proj4_ws/src/turtlebot3_simulations/turtlebot3_gazebo -DCMAKE_INSTALL_PREFIX=/home/wbforney/proj4_ws/install/turtlebot3_gazebo
[0.362s] -- The C compiler identification is GNU 13.3.0
[0.362s] -- The CXX compiler identification is GNU 13.3.0
[0.362s] -- Detecting C compiler ABI info
[0.363s] -- Detecting C compiler ABI info - done
[0.363s] -- Check for working C compiler: /usr/bin/cc - skipped
[0.363s] -- Detecting C compile features
[0.363s] -- Detecting C compile features - done
[0.363s] -- Detecting CXX compiler ABI info
[0.363s] -- Detecting CXX compiler ABI info - done
[0.363s] -- Check for working CXX compiler: /usr/bin/c++ - skipped
[0.363s] -- Detecting CXX compile features
[0.363s] -- Detecting CXX compile features - done
[0.363s] -- Found ament_cmake: 2.5.5 (/opt/ros/jazzy/share/ament_cmake/cmake)
[0.438s] -- Found Python3: /usr/bin/python3 (found version "3.12.3") found components: Interpreter 
[0.546s] [31mCMake Error at CMakeLists.txt:23 (find_package):
[0.546s]   By not providing "Findros_gz_sim.cmake" in CMAKE_MODULE_PATH this project
[0.546s]   has asked CMake to find a package configuration file provided by
[0.546s]   "ros_gz_sim", but CMake did not find one.
[0.546s] 
[0.546s]   Could not find a package configuration file provided by "ros_gz_sim" with
[0.547s]   any of the following names:
[0.547s] 
[0.547s]     ros_gz_simConfig.cmake
[0.547s]     ros_gz_sim-config.cmake
[0.547s] 
[0.547s]   Add the installation prefix of "ros_gz_sim" to CMAKE_PREFIX_PATH or set
[0.547s]   "ros_gz_sim_DIR" to a directory containing one of the above files.  If
[0.547s]   "ros_gz_sim" provides a separate development package or SDK, be sure it has
[0.547s]   been installed.
[0.547s] 
[0.547s] [0m
[0.547s] -- Configuring incomplete, errors occurred!
[0.553s] Invoked command in '/home/wbforney/proj4_ws/build/turtlebot3_gazebo' returned '1': CMAKE_PREFIX_PATH=${CMAKE_PREFIX_PATH}:/home/wbforney/proj4_ws/install/kalmanFilters:/opt/ros/jazzy DEBUGINFOD_URLS=https://debuginfod.ubuntu.com /usr/bin/cmake /home/wbforney/proj4_ws/src/turtlebot3_simulations/turtlebot3_gazebo -DCMAKE_INSTALL_PREFIX=/home/wbforney/proj4_ws/install/turtlebot3_gazebo
