[0.033s] Invoking command in '/home/wbforney/proj4_ws/build/turtlebot3_msgs': CMAKE_PREFIX_PATH=${CMAKE_PREFIX_PATH}:/home/wbforney/proj4_ws/install/kalmanFilters:/opt/ros/jazzy DEBUGINFOD_URLS=https://debuginfod.ubuntu.com /usr/bin/cmake /home/wbforney/proj4_ws/src/turtlebot3_msgs -DCMAKE_INSTALL_PREFIX=/home/wbforney/proj4_ws/install/turtlebot3_msgs
[0.373s] -- The C compiler identification is GNU 13.3.0
[0.374s] -- The CXX compiler identification is GNU 13.3.0
[0.374s] -- Detecting C compiler ABI info
[0.374s] -- Detecting C compiler ABI info - done
[0.374s] -- Check for working C compiler: /usr/bin/cc - skipped
[0.374s] -- Detecting C compile features
[0.374s] -- Detecting C compile features - done
[0.374s] -- Detecting CXX compiler ABI info
[0.374s] -- Detecting CXX compiler ABI info - done
[0.374s] -- Check for working CXX compiler: /usr/bin/c++ - skipped
[0.375s] -- Detecting CXX compile features
[0.375s] -- Detecting CXX compile features - done
[0.375s] -- Found action_msgs: 2.0.3 (/opt/ros/jazzy/share/action_msgs/cmake)
[0.457s] -- Found Python3: /usr/bin/python3 (found version "3.12.3") found components: Interpreter 
[0.604s] -- Found rosidl_generator_c: 4.6.7 (/opt/ros/jazzy/share/rosidl_generator_c/cmake)
[0.617s] -- Found rosidl_generator_cpp: 4.6.7 (/opt/ros/jazzy/share/rosidl_generator_cpp/cmake)
[0.630s] -- Using all available rosidl_typesupport_c: rosidl_typesupport_fastrtps_c;rosidl_typesupport_introspection_c
[0.646s] -- Using all available rosidl_typesupport_cpp: rosidl_typesupport_fastrtps_cpp;rosidl_typesupport_introspection_cpp
[0.698s] -- Found rosidl_default_generators: 1.6.0 (/opt/ros/jazzy/share/rosidl_default_generators/cmake)
[0.709s] -- Found rosidl_adapter: 4.6.7 (/opt/ros/jazzy/share/rosidl_adapter/cmake)
[0.712s] -- Found std_msgs: 5.3.6 (/opt/ros/jazzy/share/std_msgs/cmake)
[0.725s] -- Found geometry_msgs: 5.3.6 (/opt/ros/jazzy/share/geometry_msgs/cmake)
[1.229s] -- Found ament_cmake_cppcheck: 0.17.4 (/opt/ros/jazzy/share/ament_cmake_cppcheck/cmake)
[1.230s] -- Found ament_cmake_cpplint: 0.17.4 (/opt/ros/jazzy/share/ament_cmake_cpplint/cmake)
[1.232s] -- Found ament_cmake_uncrustify: 0.17.4 (/opt/ros/jazzy/share/ament_cmake_uncrustify/cmake)
[1.235s] -- Found ament_cmake_ros: 0.12.0 (/opt/ros/jazzy/share/ament_cmake_ros/cmake)
[1.861s] -- Using all available rosidl_typesupport_c: rosidl_typesupport_fastrtps_c;rosidl_typesupport_introspection_c
[2.105s] -- Using all available rosidl_typesupport_cpp: rosidl_typesupport_fastrtps_cpp;rosidl_typesupport_introspection_cpp
[2.109s] -- Found python_cmake_module: 0.11.1 (/opt/ros/jazzy/share/python_cmake_module/cmake)
[2.216s] -- Found PythonExtra: /usr/bin/python3  
[2.525s] -- Found Python3: /usr/bin/python3 (found version "3.12.3") found components: Interpreter Development NumPy Development.Module Development.Embed 
[2.567s] -- Found ament_cmake_flake8: 0.17.4 (/opt/ros/jazzy/share/ament_cmake_flake8/cmake)
[2.569s] -- Found ament_cmake_pep257: 0.17.4 (/opt/ros/jazzy/share/ament_cmake_pep257/cmake)
[2.574s] -- Configuring done (2.5s)
[2.609s] -- Generating done (0.0s)
[2.619s] -- Build files have been written to: /home/wbforney/proj4_ws/build/turtlebot3_msgs
