[0.656s] Invoking command in '/home/wbforney/proj4_ws/src/turtlebot3/turtlebot3_example': AMENT_PREFIX_PATH=/home/wbforney/proj4_ws/install/turtlebot3_msgs:${AMENT_PREFIX_PATH} CMAKE_PREFIX_PATH=/home/wbforney/proj4_ws/install/turtlebot3_msgs:${CMAKE_PREFIX_PATH} DEBUGINFOD_URLS=https://debuginfod.ubuntu.com LD_LIBRARY_PATH=/home/wbforney/proj4_ws/install/turtlebot3_msgs/lib:${LD_LIBRARY_PATH} PYTHONPATH=/home/wbforney/proj4_ws/build/turtlebot3_example/prefix_override:/usr/lib/python3/dist-packages/colcon_core/task/python/colcon_distutils_commands:/home/wbforney/proj4_ws/install/turtlebot3_example/lib/python3.12/site-packages:/home/wbforney/proj4_ws/install/turtlebot3_msgs/lib/python3.12/site-packages:${PYTHONPATH} /usr/bin/python3 -W ignore:setup.py install is deprecated -W ignore:easy_install command is deprecated setup.py egg_info --egg-base ../../../build/turtlebot3_example build --build-base /home/wbforney/proj4_ws/build/turtlebot3_example/build install --record /home/wbforney/proj4_ws/build/turtlebot3_example/install.log --single-version-externally-managed install_data
[0.859s] running egg_info
[0.859s] creating ../../../build/turtlebot3_example/turtlebot3_example.egg-info
[0.873s] writing ../../../build/turtlebot3_example/turtlebot3_example.egg-info/PKG-INFO
[0.873s] writing dependency_links to ../../../build/turtlebot3_example/turtlebot3_example.egg-info/dependency_links.txt
[0.873s] writing entry points to ../../../build/turtlebot3_example/turtlebot3_example.egg-info/entry_points.txt
[0.873s] writing requirements to ../../../build/turtlebot3_example/turtlebot3_example.egg-info/requires.txt
[0.874s] writing top-level names to ../../../build/turtlebot3_example/turtlebot3_example.egg-info/top_level.txt
[0.874s] writing manifest file '../../../build/turtlebot3_example/turtlebot3_example.egg-info/SOURCES.txt'
[0.904s] reading manifest file '../../../build/turtlebot3_example/turtlebot3_example.egg-info/SOURCES.txt'
[0.905s] writing manifest file '../../../build/turtlebot3_example/turtlebot3_example.egg-info/SOURCES.txt'
[0.905s] running build
[0.905s] running build_py
[0.905s] creating /home/wbforney/proj4_ws/build/turtlebot3_example/build
[0.905s] creating /home/wbforney/proj4_ws/build/turtlebot3_example/build/lib
[0.905s] creating /home/wbforney/proj4_ws/build/turtlebot3_example/build/lib/turtlebot3_example
[0.905s] copying turtlebot3_example/__init__.py -> /home/wbforney/proj4_ws/build/turtlebot3_example/build/lib/turtlebot3_example
[0.905s] creating /home/wbforney/proj4_ws/build/turtlebot3_example/build/lib/turtlebot3_example/turtlebot3_patrol
[0.906s] copying turtlebot3_example/turtlebot3_patrol/turtlebot3_patrol_client.py -> /home/wbforney/proj4_ws/build/turtlebot3_example/build/lib/turtlebot3_example/turtlebot3_patrol
[0.906s] copying turtlebot3_example/turtlebot3_patrol/__init__.py -> /home/wbforney/proj4_ws/build/turtlebot3_example/build/lib/turtlebot3_example/turtlebot3_patrol
[0.906s] copying turtlebot3_example/turtlebot3_patrol/turtlebot3_patrol_server.py -> /home/wbforney/proj4_ws/build/turtlebot3_example/build/lib/turtlebot3_example/turtlebot3_patrol
[0.906s] creating /home/wbforney/proj4_ws/build/turtlebot3_example/build/lib/turtlebot3_example/turtlebot3_interactive_marker
[0.906s] copying turtlebot3_example/turtlebot3_interactive_marker/turtlebot3_interactive_marker.py -> /home/wbforney/proj4_ws/build/turtlebot3_example/build/lib/turtlebot3_example/turtlebot3_interactive_marker
[0.906s] copying turtlebot3_example/turtlebot3_interactive_marker/__init__.py -> /home/wbforney/proj4_ws/build/turtlebot3_example/build/lib/turtlebot3_example/turtlebot3_interactive_marker
[0.906s] creating /home/wbforney/proj4_ws/build/turtlebot3_example/build/lib/turtlebot3_example/turtlebot3_obstacle_detection
[0.906s] copying turtlebot3_example/turtlebot3_obstacle_detection/turtlebot3_obstacle_detection.py -> /home/wbforney/proj4_ws/build/turtlebot3_example/build/lib/turtlebot3_example/turtlebot3_obstacle_detection
[0.906s] copying turtlebot3_example/turtlebot3_obstacle_detection/__init__.py -> /home/wbforney/proj4_ws/build/turtlebot3_example/build/lib/turtlebot3_example/turtlebot3_obstacle_detection
[0.906s] creating /home/wbforney/proj4_ws/build/turtlebot3_example/build/lib/turtlebot3_example/turtlebot3_relative_move
[0.906s] copying turtlebot3_example/turtlebot3_relative_move/turtlebot3_relative_move.py -> /home/wbforney/proj4_ws/build/turtlebot3_example/build/lib/turtlebot3_example/turtlebot3_relative_move
[0.907s] copying turtlebot3_example/turtlebot3_relative_move/__init__.py -> /home/wbforney/proj4_ws/build/turtlebot3_example/build/lib/turtlebot3_example/turtlebot3_relative_move
[0.907s] creating /home/wbforney/proj4_ws/build/turtlebot3_example/build/lib/turtlebot3_example/turtlebot3_absolute_move
[0.907s] copying turtlebot3_example/turtlebot3_absolute_move/turtlebot3_absolute_move.py -> /home/wbforney/proj4_ws/build/turtlebot3_example/build/lib/turtlebot3_example/turtlebot3_absolute_move
[0.907s] copying turtlebot3_example/turtlebot3_absolute_move/__init__.py -> /home/wbforney/proj4_ws/build/turtlebot3_example/build/lib/turtlebot3_example/turtlebot3_absolute_move
[0.907s] running install
[0.912s] running install_lib
[0.926s] creating /home/wbforney/proj4_ws/install/turtlebot3_example/lib/python3.12/site-packages/turtlebot3_example
[0.927s] creating /home/wbforney/proj4_ws/install/turtlebot3_example/lib/python3.12/site-packages/turtlebot3_example/turtlebot3_patrol
[0.927s] copying /home/wbforney/proj4_ws/build/turtlebot3_example/build/lib/turtlebot3_example/turtlebot3_patrol/turtlebot3_patrol_client.py -> /home/wbforney/proj4_ws/install/turtlebot3_example/lib/python3.12/site-packages/turtlebot3_example/turtlebot3_patrol
[0.927s] copying /home/wbforney/proj4_ws/build/turtlebot3_example/build/lib/turtlebot3_example/turtlebot3_patrol/__init__.py -> /home/wbforney/proj4_ws/install/turtlebot3_example/lib/python3.12/site-packages/turtlebot3_example/turtlebot3_patrol
[0.927s] copying /home/wbforney/proj4_ws/build/turtlebot3_example/build/lib/turtlebot3_example/turtlebot3_patrol/turtlebot3_patrol_server.py -> /home/wbforney/proj4_ws/install/turtlebot3_example/lib/python3.12/site-packages/turtlebot3_example/turtlebot3_patrol
[0.927s] creating /home/wbforney/proj4_ws/install/turtlebot3_example/lib/python3.12/site-packages/turtlebot3_example/turtlebot3_interactive_marker
[0.927s] copying /home/wbforney/proj4_ws/build/turtlebot3_example/build/lib/turtlebot3_example/turtlebot3_interactive_marker/turtlebot3_interactive_marker.py -> /home/wbforney/proj4_ws/install/turtlebot3_example/lib/python3.12/site-packages/turtlebot3_example/turtlebot3_interactive_marker
[0.927s] copying /home/wbforney/proj4_ws/build/turtlebot3_example/build/lib/turtlebot3_example/turtlebot3_interactive_marker/__init__.py -> /home/wbforney/proj4_ws/install/turtlebot3_example/lib/python3.12/site-packages/turtlebot3_example/turtlebot3_interactive_marker
[0.927s] creating /home/wbforney/proj4_ws/install/turtlebot3_example/lib/python3.12/site-packages/turtlebot3_example/turtlebot3_obstacle_detection
[0.927s] copying /home/wbforney/proj4_ws/build/turtlebot3_example/build/lib/turtlebot3_example/turtlebot3_obstacle_detection/turtlebot3_obstacle_detection.py -> /home/wbforney/proj4_ws/install/turtlebot3_example/lib/python3.12/site-packages/turtlebot3_example/turtlebot3_obstacle_detection
[0.927s] copying /home/wbforney/proj4_ws/build/turtlebot3_example/build/lib/turtlebot3_example/turtlebot3_obstacle_detection/__init__.py -> /home/wbforney/proj4_ws/install/turtlebot3_example/lib/python3.12/site-packages/turtlebot3_example/turtlebot3_obstacle_detection
[0.928s] creating /home/wbforney/proj4_ws/install/turtlebot3_example/lib/python3.12/site-packages/turtlebot3_example/turtlebot3_relative_move
[0.928s] copying /home/wbforney/proj4_ws/build/turtlebot3_example/build/lib/turtlebot3_example/turtlebot3_relative_move/turtlebot3_relative_move.py -> /home/wbforney/proj4_ws/install/turtlebot3_example/lib/python3.12/site-packages/turtlebot3_example/turtlebot3_relative_move
[0.928s] copying /home/wbforney/proj4_ws/build/turtlebot3_example/build/lib/turtlebot3_example/turtlebot3_relative_move/__init__.py -> /home/wbforney/proj4_ws/install/turtlebot3_example/lib/python3.12/site-packages/turtlebot3_example/turtlebot3_relative_move
[0.928s] creating /home/wbforney/proj4_ws/install/turtlebot3_example/lib/python3.12/site-packages/turtlebot3_example/turtlebot3_absolute_move
[0.928s] copying /home/wbforney/proj4_ws/build/turtlebot3_example/build/lib/turtlebot3_example/turtlebot3_absolute_move/turtlebot3_absolute_move.py -> /home/wbforney/proj4_ws/install/turtlebot3_example/lib/python3.12/site-packages/turtlebot3_example/turtlebot3_absolute_move
[0.928s] copying /home/wbforney/proj4_ws/build/turtlebot3_example/build/lib/turtlebot3_example/turtlebot3_absolute_move/__init__.py -> /home/wbforney/proj4_ws/install/turtlebot3_example/lib/python3.12/site-packages/turtlebot3_example/turtlebot3_absolute_move
[0.928s] copying /home/wbforney/proj4_ws/build/turtlebot3_example/build/lib/turtlebot3_example/__init__.py -> /home/wbforney/proj4_ws/install/turtlebot3_example/lib/python3.12/site-packages/turtlebot3_example
[0.928s] byte-compiling /home/wbforney/proj4_ws/install/turtlebot3_example/lib/python3.12/site-packages/turtlebot3_example/turtlebot3_patrol/turtlebot3_patrol_client.py to turtlebot3_patrol_client.cpython-312.pyc
[0.929s] byte-compiling /home/wbforney/proj4_ws/install/turtlebot3_example/lib/python3.12/site-packages/turtlebot3_example/turtlebot3_patrol/__init__.py to __init__.cpython-312.pyc
[0.929s] byte-compiling /home/wbforney/proj4_ws/install/turtlebot3_example/lib/python3.12/site-packages/turtlebot3_example/turtlebot3_patrol/turtlebot3_patrol_server.py to turtlebot3_patrol_server.cpython-312.pyc
[0.931s] byte-compiling /home/wbforney/proj4_ws/install/turtlebot3_example/lib/python3.12/site-packages/turtlebot3_example/turtlebot3_interactive_marker/turtlebot3_interactive_marker.py to turtlebot3_interactive_marker.cpython-312.pyc
[0.932s] byte-compiling /home/wbforney/proj4_ws/install/turtlebot3_example/lib/python3.12/site-packages/turtlebot3_example/turtlebot3_interactive_marker/__init__.py to __init__.cpython-312.pyc
[0.932s] byte-compiling /home/wbforney/proj4_ws/install/turtlebot3_example/lib/python3.12/site-packages/turtlebot3_example/turtlebot3_obstacle_detection/turtlebot3_obstacle_detection.py to turtlebot3_obstacle_detection.cpython-312.pyc
[0.933s] byte-compiling /home/wbforney/proj4_ws/install/turtlebot3_example/lib/python3.12/site-packages/turtlebot3_example/turtlebot3_obstacle_detection/__init__.py to __init__.cpython-312.pyc
[0.933s] byte-compiling /home/wbforney/proj4_ws/install/turtlebot3_example/lib/python3.12/site-packages/turtlebot3_example/turtlebot3_relative_move/turtlebot3_relative_move.py to turtlebot3_relative_move.cpython-312.pyc
[0.934s] byte-compiling /home/wbforney/proj4_ws/install/turtlebot3_example/lib/python3.12/site-packages/turtlebot3_example/turtlebot3_relative_move/__init__.py to __init__.cpython-312.pyc
[0.934s] byte-compiling /home/wbforney/proj4_ws/install/turtlebot3_example/lib/python3.12/site-packages/turtlebot3_example/turtlebot3_absolute_move/turtlebot3_absolute_move.py to turtlebot3_absolute_move.cpython-312.pyc
[0.936s] byte-compiling /home/wbforney/proj4_ws/install/turtlebot3_example/lib/python3.12/site-packages/turtlebot3_example/turtlebot3_absolute_move/__init__.py to __init__.cpython-312.pyc
[0.936s] byte-compiling /home/wbforney/proj4_ws/install/turtlebot3_example/lib/python3.12/site-packages/turtlebot3_example/__init__.py to __init__.cpython-312.pyc
[0.936s] running install_data
[0.936s] creating /home/wbforney/proj4_ws/install/turtlebot3_example/share/ament_index
[0.936s] creating /home/wbforney/proj4_ws/install/turtlebot3_example/share/ament_index/resource_index
[0.936s] creating /home/wbforney/proj4_ws/install/turtlebot3_example/share/ament_index/resource_index/packages
[0.936s] copying resource/turtlebot3_example -> /home/wbforney/proj4_ws/install/turtlebot3_example/share/ament_index/resource_index/packages
[0.936s] copying package.xml -> /home/wbforney/proj4_ws/install/turtlebot3_example/share/turtlebot3_example
[0.936s] running install_egg_info
[0.952s] Copying ../../../build/turtlebot3_example/turtlebot3_example.egg-info to /home/wbforney/proj4_ws/install/turtlebot3_example/lib/python3.12/site-packages/turtlebot3_example-2.3.6-py3.12.egg-info
[0.953s] running install_scripts
[1.059s] Installing turtlebot3_absolute_move script to /home/wbforney/proj4_ws/install/turtlebot3_example/lib/turtlebot3_example
[1.059s] Installing turtlebot3_interactive_marker script to /home/wbforney/proj4_ws/install/turtlebot3_example/lib/turtlebot3_example
[1.059s] Installing turtlebot3_obstacle_detection script to /home/wbforney/proj4_ws/install/turtlebot3_example/lib/turtlebot3_example
[1.059s] Installing turtlebot3_patrol_client script to /home/wbforney/proj4_ws/install/turtlebot3_example/lib/turtlebot3_example
[1.060s] Installing turtlebot3_patrol_server script to /home/wbforney/proj4_ws/install/turtlebot3_example/lib/turtlebot3_example
[1.060s] Installing turtlebot3_relative_move script to /home/wbforney/proj4_ws/install/turtlebot3_example/lib/turtlebot3_example
[1.060s] writing list of installed files to '/home/wbforney/proj4_ws/build/turtlebot3_example/install.log'
[1.099s] Invoked command in '/home/wbforney/proj4_ws/src/turtlebot3/turtlebot3_example' returned '0': AMENT_PREFIX_PATH=/home/wbforney/proj4_ws/install/turtlebot3_msgs:${AMENT_PREFIX_PATH} CMAKE_PREFIX_PATH=/home/wbforney/proj4_ws/install/turtlebot3_msgs:${CMAKE_PREFIX_PATH} DEBUGINFOD_URLS=https://debuginfod.ubuntu.com LD_LIBRARY_PATH=/home/wbforney/proj4_ws/install/turtlebot3_msgs/lib:${LD_LIBRARY_PATH} PYTHONPATH=/home/wbforney/proj4_ws/build/turtlebot3_example/prefix_override:/usr/lib/python3/dist-packages/colcon_core/task/python/colcon_distutils_commands:/home/wbforney/proj4_ws/install/turtlebot3_example/lib/python3.12/site-packages:/home/wbforney/proj4_ws/install/turtlebot3_msgs/lib/python3.12/site-packages:${PYTHONPATH} /usr/bin/python3 -W ignore:setup.py install is deprecated -W ignore:easy_install command is deprecated setup.py egg_info --egg-base ../../../build/turtlebot3_example build --build-base /home/wbforney/proj4_ws/build/turtlebot3_example/build install --record /home/wbforney/proj4_ws/build/turtlebot3_example/install.log --single-version-externally-managed install_data
