[0.036s] Invoking command in '/home/wbforney/proj4_ws/build/turtlebot3_msgs': CMAKE_PREFIX_PATH=${CMAKE_PREFIX_PATH}:/home/wbforney/proj4_ws/install/kalmanFilters:/opt/ros/jazzy DEBUGINFOD_URLS=https://debuginfod.ubuntu.com /usr/bin/cmake /home/wbforney/proj4_ws/src/turtlebot3_msgs -DCMAKE_INSTALL_PREFIX=/home/wbforney/proj4_ws/install/turtlebot3_msgs
[0.220s] -- Found action_msgs: 2.0.3 (/opt/ros/jazzy/share/action_msgs/cmake)
[0.220s] -- Found Python3: /usr/bin/python3 (found version "3.12.3") found components: Interpreter 
[0.220s] -- Override CMake install command with custom implementation using symlinks instead of copying resources
[0.220s] -- Found rosidl_generator_c: 4.6.7 (/opt/ros/jazzy/share/rosidl_generator_c/cmake)
[0.220s] -- Found rosidl_generator_cpp: 4.6.7 (/opt/ros/jazzy/share/rosidl_generator_cpp/cmake)
[0.221s] -- Using all available rosidl_typesupport_c: rosidl_typesupport_fastrtps_c;rosidl_typesupport_introspection_c
[0.222s] -- Using all available rosidl_typesupport_cpp: rosidl_typesupport_fastrtps_cpp;rosidl_typesupport_introspection_cpp
[0.222s] -- Found rosidl_default_generators: 1.6.0 (/opt/ros/jazzy/share/rosidl_default_generators/cmake)
[0.227s] -- Found rosidl_adapter: 4.6.7 (/opt/ros/jazzy/share/rosidl_adapter/cmake)
[0.229s] -- Found std_msgs: 5.3.6 (/opt/ros/jazzy/share/std_msgs/cmake)
[0.240s] -- Found geometry_msgs: 5.3.6 (/opt/ros/jazzy/share/geometry_msgs/cmake)
[0.526s] -- Found ament_cmake_cppcheck: 0.17.4 (/opt/ros/jazzy/share/ament_cmake_cppcheck/cmake)
[0.527s] -- Found ament_cmake_cpplint: 0.17.4 (/opt/ros/jazzy/share/ament_cmake_cpplint/cmake)
[0.528s] -- Found ament_cmake_uncrustify: 0.17.4 (/opt/ros/jazzy/share/ament_cmake_uncrustify/cmake)
[0.528s] -- Found ament_cmake_ros: 0.12.0 (/opt/ros/jazzy/share/ament_cmake_ros/cmake)
[0.778s] -- Using all available rosidl_typesupport_c: rosidl_typesupport_fastrtps_c;rosidl_typesupport_introspection_c
[0.880s] -- Using all available rosidl_typesupport_cpp: rosidl_typesupport_fastrtps_cpp;rosidl_typesupport_introspection_cpp
[0.882s] -- Found python_cmake_module: 0.11.1 (/opt/ros/jazzy/share/python_cmake_module/cmake)
[1.118s] -- Found Python3: /usr/bin/python3 (found version "3.12.3") found components: Interpreter Development NumPy Development.Module Development.Embed 
[1.150s] -- Found ament_cmake_flake8: 0.17.4 (/opt/ros/jazzy/share/ament_cmake_flake8/cmake)
[1.151s] -- Found ament_cmake_pep257: 0.17.4 (/opt/ros/jazzy/share/ament_cmake_pep257/cmake)
[1.158s] -- Configuring done (1.1s)
[1.201s] -- Generating done (0.0s)
[1.211s] -- Build files have been written to: /home/wbforney/proj4_ws/build/turtlebot3_msgs
[1.226s] Invoked command in '/home/wbforney/proj4_ws/build/turtlebot3_msgs' returned '0': CMAKE_PREFIX_PATH=${CMAKE_PREFIX_PATH}:/home/wbforney/proj4_ws/install/kalmanFilters:/opt/ros/jazzy DEBUGINFOD_URLS=https://debuginfod.ubuntu.com /usr/bin/cmake /home/wbforney/proj4_ws/src/turtlebot3_msgs -DCMAKE_INSTALL_PREFIX=/home/wbforney/proj4_ws/install/turtlebot3_msgs
[1.227s] Invoking command in '/home/wbforney/proj4_ws/build/turtlebot3_msgs': CMAKE_PREFIX_PATH=${CMAKE_PREFIX_PATH}:/home/wbforney/proj4_ws/install/kalmanFilters:/opt/ros/jazzy DEBUGINFOD_URLS=https://debuginfod.ubuntu.com /usr/bin/cmake --build /home/wbforney/proj4_ws/build/turtlebot3_msgs -- -j16 -l16
[1.278s] [  1%] Built target turtlebot3_msgs__rosidl_generator_type_description
[1.287s] [  1%] Built target ament_cmake_python_symlink_turtlebot3_msgs
[1.298s] [  2%] Built target turtlebot3_msgs__cpp
[1.307s] [ 26%] Built target turtlebot3_msgs__rosidl_generator_c
[1.334s] [ 36%] Built target turtlebot3_msgs__rosidl_typesupport_introspection_c
[1.337s] [ 45%] Built target turtlebot3_msgs__rosidl_typesupport_c
[1.340s] [ 62%] Built target turtlebot3_msgs__rosidl_typesupport_fastrtps_c
[1.340s] [ 64%] Built target turtlebot3_msgs__rosidl_typesupport_cpp
[1.341s] [ 74%] Built target turtlebot3_msgs__rosidl_typesupport_fastrtps_cpp
[1.343s] [ 84%] Built target turtlebot3_msgs__rosidl_typesupport_introspection_cpp
[1.364s] [ 84%] Built target turtlebot3_msgs
[1.385s] [ 85%] Built target turtlebot3_msgs__py
[1.409s] [ 93%] Built target turtlebot3_msgs__rosidl_generator_py
[1.432s] [100%] Built target turtlebot3_msgs_s__rosidl_typesupport_fastrtps_c
[1.432s] [100%] Built target turtlebot3_msgs_s__rosidl_typesupport_introspection_c
[1.432s] [100%] Built target turtlebot3_msgs_s__rosidl_typesupport_c
[1.445s] running egg_info
[1.456s] writing turtlebot3_msgs.egg-info/PKG-INFO
[1.456s] writing dependency_links to turtlebot3_msgs.egg-info/dependency_links.txt
[1.456s] writing top-level names to turtlebot3_msgs.egg-info/top_level.txt
[1.489s] reading manifest file 'turtlebot3_msgs.egg-info/SOURCES.txt'
[1.490s] writing manifest file 'turtlebot3_msgs.egg-info/SOURCES.txt'
[1.513s] [100%] Built target ament_cmake_python_build_turtlebot3_msgs_egg
[1.527s] Invoked command in '/home/wbforney/proj4_ws/build/turtlebot3_msgs' returned '0': CMAKE_PREFIX_PATH=${CMAKE_PREFIX_PATH}:/home/wbforney/proj4_ws/install/kalmanFilters:/opt/ros/jazzy DEBUGINFOD_URLS=https://debuginfod.ubuntu.com /usr/bin/cmake --build /home/wbforney/proj4_ws/build/turtlebot3_msgs -- -j16 -l16
[1.528s] Invoking command in '/home/wbforney/proj4_ws/build/turtlebot3_msgs': CMAKE_PREFIX_PATH=${CMAKE_PREFIX_PATH}:/home/wbforney/proj4_ws/install/kalmanFilters:/opt/ros/jazzy DEBUGINFOD_URLS=https://debuginfod.ubuntu.com /usr/bin/cmake --install /home/wbforney/proj4_ws/build/turtlebot3_msgs
[1.535s] -- Install configuration: ""
[1.535s] -- Execute custom install script
[1.536s] -- Symlinking: /home/wbforney/proj4_ws/install/turtlebot3_msgs/share/ament_index/resource_index/rosidl_interfaces/turtlebot3_msgs
[1.543s] -- Symlinking: /home/wbforney/proj4_ws/install/turtlebot3_msgs/share/turtlebot3_msgs/msg/SensorState.json
[1.552s] -- Symlinking: /home/wbforney/proj4_ws/install/turtlebot3_msgs/share/turtlebot3_msgs/msg/Sound.json
[1.559s] -- Symlinking: /home/wbforney/proj4_ws/install/turtlebot3_msgs/share/turtlebot3_msgs/msg/VersionInfo.json
[1.566s] -- Symlinking: /home/wbforney/proj4_ws/install/turtlebot3_msgs/share/turtlebot3_msgs/srv/Sound.json
[1.574s] -- Symlinking: /home/wbforney/proj4_ws/install/turtlebot3_msgs/share/turtlebot3_msgs/srv/Dqn.json
[1.582s] -- Symlinking: /home/wbforney/proj4_ws/install/turtlebot3_msgs/share/turtlebot3_msgs/srv/Goal.json
[1.590s] -- Symlinking: /home/wbforney/proj4_ws/install/turtlebot3_msgs/share/turtlebot3_msgs/action/Patrol.json
[1.600s] -- Symlinking: /home/wbforney/proj4_ws/install/turtlebot3_msgs/include/turtlebot3_msgs/turtlebot3_msgs/action/detail/patrol__functions.h
[1.608s] -- Symlinking: /home/wbforney/proj4_ws/install/turtlebot3_msgs/include/turtlebot3_msgs/turtlebot3_msgs/action/detail/patrol__struct.h
[1.616s] -- Symlinking: /home/wbforney/proj4_ws/install/turtlebot3_msgs/include/turtlebot3_msgs/turtlebot3_msgs/action/detail/patrol__type_support.h
[1.626s] -- Symlinking: /home/wbforney/proj4_ws/install/turtlebot3_msgs/include/turtlebot3_msgs/turtlebot3_msgs/action/patrol.h
[1.635s] -- Symlinking: /home/wbforney/proj4_ws/install/turtlebot3_msgs/include/turtlebot3_msgs/turtlebot3_msgs/msg/detail/sensor_state__functions.h
[1.643s] -- Symlinking: /home/wbforney/proj4_ws/install/turtlebot3_msgs/include/turtlebot3_msgs/turtlebot3_msgs/msg/detail/sensor_state__struct.h
[1.650s] -- Symlinking: /home/wbforney/proj4_ws/install/turtlebot3_msgs/include/turtlebot3_msgs/turtlebot3_msgs/msg/detail/sensor_state__type_support.h
[1.659s] -- Symlinking: /home/wbforney/proj4_ws/install/turtlebot3_msgs/include/turtlebot3_msgs/turtlebot3_msgs/msg/detail/sound__functions.h
[1.666s] -- Symlinking: /home/wbforney/proj4_ws/install/turtlebot3_msgs/include/turtlebot3_msgs/turtlebot3_msgs/msg/detail/sound__struct.h
[1.674s] -- Symlinking: /home/wbforney/proj4_ws/install/turtlebot3_msgs/include/turtlebot3_msgs/turtlebot3_msgs/msg/detail/sound__type_support.h
[1.682s] -- Symlinking: /home/wbforney/proj4_ws/install/turtlebot3_msgs/include/turtlebot3_msgs/turtlebot3_msgs/msg/detail/version_info__functions.h
[1.691s] -- Symlinking: /home/wbforney/proj4_ws/install/turtlebot3_msgs/include/turtlebot3_msgs/turtlebot3_msgs/msg/detail/version_info__struct.h
[1.698s] -- Symlinking: /home/wbforney/proj4_ws/install/turtlebot3_msgs/include/turtlebot3_msgs/turtlebot3_msgs/msg/detail/version_info__type_support.h
[1.706s] -- Symlinking: /home/wbforney/proj4_ws/install/turtlebot3_msgs/include/turtlebot3_msgs/turtlebot3_msgs/msg/rosidl_generator_c__visibility_control.h
[1.714s] -- Symlinking: /home/wbforney/proj4_ws/install/turtlebot3_msgs/include/turtlebot3_msgs/turtlebot3_msgs/msg/sensor_state.h
[1.725s] -- Symlinking: /home/wbforney/proj4_ws/install/turtlebot3_msgs/include/turtlebot3_msgs/turtlebot3_msgs/msg/sound.h
[1.733s] -- Symlinking: /home/wbforney/proj4_ws/install/turtlebot3_msgs/include/turtlebot3_msgs/turtlebot3_msgs/msg/version_info.h
[1.741s] -- Symlinking: /home/wbforney/proj4_ws/install/turtlebot3_msgs/include/turtlebot3_msgs/turtlebot3_msgs/srv/detail/dqn__functions.h
[1.749s] -- Symlinking: /home/wbforney/proj4_ws/install/turtlebot3_msgs/include/turtlebot3_msgs/turtlebot3_msgs/srv/detail/dqn__struct.h
[1.757s] -- Symlinking: /home/wbforney/proj4_ws/install/turtlebot3_msgs/include/turtlebot3_msgs/turtlebot3_msgs/srv/detail/dqn__type_support.h
[1.765s] -- Symlinking: /home/wbforney/proj4_ws/install/turtlebot3_msgs/include/turtlebot3_msgs/turtlebot3_msgs/srv/detail/goal__functions.h
[1.773s] -- Symlinking: /home/wbforney/proj4_ws/install/turtlebot3_msgs/include/turtlebot3_msgs/turtlebot3_msgs/srv/detail/goal__struct.h
[1.781s] -- Symlinking: /home/wbforney/proj4_ws/install/turtlebot3_msgs/include/turtlebot3_msgs/turtlebot3_msgs/srv/detail/goal__type_support.h
[1.789s] -- Symlinking: /home/wbforney/proj4_ws/install/turtlebot3_msgs/include/turtlebot3_msgs/turtlebot3_msgs/srv/detail/sound__functions.h
[1.797s] -- Symlinking: /home/wbforney/proj4_ws/install/turtlebot3_msgs/include/turtlebot3_msgs/turtlebot3_msgs/srv/detail/sound__struct.h
[1.805s] -- Symlinking: /home/wbforney/proj4_ws/install/turtlebot3_msgs/include/turtlebot3_msgs/turtlebot3_msgs/srv/detail/sound__type_support.h
[1.813s] -- Symlinking: /home/wbforney/proj4_ws/install/turtlebot3_msgs/include/turtlebot3_msgs/turtlebot3_msgs/srv/dqn.h
[1.825s] -- Symlinking: /home/wbforney/proj4_ws/install/turtlebot3_msgs/include/turtlebot3_msgs/turtlebot3_msgs/srv/goal.h
[1.832s] -- Symlinking: /home/wbforney/proj4_ws/install/turtlebot3_msgs/include/turtlebot3_msgs/turtlebot3_msgs/srv/sound.h
[1.841s] -- Symlinking: /home/wbforney/proj4_ws/install/turtlebot3_msgs/share/turtlebot3_msgs/environment/library_path.sh
[1.849s] -- Symlinking: /home/wbforney/proj4_ws/install/turtlebot3_msgs/share/turtlebot3_msgs/environment/library_path.dsv
[1.857s] -- Symlinking: /home/wbforney/proj4_ws/install/turtlebot3_msgs/include/turtlebot3_msgs/turtlebot3_msgs/action/detail/patrol__rosidl_typesupport_fastrtps_c.h
[1.865s] -- Symlinking: /home/wbforney/proj4_ws/install/turtlebot3_msgs/include/turtlebot3_msgs/turtlebot3_msgs/msg/detail/sensor_state__rosidl_typesupport_fastrtps_c.h
[1.873s] -- Symlinking: /home/wbforney/proj4_ws/install/turtlebot3_msgs/include/turtlebot3_msgs/turtlebot3_msgs/msg/detail/sound__rosidl_typesupport_fastrtps_c.h
[1.881s] -- Symlinking: /home/wbforney/proj4_ws/install/turtlebot3_msgs/include/turtlebot3_msgs/turtlebot3_msgs/msg/detail/version_info__rosidl_typesupport_fastrtps_c.h
[1.889s] -- Symlinking: /home/wbforney/proj4_ws/install/turtlebot3_msgs/include/turtlebot3_msgs/turtlebot3_msgs/msg/rosidl_typesupport_fastrtps_c__visibility_control.h
[1.897s] -- Symlinking: /home/wbforney/proj4_ws/install/turtlebot3_msgs/include/turtlebot3_msgs/turtlebot3_msgs/srv/detail/dqn__rosidl_typesupport_fastrtps_c.h
[1.905s] -- Symlinking: /home/wbforney/proj4_ws/install/turtlebot3_msgs/include/turtlebot3_msgs/turtlebot3_msgs/srv/detail/goal__rosidl_typesupport_fastrtps_c.h
[1.913s] -- Symlinking: /home/wbforney/proj4_ws/install/turtlebot3_msgs/include/turtlebot3_msgs/turtlebot3_msgs/srv/detail/sound__rosidl_typesupport_fastrtps_c.h
[1.925s] -- Symlinking: /home/wbforney/proj4_ws/install/turtlebot3_msgs/include/turtlebot3_msgs/turtlebot3_msgs/action/detail/patrol__builder.hpp
[1.933s] -- Symlinking: /home/wbforney/proj4_ws/install/turtlebot3_msgs/include/turtlebot3_msgs/turtlebot3_msgs/action/detail/patrol__struct.hpp
[1.941s] -- Symlinking: /home/wbforney/proj4_ws/install/turtlebot3_msgs/include/turtlebot3_msgs/turtlebot3_msgs/action/detail/patrol__traits.hpp
[1.949s] -- Symlinking: /home/wbforney/proj4_ws/install/turtlebot3_msgs/include/turtlebot3_msgs/turtlebot3_msgs/action/detail/patrol__type_support.hpp
[1.958s] -- Symlinking: /home/wbforney/proj4_ws/install/turtlebot3_msgs/include/turtlebot3_msgs/turtlebot3_msgs/action/patrol.hpp
[1.968s] -- Symlinking: /home/wbforney/proj4_ws/install/turtlebot3_msgs/include/turtlebot3_msgs/turtlebot3_msgs/msg/detail/sensor_state__builder.hpp
[1.976s] -- Symlinking: /home/wbforney/proj4_ws/install/turtlebot3_msgs/include/turtlebot3_msgs/turtlebot3_msgs/msg/detail/sensor_state__struct.hpp
[1.985s] -- Symlinking: /home/wbforney/proj4_ws/install/turtlebot3_msgs/include/turtlebot3_msgs/turtlebot3_msgs/msg/detail/sensor_state__traits.hpp
[1.994s] -- Symlinking: /home/wbforney/proj4_ws/install/turtlebot3_msgs/include/turtlebot3_msgs/turtlebot3_msgs/msg/detail/sensor_state__type_support.hpp
[2.003s] -- Symlinking: /home/wbforney/proj4_ws/install/turtlebot3_msgs/include/turtlebot3_msgs/turtlebot3_msgs/msg/detail/sound__builder.hpp
[2.012s] -- Symlinking: /home/wbforney/proj4_ws/install/turtlebot3_msgs/include/turtlebot3_msgs/turtlebot3_msgs/msg/detail/sound__struct.hpp
[2.020s] -- Symlinking: /home/wbforney/proj4_ws/install/turtlebot3_msgs/include/turtlebot3_msgs/turtlebot3_msgs/msg/detail/sound__traits.hpp
[2.029s] -- Symlinking: /home/wbforney/proj4_ws/install/turtlebot3_msgs/include/turtlebot3_msgs/turtlebot3_msgs/msg/detail/sound__type_support.hpp
[2.037s] -- Symlinking: /home/wbforney/proj4_ws/install/turtlebot3_msgs/include/turtlebot3_msgs/turtlebot3_msgs/msg/detail/version_info__builder.hpp
[2.045s] -- Symlinking: /home/wbforney/proj4_ws/install/turtlebot3_msgs/include/turtlebot3_msgs/turtlebot3_msgs/msg/detail/version_info__struct.hpp
[2.053s] -- Symlinking: /home/wbforney/proj4_ws/install/turtlebot3_msgs/include/turtlebot3_msgs/turtlebot3_msgs/msg/detail/version_info__traits.hpp
[2.061s] -- Symlinking: /home/wbforney/proj4_ws/install/turtlebot3_msgs/include/turtlebot3_msgs/turtlebot3_msgs/msg/detail/version_info__type_support.hpp
[2.069s] -- Symlinking: /home/wbforney/proj4_ws/install/turtlebot3_msgs/include/turtlebot3_msgs/turtlebot3_msgs/msg/rosidl_generator_cpp__visibility_control.hpp
[2.078s] -- Symlinking: /home/wbforney/proj4_ws/install/turtlebot3_msgs/include/turtlebot3_msgs/turtlebot3_msgs/msg/sensor_state.hpp
[2.086s] -- Symlinking: /home/wbforney/proj4_ws/install/turtlebot3_msgs/include/turtlebot3_msgs/turtlebot3_msgs/msg/sound.hpp
[2.093s] -- Symlinking: /home/wbforney/proj4_ws/install/turtlebot3_msgs/include/turtlebot3_msgs/turtlebot3_msgs/msg/version_info.hpp
[2.101s] -- Symlinking: /home/wbforney/proj4_ws/install/turtlebot3_msgs/include/turtlebot3_msgs/turtlebot3_msgs/srv/detail/dqn__builder.hpp
[2.109s] -- Symlinking: /home/wbforney/proj4_ws/install/turtlebot3_msgs/include/turtlebot3_msgs/turtlebot3_msgs/srv/detail/dqn__struct.hpp
[2.117s] -- Symlinking: /home/wbforney/proj4_ws/install/turtlebot3_msgs/include/turtlebot3_msgs/turtlebot3_msgs/srv/detail/dqn__traits.hpp
[2.129s] -- Symlinking: /home/wbforney/proj4_ws/install/turtlebot3_msgs/include/turtlebot3_msgs/turtlebot3_msgs/srv/detail/dqn__type_support.hpp
[2.137s] -- Symlinking: /home/wbforney/proj4_ws/install/turtlebot3_msgs/include/turtlebot3_msgs/turtlebot3_msgs/srv/detail/goal__builder.hpp
[2.145s] -- Symlinking: /home/wbforney/proj4_ws/install/turtlebot3_msgs/include/turtlebot3_msgs/turtlebot3_msgs/srv/detail/goal__struct.hpp
[2.152s] -- Symlinking: /home/wbforney/proj4_ws/install/turtlebot3_msgs/include/turtlebot3_msgs/turtlebot3_msgs/srv/detail/goal__traits.hpp
[2.161s] -- Symlinking: /home/wbforney/proj4_ws/install/turtlebot3_msgs/include/turtlebot3_msgs/turtlebot3_msgs/srv/detail/goal__type_support.hpp
[2.169s] -- Symlinking: /home/wbforney/proj4_ws/install/turtlebot3_msgs/include/turtlebot3_msgs/turtlebot3_msgs/srv/detail/sound__builder.hpp
[2.177s] -- Symlinking: /home/wbforney/proj4_ws/install/turtlebot3_msgs/include/turtlebot3_msgs/turtlebot3_msgs/srv/detail/sound__struct.hpp
[2.185s] -- Symlinking: /home/wbforney/proj4_ws/install/turtlebot3_msgs/include/turtlebot3_msgs/turtlebot3_msgs/srv/detail/sound__traits.hpp
[2.193s] -- Symlinking: /home/wbforney/proj4_ws/install/turtlebot3_msgs/include/turtlebot3_msgs/turtlebot3_msgs/srv/detail/sound__type_support.hpp
[2.200s] -- Symlinking: /home/wbforney/proj4_ws/install/turtlebot3_msgs/include/turtlebot3_msgs/turtlebot3_msgs/srv/dqn.hpp
[2.209s] -- Symlinking: /home/wbforney/proj4_ws/install/turtlebot3_msgs/include/turtlebot3_msgs/turtlebot3_msgs/srv/goal.hpp
[2.217s] -- Symlinking: /home/wbforney/proj4_ws/install/turtlebot3_msgs/include/turtlebot3_msgs/turtlebot3_msgs/srv/sound.hpp
[2.228s] -- Symlinking: /home/wbforney/proj4_ws/install/turtlebot3_msgs/include/turtlebot3_msgs/turtlebot3_msgs/action/detail/patrol__rosidl_typesupport_fastrtps_cpp.hpp
[2.236s] -- Symlinking: /home/wbforney/proj4_ws/install/turtlebot3_msgs/include/turtlebot3_msgs/turtlebot3_msgs/msg/detail/sensor_state__rosidl_typesupport_fastrtps_cpp.hpp
[2.244s] -- Symlinking: /home/wbforney/proj4_ws/install/turtlebot3_msgs/include/turtlebot3_msgs/turtlebot3_msgs/msg/detail/sound__rosidl_typesupport_fastrtps_cpp.hpp
[2.253s] -- Symlinking: /home/wbforney/proj4_ws/install/turtlebot3_msgs/include/turtlebot3_msgs/turtlebot3_msgs/msg/detail/version_info__rosidl_typesupport_fastrtps_cpp.hpp
[2.262s] -- Symlinking: /home/wbforney/proj4_ws/install/turtlebot3_msgs/include/turtlebot3_msgs/turtlebot3_msgs/msg/rosidl_typesupport_fastrtps_cpp__visibility_control.h
[2.270s] -- Symlinking: /home/wbforney/proj4_ws/install/turtlebot3_msgs/include/turtlebot3_msgs/turtlebot3_msgs/srv/detail/dqn__rosidl_typesupport_fastrtps_cpp.hpp
[2.280s] -- Symlinking: /home/wbforney/proj4_ws/install/turtlebot3_msgs/include/turtlebot3_msgs/turtlebot3_msgs/srv/detail/goal__rosidl_typesupport_fastrtps_cpp.hpp
[2.289s] -- Symlinking: /home/wbforney/proj4_ws/install/turtlebot3_msgs/include/turtlebot3_msgs/turtlebot3_msgs/srv/detail/sound__rosidl_typesupport_fastrtps_cpp.hpp
[2.298s] -- Symlinking: /home/wbforney/proj4_ws/install/turtlebot3_msgs/include/turtlebot3_msgs/turtlebot3_msgs/action/detail/patrol__rosidl_typesupport_introspection_c.h
[2.307s] -- Symlinking: /home/wbforney/proj4_ws/install/turtlebot3_msgs/include/turtlebot3_msgs/turtlebot3_msgs/msg/detail/sensor_state__rosidl_typesupport_introspection_c.h
[2.316s] -- Symlinking: /home/wbforney/proj4_ws/install/turtlebot3_msgs/include/turtlebot3_msgs/turtlebot3_msgs/msg/detail/sound__rosidl_typesupport_introspection_c.h
[2.329s] -- Symlinking: /home/wbforney/proj4_ws/install/turtlebot3_msgs/include/turtlebot3_msgs/turtlebot3_msgs/msg/detail/version_info__rosidl_typesupport_introspection_c.h
[2.336s] -- Symlinking: /home/wbforney/proj4_ws/install/turtlebot3_msgs/include/turtlebot3_msgs/turtlebot3_msgs/msg/rosidl_typesupport_introspection_c__visibility_control.h
[2.346s] -- Symlinking: /home/wbforney/proj4_ws/install/turtlebot3_msgs/include/turtlebot3_msgs/turtlebot3_msgs/srv/detail/dqn__rosidl_typesupport_introspection_c.h
[2.354s] -- Symlinking: /home/wbforney/proj4_ws/install/turtlebot3_msgs/include/turtlebot3_msgs/turtlebot3_msgs/srv/detail/goal__rosidl_typesupport_introspection_c.h
[2.362s] -- Symlinking: /home/wbforney/proj4_ws/install/turtlebot3_msgs/include/turtlebot3_msgs/turtlebot3_msgs/srv/detail/sound__rosidl_typesupport_introspection_c.h
[2.370s] -- Symlinking: /home/wbforney/proj4_ws/install/turtlebot3_msgs/include/turtlebot3_msgs/turtlebot3_msgs/action/detail/patrol__rosidl_typesupport_introspection_cpp.hpp
[2.378s] -- Symlinking: /home/wbforney/proj4_ws/install/turtlebot3_msgs/include/turtlebot3_msgs/turtlebot3_msgs/msg/detail/sensor_state__rosidl_typesupport_introspection_cpp.hpp
[2.387s] -- Symlinking: /home/wbforney/proj4_ws/install/turtlebot3_msgs/include/turtlebot3_msgs/turtlebot3_msgs/msg/detail/sound__rosidl_typesupport_introspection_cpp.hpp
[2.395s] -- Symlinking: /home/wbforney/proj4_ws/install/turtlebot3_msgs/include/turtlebot3_msgs/turtlebot3_msgs/msg/detail/version_info__rosidl_typesupport_introspection_cpp.hpp
[2.404s] -- Symlinking: /home/wbforney/proj4_ws/install/turtlebot3_msgs/include/turtlebot3_msgs/turtlebot3_msgs/srv/detail/dqn__rosidl_typesupport_introspection_cpp.hpp
[2.413s] -- Symlinking: /home/wbforney/proj4_ws/install/turtlebot3_msgs/include/turtlebot3_msgs/turtlebot3_msgs/srv/detail/goal__rosidl_typesupport_introspection_cpp.hpp
[2.425s] -- Symlinking: /home/wbforney/proj4_ws/install/turtlebot3_msgs/include/turtlebot3_msgs/turtlebot3_msgs/srv/detail/sound__rosidl_typesupport_introspection_cpp.hpp
[2.433s] -- Symlinking: /home/wbforney/proj4_ws/install/turtlebot3_msgs/share/turtlebot3_msgs/environment/pythonpath.sh
[2.442s] -- Symlinking: /home/wbforney/proj4_ws/install/turtlebot3_msgs/share/turtlebot3_msgs/environment/pythonpath.dsv
[2.450s] -- Symlinking: /home/wbforney/proj4_ws/install/turtlebot3_msgs/lib/python3.12/site-packages/turtlebot3_msgs-2.4.0-py3.12.egg-info/PKG-INFO
[2.459s] -- Symlinking: /home/wbforney/proj4_ws/install/turtlebot3_msgs/lib/python3.12/site-packages/turtlebot3_msgs-2.4.0-py3.12.egg-info/SOURCES.txt
[2.468s] -- Symlinking: /home/wbforney/proj4_ws/install/turtlebot3_msgs/lib/python3.12/site-packages/turtlebot3_msgs-2.4.0-py3.12.egg-info/dependency_links.txt
[2.477s] -- Symlinking: /home/wbforney/proj4_ws/install/turtlebot3_msgs/lib/python3.12/site-packages/turtlebot3_msgs-2.4.0-py3.12.egg-info/top_level.txt
[2.487s] -- Symlinking: /home/wbforney/proj4_ws/install/turtlebot3_msgs/lib/python3.12/site-packages/turtlebot3_msgs/__init__.py
[2.495s] -- Symlinking: /home/wbforney/proj4_ws/install/turtlebot3_msgs/lib/python3.12/site-packages/turtlebot3_msgs/_turtlebot3_msgs_s.ep.rosidl_typesupport_c.c
[2.502s] -- Symlinking: /home/wbforney/proj4_ws/install/turtlebot3_msgs/lib/python3.12/site-packages/turtlebot3_msgs/_turtlebot3_msgs_s.ep.rosidl_typesupport_fastrtps_c.c
[2.510s] -- Symlinking: /home/wbforney/proj4_ws/install/turtlebot3_msgs/lib/python3.12/site-packages/turtlebot3_msgs/_turtlebot3_msgs_s.ep.rosidl_typesupport_introspection_c.c
[2.520s] -- Symlinking: /home/wbforney/proj4_ws/install/turtlebot3_msgs/lib/python3.12/site-packages/turtlebot3_msgs/action/__init__.py
[2.530s] -- Symlinking: /home/wbforney/proj4_ws/install/turtlebot3_msgs/lib/python3.12/site-packages/turtlebot3_msgs/action/_patrol.py
[2.539s] -- Symlinking: /home/wbforney/proj4_ws/install/turtlebot3_msgs/lib/python3.12/site-packages/turtlebot3_msgs/action/_patrol_s.c
[2.546s] -- Symlinking: /home/wbforney/proj4_ws/install/turtlebot3_msgs/lib/python3.12/site-packages/turtlebot3_msgs/msg/__init__.py
[2.554s] -- Symlinking: /home/wbforney/proj4_ws/install/turtlebot3_msgs/lib/python3.12/site-packages/turtlebot3_msgs/msg/_sensor_state.py
[2.563s] -- Symlinking: /home/wbforney/proj4_ws/install/turtlebot3_msgs/lib/python3.12/site-packages/turtlebot3_msgs/msg/_sensor_state_s.c
[2.570s] -- Symlinking: /home/wbforney/proj4_ws/install/turtlebot3_msgs/lib/python3.12/site-packages/turtlebot3_msgs/msg/_sound.py
[2.579s] -- Symlinking: /home/wbforney/proj4_ws/install/turtlebot3_msgs/lib/python3.12/site-packages/turtlebot3_msgs/msg/_sound_s.c
[2.586s] -- Symlinking: /home/wbforney/proj4_ws/install/turtlebot3_msgs/lib/python3.12/site-packages/turtlebot3_msgs/msg/_version_info.py
[2.594s] -- Symlinking: /home/wbforney/proj4_ws/install/turtlebot3_msgs/lib/python3.12/site-packages/turtlebot3_msgs/msg/_version_info_s.c
[2.602s] -- Symlinking: /home/wbforney/proj4_ws/install/turtlebot3_msgs/lib/python3.12/site-packages/turtlebot3_msgs/srv/__init__.py
[2.611s] -- Symlinking: /home/wbforney/proj4_ws/install/turtlebot3_msgs/lib/python3.12/site-packages/turtlebot3_msgs/srv/_dqn.py
[2.620s] -- Symlinking: /home/wbforney/proj4_ws/install/turtlebot3_msgs/lib/python3.12/site-packages/turtlebot3_msgs/srv/_dqn_s.c
[2.631s] -- Symlinking: /home/wbforney/proj4_ws/install/turtlebot3_msgs/lib/python3.12/site-packages/turtlebot3_msgs/srv/_goal.py
[2.642s] -- Symlinking: /home/wbforney/proj4_ws/install/turtlebot3_msgs/lib/python3.12/site-packages/turtlebot3_msgs/srv/_goal_s.c
[2.651s] -- Symlinking: /home/wbforney/proj4_ws/install/turtlebot3_msgs/lib/python3.12/site-packages/turtlebot3_msgs/srv/_sound.py
[2.662s] -- Symlinking: /home/wbforney/proj4_ws/install/turtlebot3_msgs/lib/python3.12/site-packages/turtlebot3_msgs/srv/_sound_s.c
[2.672s] -- Symlinking: /home/wbforney/proj4_ws/install/turtlebot3_msgs/lib/python3.12/site-packages/turtlebot3_msgs/turtlebot3_msgs_s__rosidl_typesupport_c.so
[2.682s] -- Symlinking: /home/wbforney/proj4_ws/install/turtlebot3_msgs/lib/python3.12/site-packages/turtlebot3_msgs/turtlebot3_msgs_s__rosidl_typesupport_fastrtps_c.so
[2.691s] -- Symlinking: /home/wbforney/proj4_ws/install/turtlebot3_msgs/lib/python3.12/site-packages/turtlebot3_msgs/turtlebot3_msgs_s__rosidl_typesupport_introspection_c.so
[2.701s] -- Up-to-date symlink: /home/wbforney/proj4_ws/install/turtlebot3_msgs/lib/python3.12/site-packages/turtlebot3_msgs/turtlebot3_msgs_s__rosidl_typesupport_fastrtps_c.so
[2.701s] -- Up-to-date symlink: /home/wbforney/proj4_ws/install/turtlebot3_msgs/lib/python3.12/site-packages/turtlebot3_msgs/turtlebot3_msgs_s__rosidl_typesupport_introspection_c.so
[2.701s] -- Up-to-date symlink: /home/wbforney/proj4_ws/install/turtlebot3_msgs/lib/python3.12/site-packages/turtlebot3_msgs/turtlebot3_msgs_s__rosidl_typesupport_c.so
[2.701s] -- Symlinking: /home/wbforney/proj4_ws/install/turtlebot3_msgs/share/turtlebot3_msgs/msg/SensorState.idl
[2.710s] -- Symlinking: /home/wbforney/proj4_ws/install/turtlebot3_msgs/share/turtlebot3_msgs/msg/Sound.idl
[2.719s] -- Symlinking: /home/wbforney/proj4_ws/install/turtlebot3_msgs/share/turtlebot3_msgs/msg/VersionInfo.idl
[2.731s] -- Symlinking: /home/wbforney/proj4_ws/install/turtlebot3_msgs/share/turtlebot3_msgs/srv/Sound.idl
[2.742s] -- Symlinking: /home/wbforney/proj4_ws/install/turtlebot3_msgs/share/turtlebot3_msgs/srv/Dqn.idl
[2.752s] -- Symlinking: /home/wbforney/proj4_ws/install/turtlebot3_msgs/share/turtlebot3_msgs/srv/Goal.idl
[2.762s] -- Symlinking: /home/wbforney/proj4_ws/install/turtlebot3_msgs/share/turtlebot3_msgs/action/Patrol.idl
[2.771s] -- Symlinking: /home/wbforney/proj4_ws/install/turtlebot3_msgs/share/turtlebot3_msgs/msg/SensorState.msg
[2.781s] -- Symlinking: /home/wbforney/proj4_ws/install/turtlebot3_msgs/share/turtlebot3_msgs/msg/Sound.msg
[2.790s] -- Symlinking: /home/wbforney/proj4_ws/install/turtlebot3_msgs/share/turtlebot3_msgs/msg/VersionInfo.msg
[2.800s] -- Symlinking: /home/wbforney/proj4_ws/install/turtlebot3_msgs/share/turtlebot3_msgs/srv/Sound.srv
[2.809s] -- Symlinking: /home/wbforney/proj4_ws/install/turtlebot3_msgs/share/turtlebot3_msgs/srv/Dqn.srv
[2.820s] -- Symlinking: /home/wbforney/proj4_ws/install/turtlebot3_msgs/share/turtlebot3_msgs/srv/Goal.srv
[2.832s] -- Symlinking: /home/wbforney/proj4_ws/install/turtlebot3_msgs/share/turtlebot3_msgs/action/Patrol.action
[2.843s] -- Symlinking: /home/wbforney/proj4_ws/install/turtlebot3_msgs/share/ament_index/resource_index/package_run_dependencies/turtlebot3_msgs
[2.854s] -- Symlinking: /home/wbforney/proj4_ws/install/turtlebot3_msgs/share/ament_index/resource_index/parent_prefix_path/turtlebot3_msgs
[2.862s] -- Symlinking: /home/wbforney/proj4_ws/install/turtlebot3_msgs/share/turtlebot3_msgs/environment/ament_prefix_path.sh
[2.871s] -- Symlinking: /home/wbforney/proj4_ws/install/turtlebot3_msgs/share/turtlebot3_msgs/environment/ament_prefix_path.dsv
[2.880s] -- Symlinking: /home/wbforney/proj4_ws/install/turtlebot3_msgs/share/turtlebot3_msgs/environment/path.sh
[2.890s] -- Symlinking: /home/wbforney/proj4_ws/install/turtlebot3_msgs/share/turtlebot3_msgs/environment/path.dsv
[2.898s] -- Symlinking: /home/wbforney/proj4_ws/install/turtlebot3_msgs/share/turtlebot3_msgs/local_setup.bash
[2.908s] -- Symlinking: /home/wbforney/proj4_ws/install/turtlebot3_msgs/share/turtlebot3_msgs/local_setup.sh
[2.918s] -- Symlinking: /home/wbforney/proj4_ws/install/turtlebot3_msgs/share/turtlebot3_msgs/local_setup.zsh
[2.930s] -- Symlinking: /home/wbforney/proj4_ws/install/turtlebot3_msgs/share/turtlebot3_msgs/local_setup.dsv
[2.939s] -- Symlinking: /home/wbforney/proj4_ws/install/turtlebot3_msgs/share/turtlebot3_msgs/package.dsv
[2.949s] -- Symlinking: /home/wbforney/proj4_ws/install/turtlebot3_msgs/share/ament_index/resource_index/packages/turtlebot3_msgs
[2.958s] -- Symlinking: /home/wbforney/proj4_ws/install/turtlebot3_msgs/share/turtlebot3_msgs/cmake/rosidl_cmake-extras.cmake
[2.968s] -- Symlinking: /home/wbforney/proj4_ws/install/turtlebot3_msgs/share/turtlebot3_msgs/cmake/ament_cmake_export_dependencies-extras.cmake
[2.977s] -- Symlinking: /home/wbforney/proj4_ws/install/turtlebot3_msgs/share/turtlebot3_msgs/cmake/ament_cmake_export_include_directories-extras.cmake
[2.987s] -- Symlinking: /home/wbforney/proj4_ws/install/turtlebot3_msgs/share/turtlebot3_msgs/cmake/ament_cmake_export_libraries-extras.cmake
[2.997s] -- Symlinking: /home/wbforney/proj4_ws/install/turtlebot3_msgs/share/turtlebot3_msgs/cmake/ament_cmake_export_targets-extras.cmake
[3.006s] -- Symlinking: /home/wbforney/proj4_ws/install/turtlebot3_msgs/share/turtlebot3_msgs/cmake/rosidl_cmake_export_typesupport_targets-extras.cmake
[3.016s] -- Symlinking: /home/wbforney/proj4_ws/install/turtlebot3_msgs/share/turtlebot3_msgs/cmake/rosidl_cmake_export_typesupport_libraries-extras.cmake
[3.028s] -- Symlinking: /home/wbforney/proj4_ws/install/turtlebot3_msgs/share/turtlebot3_msgs/cmake/turtlebot3_msgsConfig.cmake
[3.037s] -- Symlinking: /home/wbforney/proj4_ws/install/turtlebot3_msgs/share/turtlebot3_msgs/cmake/turtlebot3_msgsConfig-version.cmake
[3.047s] -- Symlinking: /home/wbforney/proj4_ws/install/turtlebot3_msgs/share/turtlebot3_msgs/package.xml
[3.055s] -- Installing: /home/wbforney/proj4_ws/install/turtlebot3_msgs/lib/libturtlebot3_msgs__rosidl_generator_c.so
[3.056s] -- Set non-toolchain portion of runtime path of "/home/wbforney/proj4_ws/install/turtlebot3_msgs/lib/libturtlebot3_msgs__rosidl_generator_c.so" to ""
[3.056s] -- Installing: /home/wbforney/proj4_ws/install/turtlebot3_msgs/lib/libturtlebot3_msgs__rosidl_typesupport_fastrtps_c.so
[3.056s] -- Set non-toolchain portion of runtime path of "/home/wbforney/proj4_ws/install/turtlebot3_msgs/lib/libturtlebot3_msgs__rosidl_typesupport_fastrtps_c.so" to ""
[3.057s] -- Installing: /home/wbforney/proj4_ws/install/turtlebot3_msgs/lib/libturtlebot3_msgs__rosidl_typesupport_fastrtps_cpp.so
[3.057s] -- Set non-toolchain portion of runtime path of "/home/wbforney/proj4_ws/install/turtlebot3_msgs/lib/libturtlebot3_msgs__rosidl_typesupport_fastrtps_cpp.so" to ""
[3.057s] -- Installing: /home/wbforney/proj4_ws/install/turtlebot3_msgs/lib/libturtlebot3_msgs__rosidl_typesupport_introspection_c.so
[3.058s] -- Set non-toolchain portion of runtime path of "/home/wbforney/proj4_ws/install/turtlebot3_msgs/lib/libturtlebot3_msgs__rosidl_typesupport_introspection_c.so" to ""
[3.058s] -- Installing: /home/wbforney/proj4_ws/install/turtlebot3_msgs/lib/libturtlebot3_msgs__rosidl_typesupport_c.so
[3.058s] -- Set non-toolchain portion of runtime path of "/home/wbforney/proj4_ws/install/turtlebot3_msgs/lib/libturtlebot3_msgs__rosidl_typesupport_c.so" to ""
[3.058s] -- Installing: /home/wbforney/proj4_ws/install/turtlebot3_msgs/lib/libturtlebot3_msgs__rosidl_typesupport_introspection_cpp.so
[3.059s] -- Set non-toolchain portion of runtime path of "/home/wbforney/proj4_ws/install/turtlebot3_msgs/lib/libturtlebot3_msgs__rosidl_typesupport_introspection_cpp.so" to ""
[3.059s] -- Installing: /home/wbforney/proj4_ws/install/turtlebot3_msgs/lib/libturtlebot3_msgs__rosidl_typesupport_cpp.so
[3.060s] -- Set non-toolchain portion of runtime path of "/home/wbforney/proj4_ws/install/turtlebot3_msgs/lib/libturtlebot3_msgs__rosidl_typesupport_cpp.so" to ""
[3.107s] Listing '/home/wbforney/proj4_ws/install/turtlebot3_msgs/lib/python3.12/site-packages/turtlebot3_msgs'...
[3.107s] Compiling '/home/wbforney/proj4_ws/install/turtlebot3_msgs/lib/python3.12/site-packages/turtlebot3_msgs/__init__.py'...
[3.107s] Listing '/home/wbforney/proj4_ws/install/turtlebot3_msgs/lib/python3.12/site-packages/turtlebot3_msgs/action'...
[3.107s] Compiling '/home/wbforney/proj4_ws/install/turtlebot3_msgs/lib/python3.12/site-packages/turtlebot3_msgs/action/__init__.py'...
[3.107s] Compiling '/home/wbforney/proj4_ws/install/turtlebot3_msgs/lib/python3.12/site-packages/turtlebot3_msgs/action/_patrol.py'...
[3.108s] Listing '/home/wbforney/proj4_ws/install/turtlebot3_msgs/lib/python3.12/site-packages/turtlebot3_msgs/msg'...
[3.108s] Compiling '/home/wbforney/proj4_ws/install/turtlebot3_msgs/lib/python3.12/site-packages/turtlebot3_msgs/msg/__init__.py'...
[3.108s] Compiling '/home/wbforney/proj4_ws/install/turtlebot3_msgs/lib/python3.12/site-packages/turtlebot3_msgs/msg/_sensor_state.py'...
[3.108s] Compiling '/home/wbforney/proj4_ws/install/turtlebot3_msgs/lib/python3.12/site-packages/turtlebot3_msgs/msg/_sound.py'...
[3.108s] Compiling '/home/wbforney/proj4_ws/install/turtlebot3_msgs/lib/python3.12/site-packages/turtlebot3_msgs/msg/_version_info.py'...
[3.108s] Listing '/home/wbforney/proj4_ws/install/turtlebot3_msgs/lib/python3.12/site-packages/turtlebot3_msgs/srv'...
[3.108s] Compiling '/home/wbforney/proj4_ws/install/turtlebot3_msgs/lib/python3.12/site-packages/turtlebot3_msgs/srv/__init__.py'...
[3.108s] Compiling '/home/wbforney/proj4_ws/install/turtlebot3_msgs/lib/python3.12/site-packages/turtlebot3_msgs/srv/_dqn.py'...
[3.109s] Compiling '/home/wbforney/proj4_ws/install/turtlebot3_msgs/lib/python3.12/site-packages/turtlebot3_msgs/srv/_goal.py'...
[3.109s] Compiling '/home/wbforney/proj4_ws/install/turtlebot3_msgs/lib/python3.12/site-packages/turtlebot3_msgs/srv/_sound.py'...
[3.112s] -- Installing: /home/wbforney/proj4_ws/install/turtlebot3_msgs/lib/libturtlebot3_msgs__rosidl_generator_py.so
[3.113s] -- Set non-toolchain portion of runtime path of "/home/wbforney/proj4_ws/install/turtlebot3_msgs/lib/libturtlebot3_msgs__rosidl_generator_py.so" to ""
[3.113s] -- Installing: /home/wbforney/proj4_ws/install/turtlebot3_msgs/share/turtlebot3_msgs/cmake/export_turtlebot3_msgs__rosidl_generator_cExport.cmake
[3.114s] -- Installing: /home/wbforney/proj4_ws/install/turtlebot3_msgs/share/turtlebot3_msgs/cmake/export_turtlebot3_msgs__rosidl_generator_cExport-noconfig.cmake
[3.114s] -- Installing: /home/wbforney/proj4_ws/install/turtlebot3_msgs/share/turtlebot3_msgs/cmake/export_turtlebot3_msgs__rosidl_typesupport_fastrtps_cExport.cmake
[3.114s] -- Installing: /home/wbforney/proj4_ws/install/turtlebot3_msgs/share/turtlebot3_msgs/cmake/export_turtlebot3_msgs__rosidl_typesupport_fastrtps_cExport-noconfig.cmake
[3.114s] -- Installing: /home/wbforney/proj4_ws/install/turtlebot3_msgs/share/turtlebot3_msgs/cmake/export_turtlebot3_msgs__rosidl_generator_cppExport.cmake
[3.114s] -- Installing: /home/wbforney/proj4_ws/install/turtlebot3_msgs/share/turtlebot3_msgs/cmake/export_turtlebot3_msgs__rosidl_typesupport_fastrtps_cppExport.cmake
[3.114s] -- Installing: /home/wbforney/proj4_ws/install/turtlebot3_msgs/share/turtlebot3_msgs/cmake/export_turtlebot3_msgs__rosidl_typesupport_fastrtps_cppExport-noconfig.cmake
[3.114s] -- Installing: /home/wbforney/proj4_ws/install/turtlebot3_msgs/share/turtlebot3_msgs/cmake/turtlebot3_msgs__rosidl_typesupport_introspection_cExport.cmake
[3.114s] -- Installing: /home/wbforney/proj4_ws/install/turtlebot3_msgs/share/turtlebot3_msgs/cmake/turtlebot3_msgs__rosidl_typesupport_introspection_cExport-noconfig.cmake
[3.114s] -- Installing: /home/wbforney/proj4_ws/install/turtlebot3_msgs/share/turtlebot3_msgs/cmake/turtlebot3_msgs__rosidl_typesupport_cExport.cmake
[3.115s] -- Installing: /home/wbforney/proj4_ws/install/turtlebot3_msgs/share/turtlebot3_msgs/cmake/turtlebot3_msgs__rosidl_typesupport_cExport-noconfig.cmake
[3.115s] -- Installing: /home/wbforney/proj4_ws/install/turtlebot3_msgs/share/turtlebot3_msgs/cmake/turtlebot3_msgs__rosidl_typesupport_introspection_cppExport.cmake
[3.115s] -- Installing: /home/wbforney/proj4_ws/install/turtlebot3_msgs/share/turtlebot3_msgs/cmake/turtlebot3_msgs__rosidl_typesupport_introspection_cppExport-noconfig.cmake
[3.115s] -- Installing: /home/wbforney/proj4_ws/install/turtlebot3_msgs/share/turtlebot3_msgs/cmake/turtlebot3_msgs__rosidl_typesupport_cppExport.cmake
[3.115s] -- Installing: /home/wbforney/proj4_ws/install/turtlebot3_msgs/share/turtlebot3_msgs/cmake/turtlebot3_msgs__rosidl_typesupport_cppExport-noconfig.cmake
[3.115s] -- Installing: /home/wbforney/proj4_ws/install/turtlebot3_msgs/share/turtlebot3_msgs/cmake/export_turtlebot3_msgs__rosidl_generator_pyExport.cmake
[3.115s] -- Installing: /home/wbforney/proj4_ws/install/turtlebot3_msgs/share/turtlebot3_msgs/cmake/export_turtlebot3_msgs__rosidl_generator_pyExport-noconfig.cmake
[3.118s] Invoked command in '/home/wbforney/proj4_ws/build/turtlebot3_msgs' returned '0': CMAKE_PREFIX_PATH=${CMAKE_PREFIX_PATH}:/home/wbforney/proj4_ws/install/kalmanFilters:/opt/ros/jazzy DEBUGINFOD_URLS=https://debuginfod.ubuntu.com /usr/bin/cmake --install /home/wbforney/proj4_ws/build/turtlebot3_msgs
