[0.075s] Invoking command in '/home/wbforney/proj4_ws/build/dynamixel_sdk': CMAKE_PREFIX_PATH=${CMAKE_PREFIX_PATH}:/home/wbforney/proj4_ws/install/turtlebot3_teleop:/home/wbforney/proj4_ws/install/turtlebot3_example:/home/wbforney/proj4_ws/install/kalmanFilters:/opt/ros/jazzy DEBUGINFOD_URLS=https://debuginfod.ubuntu.com /usr/bin/cmake --build /home/wbforney/proj4_ws/build/dynamixel_sdk -- -j16 -l16
[0.435s] [100%] Built target dynamixel_sdk
[0.435s] [100%] Built target ament_cmake_python_symlink_dynamixel_easy_sdk
[0.435s] [100%] Built target ament_cmake_python_symlink_dynamixel_sdk
[0.513s] running egg_info
[0.536s] writing dynamixel_easy_sdk.egg-info/PKG-INFO
[0.536s] writing dependency_links to dynamixel_easy_sdk.egg-info/dependency_links.txt
[0.537s] writing top-level names to dynamixel_easy_sdk.egg-info/top_level.txt
[0.607s] reading manifest file 'dynamixel_easy_sdk.egg-info/SOURCES.txt'
[0.608s] writing manifest file 'dynamixel_easy_sdk.egg-info/SOURCES.txt'
[0.663s] [100%] Built target ament_cmake_python_build_dynamixel_easy_sdk_egg
[0.942s] running egg_info
[0.954s] writing dynamixel_sdk.egg-info/PKG-INFO
[0.954s] writing dependency_links to dynamixel_sdk.egg-info/dependency_links.txt
[0.954s] writing top-level names to dynamixel_sdk.egg-info/top_level.txt
[0.998s] reading manifest file 'dynamixel_sdk.egg-info/SOURCES.txt'
[0.999s] writing manifest file 'dynamixel_sdk.egg-info/SOURCES.txt'
[1.039s] [100%] Built target ament_cmake_python_build_dynamixel_sdk_egg
[1.156s] Invoked command in '/home/wbforney/proj4_ws/build/dynamixel_sdk' returned '0': CMAKE_PREFIX_PATH=${CMAKE_PREFIX_PATH}:/home/wbforney/proj4_ws/install/turtlebot3_teleop:/home/wbforney/proj4_ws/install/turtlebot3_example:/home/wbforney/proj4_ws/install/kalmanFilters:/opt/ros/jazzy DEBUGINFOD_URLS=https://debuginfod.ubuntu.com /usr/bin/cmake --build /home/wbforney/proj4_ws/build/dynamixel_sdk -- -j16 -l16
[1.157s] Invoking command in '/home/wbforney/proj4_ws/build/dynamixel_sdk': CMAKE_PREFIX_PATH=${CMAKE_PREFIX_PATH}:/home/wbforney/proj4_ws/install/turtlebot3_teleop:/home/wbforney/proj4_ws/install/turtlebot3_example:/home/wbforney/proj4_ws/install/kalmanFilters:/opt/ros/jazzy DEBUGINFOD_URLS=https://debuginfod.ubuntu.com /usr/bin/cmake --install /home/wbforney/proj4_ws/build/dynamixel_sdk
[1.167s] -- Install configuration: ""
[1.168s] -- Execute custom install script
[1.168s] -- Up-to-date symlink: /home/wbforney/proj4_ws/install/dynamixel_sdk/include//dynamixel_easy_sdk/connector.hpp
[1.168s] -- Up-to-date symlink: /home/wbforney/proj4_ws/install/dynamixel_sdk/include//dynamixel_easy_sdk/control_table.hpp
[1.168s] -- Up-to-date symlink: /home/wbforney/proj4_ws/install/dynamixel_sdk/include//dynamixel_easy_sdk/data_types.hpp
[1.168s] -- Up-to-date symlink: /home/wbforney/proj4_ws/install/dynamixel_sdk/include//dynamixel_easy_sdk/dynamixel_easy_sdk.hpp
[1.168s] -- Up-to-date symlink: /home/wbforney/proj4_ws/install/dynamixel_sdk/include//dynamixel_easy_sdk/dynamixel_error.hpp
[1.168s] -- Up-to-date symlink: /home/wbforney/proj4_ws/install/dynamixel_sdk/include//dynamixel_easy_sdk/group_executor.hpp
[1.168s] -- Up-to-date symlink: /home/wbforney/proj4_ws/install/dynamixel_sdk/include//dynamixel_easy_sdk/motor.hpp
[1.168s] -- Up-to-date symlink: /home/wbforney/proj4_ws/install/dynamixel_sdk/include//dynamixel_sdk/dynamixel_sdk.h
[1.169s] -- Up-to-date symlink: /home/wbforney/proj4_ws/install/dynamixel_sdk/include//dynamixel_sdk/group_bulk_read.h
[1.169s] -- Up-to-date symlink: /home/wbforney/proj4_ws/install/dynamixel_sdk/include//dynamixel_sdk/group_bulk_write.h
[1.169s] -- Up-to-date symlink: /home/wbforney/proj4_ws/install/dynamixel_sdk/include//dynamixel_sdk/group_fast_bulk_read.h
[1.169s] -- Up-to-date symlink: /home/wbforney/proj4_ws/install/dynamixel_sdk/include//dynamixel_sdk/group_fast_sync_read.h
[1.169s] -- Up-to-date symlink: /home/wbforney/proj4_ws/install/dynamixel_sdk/include//dynamixel_sdk/group_handler.h
[1.169s] -- Up-to-date symlink: /home/wbforney/proj4_ws/install/dynamixel_sdk/include//dynamixel_sdk/group_sync_read.h
[1.169s] -- Up-to-date symlink: /home/wbforney/proj4_ws/install/dynamixel_sdk/include//dynamixel_sdk/group_sync_write.h
[1.169s] -- Up-to-date symlink: /home/wbforney/proj4_ws/install/dynamixel_sdk/include//dynamixel_sdk/packet_handler.h
[1.169s] -- Up-to-date symlink: /home/wbforney/proj4_ws/install/dynamixel_sdk/include//dynamixel_sdk/port_handler.h
[1.169s] -- Up-to-date symlink: /home/wbforney/proj4_ws/install/dynamixel_sdk/include//dynamixel_sdk/port_handler_arduino.h
[1.169s] -- Up-to-date symlink: /home/wbforney/proj4_ws/install/dynamixel_sdk/include//dynamixel_sdk/port_handler_linux.h
[1.169s] -- Up-to-date symlink: /home/wbforney/proj4_ws/install/dynamixel_sdk/include//dynamixel_sdk/port_handler_mac.h
[1.169s] -- Up-to-date symlink: /home/wbforney/proj4_ws/install/dynamixel_sdk/include//dynamixel_sdk/port_handler_windows.h
[1.169s] -- Up-to-date symlink: /home/wbforney/proj4_ws/install/dynamixel_sdk/include//dynamixel_sdk/protocol1_packet_handler.h
[1.170s] -- Up-to-date symlink: /home/wbforney/proj4_ws/install/dynamixel_sdk/include//dynamixel_sdk/protocol2_packet_handler.h
[1.170s] -- Up-to-date symlink: /home/wbforney/proj4_ws/install/dynamixel_sdk/share/dynamixel_sdk/control_table/2xc430_w250.model
[1.170s] -- Up-to-date symlink: /home/wbforney/proj4_ws/install/dynamixel_sdk/share/dynamixel_sdk/control_table/2xl430_w250.model
[1.171s] -- Up-to-date symlink: /home/wbforney/proj4_ws/install/dynamixel_sdk/share/dynamixel_sdk/control_table/dynamixel.model
[1.171s] -- Up-to-date symlink: /home/wbforney/proj4_ws/install/dynamixel_sdk/share/dynamixel_sdk/control_table/h42_20_s300_ra.model
[1.171s] -- Up-to-date symlink: /home/wbforney/proj4_ws/install/dynamixel_sdk/share/dynamixel_sdk/control_table/h54_100_s500_ra.model
[1.171s] -- Up-to-date symlink: /home/wbforney/proj4_ws/install/dynamixel_sdk/share/dynamixel_sdk/control_table/h54_200_s500_ra.model
[1.171s] -- Up-to-date symlink: /home/wbforney/proj4_ws/install/dynamixel_sdk/share/dynamixel_sdk/control_table/m42_10_s260_ra.model
[1.171s] -- Up-to-date symlink: /home/wbforney/proj4_ws/install/dynamixel_sdk/share/dynamixel_sdk/control_table/m54_40_s250_ra.model
[1.171s] -- Up-to-date symlink: /home/wbforney/proj4_ws/install/dynamixel_sdk/share/dynamixel_sdk/control_table/m54_60_s250_ra.model
[1.171s] -- Up-to-date symlink: /home/wbforney/proj4_ws/install/dynamixel_sdk/share/dynamixel_sdk/control_table/mx_106.model
[1.171s] -- Up-to-date symlink: /home/wbforney/proj4_ws/install/dynamixel_sdk/share/dynamixel_sdk/control_table/mx_28.model
[1.171s] -- Up-to-date symlink: /home/wbforney/proj4_ws/install/dynamixel_sdk/share/dynamixel_sdk/control_table/mx_64.model
[1.171s] -- Up-to-date symlink: /home/wbforney/proj4_ws/install/dynamixel_sdk/share/dynamixel_sdk/control_table/ph42_020_s300.model
[1.171s] -- Up-to-date symlink: /home/wbforney/proj4_ws/install/dynamixel_sdk/share/dynamixel_sdk/control_table/ph54_100_s500.model
[1.172s] -- Up-to-date symlink: /home/wbforney/proj4_ws/install/dynamixel_sdk/share/dynamixel_sdk/control_table/ph54_200_s500.model
[1.172s] -- Up-to-date symlink: /home/wbforney/proj4_ws/install/dynamixel_sdk/share/dynamixel_sdk/control_table/pm42_010_s260.model
[1.172s] -- Up-to-date symlink: /home/wbforney/proj4_ws/install/dynamixel_sdk/share/dynamixel_sdk/control_table/pm54_040_s250.model
[1.172s] -- Up-to-date symlink: /home/wbforney/proj4_ws/install/dynamixel_sdk/share/dynamixel_sdk/control_table/pm54_060_s250.model
[1.172s] -- Up-to-date symlink: /home/wbforney/proj4_ws/install/dynamixel_sdk/share/dynamixel_sdk/control_table/rh_p12_rn.model
[1.172s] -- Up-to-date symlink: /home/wbforney/proj4_ws/install/dynamixel_sdk/share/dynamixel_sdk/control_table/xc330_m181.model
[1.172s] -- Up-to-date symlink: /home/wbforney/proj4_ws/install/dynamixel_sdk/share/dynamixel_sdk/control_table/xc330_m181_fw52.model
[1.172s] -- Up-to-date symlink: /home/wbforney/proj4_ws/install/dynamixel_sdk/share/dynamixel_sdk/control_table/xc330_m288.model
[1.172s] -- Up-to-date symlink: /home/wbforney/proj4_ws/install/dynamixel_sdk/share/dynamixel_sdk/control_table/xc330_m288_fw52.model
[1.172s] -- Up-to-date symlink: /home/wbforney/proj4_ws/install/dynamixel_sdk/share/dynamixel_sdk/control_table/xc330_t181.model
[1.172s] -- Up-to-date symlink: /home/wbforney/proj4_ws/install/dynamixel_sdk/share/dynamixel_sdk/control_table/xc330_t181_fw52.model
[1.172s] -- Up-to-date symlink: /home/wbforney/proj4_ws/install/dynamixel_sdk/share/dynamixel_sdk/control_table/xc330_t288.model
[1.172s] -- Up-to-date symlink: /home/wbforney/proj4_ws/install/dynamixel_sdk/share/dynamixel_sdk/control_table/xc330_t288_fw52.model
[1.172s] -- Up-to-date symlink: /home/wbforney/proj4_ws/install/dynamixel_sdk/share/dynamixel_sdk/control_table/xc430_w150.model
[1.172s] -- Up-to-date symlink: /home/wbforney/proj4_ws/install/dynamixel_sdk/share/dynamixel_sdk/control_table/xc430_w240.model
[1.173s] -- Up-to-date symlink: /home/wbforney/proj4_ws/install/dynamixel_sdk/share/dynamixel_sdk/control_table/xd430_t210.model
[1.173s] -- Up-to-date symlink: /home/wbforney/proj4_ws/install/dynamixel_sdk/share/dynamixel_sdk/control_table/xd430_t350.model
[1.173s] -- Up-to-date symlink: /home/wbforney/proj4_ws/install/dynamixel_sdk/share/dynamixel_sdk/control_table/xd540_t150.model
[1.173s] -- Up-to-date symlink: /home/wbforney/proj4_ws/install/dynamixel_sdk/share/dynamixel_sdk/control_table/xd540_t270.model
[1.173s] -- Up-to-date symlink: /home/wbforney/proj4_ws/install/dynamixel_sdk/share/dynamixel_sdk/control_table/xh430_v210.model
[1.173s] -- Up-to-date symlink: /home/wbforney/proj4_ws/install/dynamixel_sdk/share/dynamixel_sdk/control_table/xh430_v350.model
[1.173s] -- Up-to-date symlink: /home/wbforney/proj4_ws/install/dynamixel_sdk/share/dynamixel_sdk/control_table/xh430_w210.model
[1.173s] -- Up-to-date symlink: /home/wbforney/proj4_ws/install/dynamixel_sdk/share/dynamixel_sdk/control_table/xh430_w350.model
[1.173s] -- Up-to-date symlink: /home/wbforney/proj4_ws/install/dynamixel_sdk/share/dynamixel_sdk/control_table/xh540_v150.model
[1.173s] -- Up-to-date symlink: /home/wbforney/proj4_ws/install/dynamixel_sdk/share/dynamixel_sdk/control_table/xh540_v270.model
[1.173s] -- Up-to-date symlink: /home/wbforney/proj4_ws/install/dynamixel_sdk/share/dynamixel_sdk/control_table/xh540_w150.model
[1.173s] -- Up-to-date symlink: /home/wbforney/proj4_ws/install/dynamixel_sdk/share/dynamixel_sdk/control_table/xh540_w270.model
[1.173s] -- Up-to-date symlink: /home/wbforney/proj4_ws/install/dynamixel_sdk/share/dynamixel_sdk/control_table/xl320.model
[1.173s] -- Up-to-date symlink: /home/wbforney/proj4_ws/install/dynamixel_sdk/share/dynamixel_sdk/control_table/xl330_m077.model
[1.173s] -- Up-to-date symlink: /home/wbforney/proj4_ws/install/dynamixel_sdk/share/dynamixel_sdk/control_table/xl330_m077_fw52.model
[1.173s] -- Up-to-date symlink: /home/wbforney/proj4_ws/install/dynamixel_sdk/share/dynamixel_sdk/control_table/xl330_m288.model
[1.174s] -- Up-to-date symlink: /home/wbforney/proj4_ws/install/dynamixel_sdk/share/dynamixel_sdk/control_table/xl330_m288_fw52.model
[1.174s] -- Up-to-date symlink: /home/wbforney/proj4_ws/install/dynamixel_sdk/share/dynamixel_sdk/control_table/xl430_w250.model
[1.174s] -- Up-to-date symlink: /home/wbforney/proj4_ws/install/dynamixel_sdk/share/dynamixel_sdk/control_table/xm430_w210.model
[1.174s] -- Up-to-date symlink: /home/wbforney/proj4_ws/install/dynamixel_sdk/share/dynamixel_sdk/control_table/xm430_w350.model
[1.175s] -- Up-to-date symlink: /home/wbforney/proj4_ws/install/dynamixel_sdk/share/dynamixel_sdk/control_table/xm540_w150.model
[1.175s] -- Up-to-date symlink: /home/wbforney/proj4_ws/install/dynamixel_sdk/share/dynamixel_sdk/control_table/xm540_w270.model
[1.176s] -- Up-to-date symlink: /home/wbforney/proj4_ws/install/dynamixel_sdk/share/dynamixel_sdk/control_table/xw430_t200.model
[1.177s] -- Up-to-date symlink: /home/wbforney/proj4_ws/install/dynamixel_sdk/share/dynamixel_sdk/control_table/xw430_t333.model
[1.177s] -- Up-to-date symlink: /home/wbforney/proj4_ws/install/dynamixel_sdk/share/dynamixel_sdk/control_table/xw540_h260.model
[1.177s] -- Up-to-date symlink: /home/wbforney/proj4_ws/install/dynamixel_sdk/share/dynamixel_sdk/control_table/xw540_t140.model
[1.177s] -- Up-to-date symlink: /home/wbforney/proj4_ws/install/dynamixel_sdk/share/dynamixel_sdk/control_table/xw540_t260.model
[1.177s] -- Up-to-date symlink: /home/wbforney/proj4_ws/install/dynamixel_sdk/share/dynamixel_sdk/control_table/ym070_210_a051.model
[1.177s] -- Up-to-date symlink: /home/wbforney/proj4_ws/install/dynamixel_sdk/share/dynamixel_sdk/control_table/ym070_210_a099.model
[1.177s] -- Up-to-date symlink: /home/wbforney/proj4_ws/install/dynamixel_sdk/share/dynamixel_sdk/control_table/ym070_210_b001.model
[1.177s] -- Up-to-date symlink: /home/wbforney/proj4_ws/install/dynamixel_sdk/share/dynamixel_sdk/control_table/ym070_210_m001.model
[1.177s] -- Up-to-date symlink: /home/wbforney/proj4_ws/install/dynamixel_sdk/share/dynamixel_sdk/control_table/ym070_210_r051.model
[1.177s] -- Up-to-date symlink: /home/wbforney/proj4_ws/install/dynamixel_sdk/share/dynamixel_sdk/control_table/ym070_210_r099.model
[1.177s] -- Up-to-date symlink: /home/wbforney/proj4_ws/install/dynamixel_sdk/share/dynamixel_sdk/control_table/ym080_230_a051.model
[1.177s] -- Up-to-date symlink: /home/wbforney/proj4_ws/install/dynamixel_sdk/share/dynamixel_sdk/control_table/ym080_230_a099.model
[1.177s] -- Up-to-date symlink: /home/wbforney/proj4_ws/install/dynamixel_sdk/share/dynamixel_sdk/control_table/ym080_230_b001.model
[1.178s] -- Up-to-date symlink: /home/wbforney/proj4_ws/install/dynamixel_sdk/share/dynamixel_sdk/control_table/ym080_230_m001.model
[1.178s] -- Up-to-date symlink: /home/wbforney/proj4_ws/install/dynamixel_sdk/share/dynamixel_sdk/control_table/ym080_230_r051.model
[1.178s] -- Up-to-date symlink: /home/wbforney/proj4_ws/install/dynamixel_sdk/share/dynamixel_sdk/control_table/ym080_230_r099.model
[1.178s] -- Up-to-date symlink: /home/wbforney/proj4_ws/install/dynamixel_sdk/share/dynamixel_sdk/environment/pythonpath.sh
[1.178s] -- Up-to-date symlink: /home/wbforney/proj4_ws/install/dynamixel_sdk/share/dynamixel_sdk/environment/pythonpath.dsv
[1.178s] -- Up-to-date symlink: /home/wbforney/proj4_ws/install/dynamixel_sdk/lib/python3.12/site-packages/dynamixel_sdk-4.0.3-py3.12.egg-info/PKG-INFO
[1.178s] -- Up-to-date symlink: /home/wbforney/proj4_ws/install/dynamixel_sdk/lib/python3.12/site-packages/dynamixel_sdk-4.0.3-py3.12.egg-info/SOURCES.txt
[1.178s] -- Up-to-date symlink: /home/wbforney/proj4_ws/install/dynamixel_sdk/lib/python3.12/site-packages/dynamixel_sdk-4.0.3-py3.12.egg-info/dependency_links.txt
[1.178s] -- Up-to-date symlink: /home/wbforney/proj4_ws/install/dynamixel_sdk/lib/python3.12/site-packages/dynamixel_sdk-4.0.3-py3.12.egg-info/top_level.txt
[1.179s] -- Up-to-date symlink: /home/wbforney/proj4_ws/install/dynamixel_sdk/lib/python3.12/site-packages/dynamixel_sdk/__init__.py
[1.179s] -- Up-to-date symlink: /home/wbforney/proj4_ws/install/dynamixel_sdk/lib/python3.12/site-packages/dynamixel_sdk/group_bulk_read.cpp
[1.179s] -- Up-to-date symlink: /home/wbforney/proj4_ws/install/dynamixel_sdk/lib/python3.12/site-packages/dynamixel_sdk/group_bulk_read.py
[1.179s] -- Up-to-date symlink: /home/wbforney/proj4_ws/install/dynamixel_sdk/lib/python3.12/site-packages/dynamixel_sdk/group_bulk_write.cpp
[1.179s] -- Up-to-date symlink: /home/wbforney/proj4_ws/install/dynamixel_sdk/lib/python3.12/site-packages/dynamixel_sdk/group_bulk_write.py
[1.179s] -- Up-to-date symlink: /home/wbforney/proj4_ws/install/dynamixel_sdk/lib/python3.12/site-packages/dynamixel_sdk/group_fast_bulk_read.cpp
[1.179s] -- Up-to-date symlink: /home/wbforney/proj4_ws/install/dynamixel_sdk/lib/python3.12/site-packages/dynamixel_sdk/group_fast_sync_read.cpp
[1.180s] -- Up-to-date symlink: /home/wbforney/proj4_ws/install/dynamixel_sdk/lib/python3.12/site-packages/dynamixel_sdk/group_handler.cpp
[1.180s] -- Up-to-date symlink: /home/wbforney/proj4_ws/install/dynamixel_sdk/lib/python3.12/site-packages/dynamixel_sdk/group_sync_read.cpp
[1.180s] -- Up-to-date symlink: /home/wbforney/proj4_ws/install/dynamixel_sdk/lib/python3.12/site-packages/dynamixel_sdk/group_sync_read.py
[1.180s] -- Up-to-date symlink: /home/wbforney/proj4_ws/install/dynamixel_sdk/lib/python3.12/site-packages/dynamixel_sdk/group_sync_write.cpp
[1.180s] -- Up-to-date symlink: /home/wbforney/proj4_ws/install/dynamixel_sdk/lib/python3.12/site-packages/dynamixel_sdk/group_sync_write.py
[1.180s] -- Up-to-date symlink: /home/wbforney/proj4_ws/install/dynamixel_sdk/lib/python3.12/site-packages/dynamixel_sdk/packet_handler.cpp
[1.180s] -- Up-to-date symlink: /home/wbforney/proj4_ws/install/dynamixel_sdk/lib/python3.12/site-packages/dynamixel_sdk/packet_handler.py
[1.180s] -- Up-to-date symlink: /home/wbforney/proj4_ws/install/dynamixel_sdk/lib/python3.12/site-packages/dynamixel_sdk/port_handler.cpp
[1.180s] -- Up-to-date symlink: /home/wbforney/proj4_ws/install/dynamixel_sdk/lib/python3.12/site-packages/dynamixel_sdk/port_handler.py
[1.180s] -- Up-to-date symlink: /home/wbforney/proj4_ws/install/dynamixel_sdk/lib/python3.12/site-packages/dynamixel_sdk/port_handler_arduino.cpp
[1.181s] -- Up-to-date symlink: /home/wbforney/proj4_ws/install/dynamixel_sdk/lib/python3.12/site-packages/dynamixel_sdk/port_handler_linux.cpp
[1.181s] -- Up-to-date symlink: /home/wbforney/proj4_ws/install/dynamixel_sdk/lib/python3.12/site-packages/dynamixel_sdk/port_handler_mac.cpp
[1.181s] -- Up-to-date symlink: /home/wbforney/proj4_ws/install/dynamixel_sdk/lib/python3.12/site-packages/dynamixel_sdk/port_handler_windows.cpp
[1.181s] -- Up-to-date symlink: /home/wbforney/proj4_ws/install/dynamixel_sdk/lib/python3.12/site-packages/dynamixel_sdk/protocol1_packet_handler.cpp
[1.181s] -- Up-to-date symlink: /home/wbforney/proj4_ws/install/dynamixel_sdk/lib/python3.12/site-packages/dynamixel_sdk/protocol1_packet_handler.py
[1.181s] -- Up-to-date symlink: /home/wbforney/proj4_ws/install/dynamixel_sdk/lib/python3.12/site-packages/dynamixel_sdk/protocol2_packet_handler.cpp
[1.181s] -- Up-to-date symlink: /home/wbforney/proj4_ws/install/dynamixel_sdk/lib/python3.12/site-packages/dynamixel_sdk/protocol2_packet_handler.py
[1.181s] -- Up-to-date symlink: /home/wbforney/proj4_ws/install/dynamixel_sdk/lib/python3.12/site-packages/dynamixel_sdk/robotis_def.py
[1.181s] -- Up-to-date symlink: /home/wbforney/proj4_ws/install/dynamixel_sdk/lib/python3.12/site-packages/dynamixel_easy_sdk-4.0.3-py3.12.egg-info/PKG-INFO
[1.181s] -- Up-to-date symlink: /home/wbforney/proj4_ws/install/dynamixel_sdk/lib/python3.12/site-packages/dynamixel_easy_sdk-4.0.3-py3.12.egg-info/SOURCES.txt
[1.181s] -- Up-to-date symlink: /home/wbforney/proj4_ws/install/dynamixel_sdk/lib/python3.12/site-packages/dynamixel_easy_sdk-4.0.3-py3.12.egg-info/dependency_links.txt
[1.181s] -- Up-to-date symlink: /home/wbforney/proj4_ws/install/dynamixel_sdk/lib/python3.12/site-packages/dynamixel_easy_sdk-4.0.3-py3.12.egg-info/top_level.txt
[1.182s] -- Up-to-date symlink: /home/wbforney/proj4_ws/install/dynamixel_sdk/lib/python3.12/site-packages/dynamixel_easy_sdk/__init__.py
[1.182s] -- Up-to-date symlink: /home/wbforney/proj4_ws/install/dynamixel_sdk/lib/python3.12/site-packages/dynamixel_easy_sdk/connector.cpp
[1.182s] -- Up-to-date symlink: /home/wbforney/proj4_ws/install/dynamixel_sdk/lib/python3.12/site-packages/dynamixel_easy_sdk/connector.py
[1.182s] -- Up-to-date symlink: /home/wbforney/proj4_ws/install/dynamixel_sdk/lib/python3.12/site-packages/dynamixel_easy_sdk/control_table.cpp
[1.182s] -- Up-to-date symlink: /home/wbforney/proj4_ws/install/dynamixel_sdk/lib/python3.12/site-packages/dynamixel_easy_sdk/control_table.py
[1.182s] -- Up-to-date symlink: /home/wbforney/proj4_ws/install/dynamixel_sdk/lib/python3.12/site-packages/dynamixel_easy_sdk/data_types.py
[1.182s] -- Up-to-date symlink: /home/wbforney/proj4_ws/install/dynamixel_sdk/lib/python3.12/site-packages/dynamixel_easy_sdk/dynamixel_error.cpp
[1.182s] -- Up-to-date symlink: /home/wbforney/proj4_ws/install/dynamixel_sdk/lib/python3.12/site-packages/dynamixel_easy_sdk/dynamixel_error.py
[1.182s] -- Up-to-date symlink: /home/wbforney/proj4_ws/install/dynamixel_sdk/lib/python3.12/site-packages/dynamixel_easy_sdk/group_executor.cpp
[1.183s] -- Up-to-date symlink: /home/wbforney/proj4_ws/install/dynamixel_sdk/lib/python3.12/site-packages/dynamixel_easy_sdk/group_executor.py
[1.183s] -- Up-to-date symlink: /home/wbforney/proj4_ws/install/dynamixel_sdk/lib/python3.12/site-packages/dynamixel_easy_sdk/motor.cpp
[1.183s] -- Up-to-date symlink: /home/wbforney/proj4_ws/install/dynamixel_sdk/lib/python3.12/site-packages/dynamixel_easy_sdk/motor.py
[1.183s] -- Up-to-date symlink: /home/wbforney/proj4_ws/install/dynamixel_sdk/share/dynamixel_sdk/environment/library_path.sh
[1.183s] -- Up-to-date symlink: /home/wbforney/proj4_ws/install/dynamixel_sdk/share/dynamixel_sdk/environment/library_path.dsv
[1.183s] -- Up-to-date symlink: /home/wbforney/proj4_ws/install/dynamixel_sdk/share/ament_index/resource_index/package_run_dependencies/dynamixel_sdk
[1.183s] -- Up-to-date symlink: /home/wbforney/proj4_ws/install/dynamixel_sdk/share/ament_index/resource_index/parent_prefix_path/dynamixel_sdk
[1.183s] -- Up-to-date symlink: /home/wbforney/proj4_ws/install/dynamixel_sdk/share/dynamixel_sdk/environment/ament_prefix_path.sh
[1.183s] -- Up-to-date symlink: /home/wbforney/proj4_ws/install/dynamixel_sdk/share/dynamixel_sdk/environment/ament_prefix_path.dsv
[1.183s] -- Up-to-date symlink: /home/wbforney/proj4_ws/install/dynamixel_sdk/share/dynamixel_sdk/environment/path.sh
[1.184s] -- Up-to-date symlink: /home/wbforney/proj4_ws/install/dynamixel_sdk/share/dynamixel_sdk/environment/path.dsv
[1.184s] -- Up-to-date symlink: /home/wbforney/proj4_ws/install/dynamixel_sdk/share/dynamixel_sdk/local_setup.bash
[1.184s] -- Up-to-date symlink: /home/wbforney/proj4_ws/install/dynamixel_sdk/share/dynamixel_sdk/local_setup.sh
[1.184s] -- Up-to-date symlink: /home/wbforney/proj4_ws/install/dynamixel_sdk/share/dynamixel_sdk/local_setup.zsh
[1.184s] -- Up-to-date symlink: /home/wbforney/proj4_ws/install/dynamixel_sdk/share/dynamixel_sdk/local_setup.dsv
[1.184s] -- Symlinking: /home/wbforney/proj4_ws/install/dynamixel_sdk/share/dynamixel_sdk/package.dsv
[1.195s] -- Up-to-date symlink: /home/wbforney/proj4_ws/install/dynamixel_sdk/share/ament_index/resource_index/packages/dynamixel_sdk
[1.195s] -- Up-to-date symlink: /home/wbforney/proj4_ws/install/dynamixel_sdk/share/dynamixel_sdk/cmake/ament_cmake_export_targets-extras.cmake
[1.195s] -- Up-to-date symlink: /home/wbforney/proj4_ws/install/dynamixel_sdk/share/dynamixel_sdk/cmake/ament_cmake_export_include_directories-extras.cmake
[1.195s] -- Up-to-date symlink: /home/wbforney/proj4_ws/install/dynamixel_sdk/share/dynamixel_sdk/cmake/ament_cmake_export_libraries-extras.cmake
[1.195s] -- Up-to-date symlink: /home/wbforney/proj4_ws/install/dynamixel_sdk/share/dynamixel_sdk/cmake/dynamixel_sdkConfig.cmake
[1.196s] -- Up-to-date symlink: /home/wbforney/proj4_ws/install/dynamixel_sdk/share/dynamixel_sdk/cmake/dynamixel_sdkConfig-version.cmake
[1.196s] -- Up-to-date symlink: /home/wbforney/proj4_ws/install/dynamixel_sdk/share/dynamixel_sdk/package.xml
[1.196s] -- Up-to-date: /home/wbforney/proj4_ws/install/dynamixel_sdk/lib/libdynamixel_sdk.so
[1.224s] Listing '/home/wbforney/proj4_ws/install/dynamixel_sdk/lib/python3.12/site-packages/dynamixel_sdk'...
[1.257s] Listing '/home/wbforney/proj4_ws/install/dynamixel_sdk/lib/python3.12/site-packages/dynamixel_easy_sdk'...
[1.265s] -- Up-to-date: /home/wbforney/proj4_ws/install/dynamixel_sdk/share/dynamixel_sdk/cmake/dynamixel_sdkExport.cmake
[1.265s] -- Up-to-date: /home/wbforney/proj4_ws/install/dynamixel_sdk/share/dynamixel_sdk/cmake/dynamixel_sdkExport-noconfig.cmake
[1.281s] Invoked command in '/home/wbforney/proj4_ws/build/dynamixel_sdk' returned '0': CMAKE_PREFIX_PATH=${CMAKE_PREFIX_PATH}:/home/wbforney/proj4_ws/install/turtlebot3_teleop:/home/wbforney/proj4_ws/install/turtlebot3_example:/home/wbforney/proj4_ws/install/kalmanFilters:/opt/ros/jazzy DEBUGINFOD_URLS=https://debuginfod.ubuntu.com /usr/bin/cmake --install /home/wbforney/proj4_ws/build/dynamixel_sdk
