[0.029s] Invoking command in '/home/wbforney/proj4_ws/build/turtlebot3_description': CMAKE_PREFIX_PATH=${CMAKE_PREFIX_PATH}:/home/wbforney/proj4_ws/install/kalmanFilters:/opt/ros/jazzy DEBUGINFOD_URLS=https://debuginfod.ubuntu.com /usr/bin/cmake /home/wbforney/proj4_ws/src/turtlebot3/turtlebot3_description -DCMAKE_INSTALL_PREFIX=/home/wbforney/proj4_ws/install/turtlebot3_description
[0.213s] -- Found ament_cmake: 2.5.5 (/opt/ros/jazzy/share/ament_cmake/cmake)
[0.213s] -- Override CMake install command with custom implementation using symlinks instead of copying resources
[0.216s] -- Found urdf: 2.10.0 (/opt/ros/jazzy/share/urdf/cmake)
[0.231s] -- Found TinyXML2 via Config file: /usr/lib/x86_64-linux-gnu/cmake/tinyxml2
[0.309s] -- Configuring done (0.3s)
[0.312s] -- Generating done (0.0s)
[0.313s] -- Build files have been written to: /home/wbforney/proj4_ws/build/turtlebot3_description
[0.386s] Invoked command in '/home/wbforney/proj4_ws/build/turtlebot3_description' returned '0': CMAKE_PREFIX_PATH=${CMAKE_PREFIX_PATH}:/home/wbforney/proj4_ws/install/kalmanFilters:/opt/ros/jazzy DEBUGINFOD_URLS=https://debuginfod.ubuntu.com /usr/bin/cmake /home/wbforney/proj4_ws/src/turtlebot3/turtlebot3_description -DCMAKE_INSTALL_PREFIX=/home/wbforney/proj4_ws/install/turtlebot3_description
[0.386s] Invoking command in '/home/wbforney/proj4_ws/build/turtlebot3_description': CMAKE_PREFIX_PATH=${CMAKE_PREFIX_PATH}:/home/wbforney/proj4_ws/install/kalmanFilters:/opt/ros/jazzy DEBUGINFOD_URLS=https://debuginfod.ubuntu.com /usr/bin/cmake --build /home/wbforney/proj4_ws/build/turtlebot3_description -- -j16 -l16
[0.426s] Invoked command in '/home/wbforney/proj4_ws/build/turtlebot3_description' returned '0': CMAKE_PREFIX_PATH=${CMAKE_PREFIX_PATH}:/home/wbforney/proj4_ws/install/kalmanFilters:/opt/ros/jazzy DEBUGINFOD_URLS=https://debuginfod.ubuntu.com /usr/bin/cmake --build /home/wbforney/proj4_ws/build/turtlebot3_description -- -j16 -l16
[0.437s] Invoking command in '/home/wbforney/proj4_ws/build/turtlebot3_description': CMAKE_PREFIX_PATH=${CMAKE_PREFIX_PATH}:/home/wbforney/proj4_ws/install/kalmanFilters:/opt/ros/jazzy DEBUGINFOD_URLS=https://debuginfod.ubuntu.com /usr/bin/cmake --install /home/wbforney/proj4_ws/build/turtlebot3_description
[0.445s] -- Install configuration: ""
[0.445s] -- Execute custom install script
[0.446s] -- Up-to-date symlink: /home/wbforney/proj4_ws/install/turtlebot3_description/share/turtlebot3_description/meshes/bases/burger_base.stl
[0.446s] -- Up-to-date symlink: /home/wbforney/proj4_ws/install/turtlebot3_description/share/turtlebot3_description/meshes/bases/waffle_base.stl
[0.446s] -- Up-to-date symlink: /home/wbforney/proj4_ws/install/turtlebot3_description/share/turtlebot3_description/meshes/bases/waffle_pi_base.stl
[0.446s] -- Up-to-date symlink: /home/wbforney/proj4_ws/install/turtlebot3_description/share/turtlebot3_description/meshes/sensors/astra.dae
[0.446s] -- Up-to-date symlink: /home/wbforney/proj4_ws/install/turtlebot3_description/share/turtlebot3_description/meshes/sensors/astra.jpg
[0.446s] -- Up-to-date symlink: /home/wbforney/proj4_ws/install/turtlebot3_description/share/turtlebot3_description/meshes/sensors/lds.stl
[0.446s] -- Up-to-date symlink: /home/wbforney/proj4_ws/install/turtlebot3_description/share/turtlebot3_description/meshes/sensors/r200.dae
[0.446s] -- Up-to-date symlink: /home/wbforney/proj4_ws/install/turtlebot3_description/share/turtlebot3_description/meshes/sensors/r200.jpg
[0.446s] -- Up-to-date symlink: /home/wbforney/proj4_ws/install/turtlebot3_description/share/turtlebot3_description/meshes/wheels/left_tire.stl
[0.446s] -- Up-to-date symlink: /home/wbforney/proj4_ws/install/turtlebot3_description/share/turtlebot3_description/meshes/wheels/right_tire.stl
[0.447s] -- Up-to-date symlink: /home/wbforney/proj4_ws/install/turtlebot3_description/share/turtlebot3_description/rviz/model.rviz
[0.447s] -- Up-to-date symlink: /home/wbforney/proj4_ws/install/turtlebot3_description/share/turtlebot3_description/urdf/common_properties.urdf
[0.447s] -- Up-to-date symlink: /home/wbforney/proj4_ws/install/turtlebot3_description/share/turtlebot3_description/urdf/turtlebot3_burger.urdf
[0.447s] -- Up-to-date symlink: /home/wbforney/proj4_ws/install/turtlebot3_description/share/turtlebot3_description/urdf/turtlebot3_waffle.urdf
[0.448s] -- Up-to-date symlink: /home/wbforney/proj4_ws/install/turtlebot3_description/share/turtlebot3_description/urdf/turtlebot3_waffle_pi.urdf
[0.448s] -- Up-to-date symlink: /home/wbforney/proj4_ws/install/turtlebot3_description/share/ament_index/resource_index/package_run_dependencies/turtlebot3_description
[0.448s] -- Up-to-date symlink: /home/wbforney/proj4_ws/install/turtlebot3_description/share/ament_index/resource_index/parent_prefix_path/turtlebot3_description
[0.448s] -- Up-to-date symlink: /home/wbforney/proj4_ws/install/turtlebot3_description/share/turtlebot3_description/environment/ament_prefix_path.sh
[0.448s] -- Up-to-date symlink: /home/wbforney/proj4_ws/install/turtlebot3_description/share/turtlebot3_description/environment/ament_prefix_path.dsv
[0.448s] -- Up-to-date symlink: /home/wbforney/proj4_ws/install/turtlebot3_description/share/turtlebot3_description/environment/path.sh
[0.449s] -- Up-to-date symlink: /home/wbforney/proj4_ws/install/turtlebot3_description/share/turtlebot3_description/environment/path.dsv
[0.449s] -- Up-to-date symlink: /home/wbforney/proj4_ws/install/turtlebot3_description/share/turtlebot3_description/local_setup.bash
[0.449s] -- Up-to-date symlink: /home/wbforney/proj4_ws/install/turtlebot3_description/share/turtlebot3_description/local_setup.sh
[0.449s] -- Up-to-date symlink: /home/wbforney/proj4_ws/install/turtlebot3_description/share/turtlebot3_description/local_setup.zsh
[0.449s] -- Up-to-date symlink: /home/wbforney/proj4_ws/install/turtlebot3_description/share/turtlebot3_description/local_setup.dsv
[0.449s] -- Up-to-date symlink: /home/wbforney/proj4_ws/install/turtlebot3_description/share/turtlebot3_description/package.dsv
[0.451s] -- Up-to-date symlink: /home/wbforney/proj4_ws/install/turtlebot3_description/share/ament_index/resource_index/packages/turtlebot3_description
[0.451s] -- Up-to-date symlink: /home/wbforney/proj4_ws/install/turtlebot3_description/share/turtlebot3_description/cmake/turtlebot3_descriptionConfig.cmake
[0.451s] -- Up-to-date symlink: /home/wbforney/proj4_ws/install/turtlebot3_description/share/turtlebot3_description/cmake/turtlebot3_descriptionConfig-version.cmake
[0.451s] -- Up-to-date symlink: /home/wbforney/proj4_ws/install/turtlebot3_description/share/turtlebot3_description/package.xml
[0.453s] Invoked command in '/home/wbforney/proj4_ws/build/turtlebot3_description' returned '0': CMAKE_PREFIX_PATH=${CMAKE_PREFIX_PATH}:/home/wbforney/proj4_ws/install/kalmanFilters:/opt/ros/jazzy DEBUGINFOD_URLS=https://debuginfod.ubuntu.com /usr/bin/cmake --install /home/wbforney/proj4_ws/build/turtlebot3_description
